{"meta": {"format": 3, "version": "7.12.0", "timestamp": "2025-11-20T15:46:16.540425", "branch_coverage": false, "show_contexts": false}, "files": {"src\\collectors\\base_collector.py": {"executed_lines": [2, 3, 4, 5, 6, 8, 9, 11, 12, 13, 14, 16, 19, 20, 21, 22, 23, 24, 25, 26, 32, 33, 37, 38, 42, 43, 47, 48, 52, 53, 57, 58, 62, 63, 71, 75, 76, 77, 86, 104, 105, 106, 107, 108, 109, 110, 112, 113, 114, 115, 118, 124, 125, 126, 127, 128, 129, 130, 133, 151, 174], "summary": {"covered_lines": 47, "num_statements": 104, "percent_covered": 45.19230769230769, "percent_covered_display": "45.19", "missing_lines": 57, "excluded_lines": 28, "percent_statements_covered": 45.19230769230769, "percent_statements_covered_display": "45.19"}, "missing_lines": [73, 78, 79, 80, 81, 82, 83, 84, 87, 88, 90, 91, 92, 94, 95, 96, 97, 98, 99, 100, 102, 116, 117, 132, 135, 136, 138, 139, 140, 141, 142, 144, 145, 146, 147, 149, 154, 155, 157, 158, 159, 160, 161, 163, 164, 165, 166, 167, 171, 172, 177, 178, 179, 180, 182, 183, 185], "excluded_lines": [32, 33, 34, 35, 37, 38, 39, 40, 42, 43, 44, 45, 47, 48, 49, 50, 52, 53, 54, 55, 57, 58, 59, 60, 62, 63, 64, 65], "functions": {"BaseCollector.__init__": {"executed_lines": [21, 22, 23, 24, 25, 26], "summary": {"covered_lines": 6, "num_statements": 6, "percent_covered": 100.0, "percent_covered_display": "100.00", "missing_lines": 0, "excluded_lines": 0, "percent_statements_covered": 100.0, "percent_statements_covered_display": "100.00"}, "missing_lines": [], "excluded_lines": []}, "BaseCollector.get_default_cache_filename": {"executed_lines": [], "summary": {"covered_lines": 0, "num_statements": 0, "percent_covered": 100.0, "percent_covered_display": "100.00", "missing_lines": 0, "excluded_lines": 2, "percent_statements_covered": 100.0, "percent_statements_covered_display": "100.00"}, "missing_lines": [], "excluded_lines": [34, 35]}, "BaseCollector.get_data_download_url": {"executed_lines": [], "summary": {"covered_lines": 0, "num_statements": 0, "percent_covered": 100.0, "percent_covered_display": "100.00", "missing_lines": 0, "excluded_lines": 2, "percent_statements_covered": 100.0, "percent_statements_covered_display": "100.00"}, "missing_lines": [], "excluded_lines": [39, 40]}, "BaseCollector.get_source_type": {"executed_lines": [], "summary": {"covered_lines": 0, "num_statements": 0, "percent_covered": 100.0, "percent_covered_display": "100.00", "missing_lines": 0, "excluded_lines": 2, "percent_statements_covered": 100.0, "percent_statements_covered_display": "100.00"}, "missing_lines": [], "excluded_lines": [44, 45]}, "BaseCollector.get_source_reference_url": {"executed_lines": [], "summary": {"covered_lines": 0, "num_statements": 0, "percent_covered": 100.0, "percent_covered_display": "100.00", "missing_lines": 0, "excluded_lines": 2, "percent_statements_covered": 100.0, "percent_statements_covered_display": "100.00"}, "missing_lines": [], "excluded_lines": [49, 50]}, "BaseCollector.get_required_csv_columns": {"executed_lines": [], "summary": {"covered_lines": 0, "num_statements": 0, "percent_covered": 100.0, "percent_covered_display": "100.00", "missing_lines": 0, "excluded_lines": 2, "percent_statements_covered": 100.0, "percent_statements_covered_display": "100.00"}, "missing_lines": [], "excluded_lines": [54, 55]}, "BaseCollector.transform_row_to_exoplanet": {"executed_lines": [], "summary": {"covered_lines": 0, "num_statements": 0, "percent_covered": 100.0, "percent_covered_display": "100.00", "missing_lines": 0, "excluded_lines": 2, "percent_statements_covered": 100.0, "percent_statements_covered_display": "100.00"}, "missing_lines": [], "excluded_lines": [59, 60]}, "BaseCollector.transform_row_to_star": {"executed_lines": [], "summary": {"covered_lines": 0, "num_statements": 0, "percent_covered": 100.0, "percent_covered_display": "100.00", "missing_lines": 0, "excluded_lines": 2, "percent_statements_covered": 100.0, "percent_statements_covered_display": "100.00"}, "missing_lines": [], "excluded_lines": [64, 65]}, "BaseCollector.get_csv_reader_options": {"executed_lines": [], "summary": {"covered_lines": 0, "num_statements": 1, "percent_covered": 0.0, "percent_covered_display": "0.00", "missing_lines": 1, "excluded_lines": 0, "percent_statements_covered": 0.0, "percent_statements_covered_display": "0.00"}, "missing_lines": [73], "excluded_lines": []}, "BaseCollector.read_csv_file": {"executed_lines": [76, 77], "summary": {"covered_lines": 2, "num_statements": 9, "percent_covered": 22.22222222222222, "percent_covered_display": "22.22", "missing_lines": 7, "excluded_lines": 0, "percent_statements_covered": 22.22222222222222, "percent_statements_covered_display": "22.22"}, "missing_lines": [78, 79, 80, 81, 82, 83, 84], "excluded_lines": []}, "BaseCollector.fetch_and_cache_csv_data": {"executed_lines": [], "summary": {"covered_lines": 0, "num_statements": 13, "percent_covered": 0.0, "percent_covered_display": "0.00", "missing_lines": 13, "excluded_lines": 0, "percent_statements_covered": 0.0, "percent_statements_covered_display": "0.00"}, "missing_lines": [87, 88, 90, 91, 92, 94, 95, 96, 97, 98, 99, 100, 102], "excluded_lines": []}, "BaseCollector.convert_to_float_if_possible": {"executed_lines": [105, 106, 107, 108, 109, 110], "summary": {"covered_lines": 6, "num_statements": 6, "percent_covered": 100.0, "percent_covered_display": "100.00", "missing_lines": 0, "excluded_lines": 0, "percent_statements_covered": 100.0, "percent_statements_covered_display": "100.00"}, "missing_lines": [], "excluded_lines": []}, "BaseCollector.validate_required_columns": {"executed_lines": [113, 114, 115, 118], "summary": {"covered_lines": 4, "num_statements": 6, "percent_covered": 66.66666666666667, "percent_covered_display": "66.67", "missing_lines": 2, "excluded_lines": 0, "percent_statements_covered": 66.66666666666667, "percent_statements_covered_display": "66.67"}, "missing_lines": [116, 117], "excluded_lines": []}, "BaseCollector.load_source_dataframe": {"executed_lines": [125, 126, 127, 128, 129, 130, 133], "summary": {"covered_lines": 7, "num_statements": 20, "percent_covered": 35.0, "percent_covered_display": "35.00", "missing_lines": 13, "excluded_lines": 0, "percent_statements_covered": 35.0, "percent_statements_covered_display": "35.00"}, "missing_lines": [132, 135, 136, 138, 139, 140, 141, 142, 144, 145, 146, 147, 149], "excluded_lines": []}, "BaseCollector.extract_entities_from_dataframe": {"executed_lines": [], "summary": {"covered_lines": 0, "num_statements": 14, "percent_covered": 0.0, "percent_covered_display": "0.00", "missing_lines": 14, "excluded_lines": 0, "percent_statements_covered": 0.0, "percent_statements_covered_display": "0.00"}, "missing_lines": [154, 155, 157, 158, 159, 160, 161, 163, 164, 165, 166, 167, 171, 172], "excluded_lines": []}, "BaseCollector.collect_entities_from_source": {"executed_lines": [], "summary": {"covered_lines": 0, "num_statements": 7, "percent_covered": 0.0, "percent_covered_display": "0.00", "missing_lines": 7, "excluded_lines": 0, "percent_statements_covered": 0.0, "percent_statements_covered_display": "0.00"}, "missing_lines": [177, 178, 179, 180, 182, 183, 185], "excluded_lines": []}, "": {"executed_lines": [2, 3, 4, 5, 6, 8, 9, 11, 12, 13, 14, 16, 19, 20, 32, 33, 37, 38, 42, 43, 47, 48, 52, 53, 57, 58, 62, 63, 71, 75, 86, 104, 112, 124, 151, 174], "summary": {"covered_lines": 22, "num_statements": 22, "percent_covered": 100.0, "percent_covered_display": "100.00", "missing_lines": 0, "excluded_lines": 14, "percent_statements_covered": 100.0, "percent_statements_covered_display": "100.00"}, "missing_lines": [], "excluded_lines": [32, 33, 37, 38, 42, 43, 47, 48, 52, 53, 57, 58, 62, 63]}}, "classes": {"BaseCollector": {"executed_lines": [21, 22, 23, 24, 25, 26, 76, 77, 105, 106, 107, 108, 109, 110, 113, 114, 115, 118, 125, 126, 127, 128, 129, 130, 133], "summary": {"covered_lines": 25, "num_statements": 82, "percent_covered": 30.48780487804878, "percent_covered_display": "30.49", "missing_lines": 57, "excluded_lines": 14, "percent_statements_covered": 30.48780487804878, "percent_statements_covered_display": "30.49"}, "missing_lines": [73, 78, 79, 80, 81, 82, 83, 84, 87, 88, 90, 91, 92, 94, 95, 96, 97, 98, 99, 100, 102, 116, 117, 132, 135, 136, 138, 139, 140, 141, 142, 144, 145, 146, 147, 149, 154, 155, 157, 158, 159, 160, 161, 163, 164, 165, 166, 167, 171, 172, 177, 178, 179, 180, 182, 183, 185], "excluded_lines": [34, 35, 39, 40, 44, 45, 49, 50, 54, 55, 59, 60, 64, 65]}, "": {"executed_lines": [2, 3, 4, 5, 6, 8, 9, 11, 12, 13, 14, 16, 19, 20, 32, 33, 37, 38, 42, 43, 47, 48, 52, 53, 57, 58, 62, 63, 71, 75, 86, 104, 112, 124, 151, 174], "summary": {"covered_lines": 22, "num_statements": 22, "percent_covered": 100.0, "percent_covered_display": "100.00", "missing_lines": 0, "excluded_lines": 14, "percent_statements_covered": 100.0, "percent_statements_covered_display": "100.00"}, "missing_lines": [], "excluded_lines": [32, 33, 37, 38, 42, 43, 47, 48, 52, 53, 57, 58, 62, 63]}}}, "src\\collectors\\implementations\\exoplanet_eu.py": {"executed_lines": [2, 3, 5, 7, 8, 9, 10, 12, 15, 16, 17, 19, 20, 22, 23, 25, 26, 28, 29, 31, 32, 34, 35, 37, 38, 39, 40, 43, 46, 117, 118, 122, 124, 134], "summary": {"covered_lines": 34, "num_statements": 58, "percent_covered": 58.62068965517241, "percent_covered_display": "58.62", "missing_lines": 24, "excluded_lines": 0, "percent_statements_covered": 58.62068965517241, "percent_statements_covered_display": "58.62"}, "missing_lines": [52, 59, 67, 68, 69, 72, 77, 78, 79, 82, 90, 91, 92, 98, 99, 100, 106, 108, 109, 110, 111, 112, 113, 115], "excluded_lines": [], "functions": {"ExoplanetEU.__init__": {"executed_lines": [17], "summary": {"covered_lines": 1, "num_statements": 1, "percent_covered": 100.0, "percent_covered_display": "100.00", "missing_lines": 0, "excluded_lines": 0, "percent_statements_covered": 100.0, "percent_statements_covered_display": "100.00"}, "missing_lines": [], "excluded_lines": []}, "ExoplanetEU.get_default_cache_filename": {"executed_lines": [20], "summary": {"covered_lines": 1, "num_statements": 1, "percent_covered": 100.0, "percent_covered_display": "100.00", "missing_lines": 0, "excluded_lines": 0, "percent_statements_covered": 100.0, "percent_statements_covered_display": "100.00"}, "missing_lines": [], "excluded_lines": []}, "ExoplanetEU.get_data_download_url": {"executed_lines": [23], "summary": {"covered_lines": 1, "num_statements": 1, "percent_covered": 100.0, "percent_covered_display": "100.00", "missing_lines": 0, "excluded_lines": 0, "percent_statements_covered": 100.0, "percent_statements_covered_display": "100.00"}, "missing_lines": [], "excluded_lines": []}, "ExoplanetEU.get_source_type": {"executed_lines": [26], "summary": {"covered_lines": 1, "num_statements": 1, "percent_covered": 100.0, "percent_covered_display": "100.00", "missing_lines": 0, "excluded_lines": 0, "percent_statements_covered": 100.0, "percent_statements_covered_display": "100.00"}, "missing_lines": [], "excluded_lines": []}, "ExoplanetEU.get_source_reference_url": {"executed_lines": [29], "summary": {"covered_lines": 1, "num_statements": 1, "percent_covered": 100.0, "percent_covered_display": "100.00", "missing_lines": 0, "excluded_lines": 0, "percent_statements_covered": 100.0, "percent_statements_covered_display": "100.00"}, "missing_lines": [], "excluded_lines": []}, "ExoplanetEU.get_required_csv_columns": {"executed_lines": [32], "summary": {"covered_lines": 1, "num_statements": 1, "percent_covered": 100.0, "percent_covered_display": "100.00", "missing_lines": 0, "excluded_lines": 0, "percent_statements_covered": 100.0, "percent_statements_covered_display": "100.00"}, "missing_lines": [], "excluded_lines": []}, "ExoplanetEU.get_csv_reader_options": {"executed_lines": [35], "summary": {"covered_lines": 1, "num_statements": 1, "percent_covered": 100.0, "percent_covered_display": "100.00", "missing_lines": 0, "excluded_lines": 0, "percent_statements_covered": 100.0, "percent_statements_covered_display": "100.00"}, "missing_lines": [], "excluded_lines": []}, "ExoplanetEU.transform_row_to_exoplanet": {"executed_lines": [38, 39, 40, 43, 46, 117, 118, 122], "summary": {"covered_lines": 8, "num_statements": 32, "percent_covered": 25.0, "percent_covered_display": "25.00", "missing_lines": 24, "excluded_lines": 0, "percent_statements_covered": 25.0, "percent_statements_covered_display": "25.00"}, "missing_lines": [52, 59, 67, 68, 69, 72, 77, 78, 79, 82, 90, 91, 92, 98, 99, 100, 106, 108, 109, 110, 111, 112, 113, 115], "excluded_lines": []}, "ExoplanetEU.transform_row_to_star": {"executed_lines": [134], "summary": {"covered_lines": 1, "num_statements": 1, "percent_covered": 100.0, "percent_covered_display": "100.00", "missing_lines": 0, "excluded_lines": 0, "percent_statements_covered": 100.0, "percent_statements_covered_display": "100.00"}, "missing_lines": [], "excluded_lines": []}, "": {"executed_lines": [2, 3, 5, 7, 8, 9, 10, 12, 15, 16, 19, 22, 25, 28, 31, 34, 37, 124], "summary": {"covered_lines": 18, "num_statements": 18, "percent_covered": 100.0, "percent_covered_display": "100.00", "missing_lines": 0, "excluded_lines": 0, "percent_statements_covered": 100.0, "percent_statements_covered_display": "100.00"}, "missing_lines": [], "excluded_lines": []}}, "classes": {"ExoplanetEU": {"executed_lines": [17, 20, 23, 26, 29, 32, 35, 38, 39, 40, 43, 46, 117, 118, 122, 134], "summary": {"covered_lines": 16, "num_statements": 40, "percent_covered": 40.0, "percent_covered_display": "40.00", "missing_lines": 24, "excluded_lines": 0, "percent_statements_covered": 40.0, "percent_statements_covered_display": "40.00"}, "missing_lines": [52, 59, 67, 68, 69, 72, 77, 78, 79, 82, 90, 91, 92, 98, 99, 100, 106, 108, 109, 110, 111, 112, 113, 115], "excluded_lines": []}, "": {"executed_lines": [2, 3, 5, 7, 8, 9, 10, 12, 15, 16, 19, 22, 25, 28, 31, 34, 37, 124], "summary": {"covered_lines": 18, "num_statements": 18, "percent_covered": 100.0, "percent_covered_display": "100.00", "missing_lines": 0, "excluded_lines": 0, "percent_statements_covered": 100.0, "percent_statements_covered_display": "100.00"}, "missing_lines": [], "excluded_lines": []}}}, "src\\collectors\\implementations\\nasa_exoplanet_archive.py": {"executed_lines": [2, 3, 5, 7, 8, 9, 10, 11, 12, 14, 15, 18, 19, 20, 24, 30, 32, 33, 35, 36, 37, 38, 39, 41, 42, 44, 45, 47, 48, 50, 51, 53, 56, 58, 82], "summary": {"covered_lines": 35, "num_statements": 55, "percent_covered": 63.63636363636363, "percent_covered_display": "63.64", "missing_lines": 20, "excluded_lines": 0, "percent_statements_covered": 63.63636363636363, "percent_statements_covered_display": "63.64"}, "missing_lines": [63, 64, 66, 67, 70, 73, 74, 75, 76, 80, 87, 88, 90, 91, 94, 97, 98, 99, 100, 104], "excluded_lines": [], "functions": {"NasaExoplanetArchiveCollector.__init__": {"executed_lines": [30, 32, 33], "summary": {"covered_lines": 3, "num_statements": 3, "percent_covered": 100.0, "percent_covered_display": "100.00", "missing_lines": 0, "excluded_lines": 0, "percent_statements_covered": 100.0, "percent_statements_covered_display": "100.00"}, "missing_lines": [], "excluded_lines": []}, "NasaExoplanetArchiveCollector.get_default_cache_filename": {"executed_lines": [36, 37, 38, 39], "summary": {"covered_lines": 4, "num_statements": 4, "percent_covered": 100.0, "percent_covered_display": "100.00", "missing_lines": 0, "excluded_lines": 0, "percent_statements_covered": 100.0, "percent_statements_covered_display": "100.00"}, "missing_lines": [], "excluded_lines": []}, "NasaExoplanetArchiveCollector.get_data_download_url": {"executed_lines": [42], "summary": {"covered_lines": 1, "num_statements": 1, "percent_covered": 100.0, "percent_covered_display": "100.00", "missing_lines": 0, "excluded_lines": 0, "percent_statements_covered": 100.0, "percent_statements_covered_display": "100.00"}, "missing_lines": [], "excluded_lines": []}, "NasaExoplanetArchiveCollector.get_source_type": {"executed_lines": [45], "summary": {"covered_lines": 1, "num_statements": 1, "percent_covered": 100.0, "percent_covered_display": "100.00", "missing_lines": 0, "excluded_lines": 0, "percent_statements_covered": 100.0, "percent_statements_covered_display": "100.00"}, "missing_lines": [], "excluded_lines": []}, "NasaExoplanetArchiveCollector.get_source_reference_url": {"executed_lines": [48], "summary": {"covered_lines": 1, "num_statements": 1, "percent_covered": 100.0, "percent_covered_display": "100.00", "missing_lines": 0, "excluded_lines": 0, "percent_statements_covered": 100.0, "percent_statements_covered_display": "100.00"}, "missing_lines": [], "excluded_lines": []}, "NasaExoplanetArchiveCollector.get_required_csv_columns": {"executed_lines": [51], "summary": {"covered_lines": 1, "num_statements": 1, "percent_covered": 100.0, "percent_covered_display": "100.00", "missing_lines": 0, "excluded_lines": 0, "percent_statements_covered": 100.0, "percent_statements_covered_display": "100.00"}, "missing_lines": [], "excluded_lines": []}, "NasaExoplanetArchiveCollector.get_csv_reader_options": {"executed_lines": [56], "summary": {"covered_lines": 1, "num_statements": 1, "percent_covered": 100.0, "percent_covered_display": "100.00", "missing_lines": 0, "excluded_lines": 0, "percent_statements_covered": 100.0, "percent_statements_covered_display": "100.00"}, "missing_lines": [], "excluded_lines": []}, "NasaExoplanetArchiveCollector.transform_row_to_exoplanet": {"executed_lines": [], "summary": {"covered_lines": 0, "num_statements": 10, "percent_covered": 0.0, "percent_covered_display": "0.00", "missing_lines": 10, "excluded_lines": 0, "percent_statements_covered": 0.0, "percent_statements_covered_display": "0.00"}, "missing_lines": [63, 64, 66, 67, 70, 73, 74, 75, 76, 80], "excluded_lines": []}, "NasaExoplanetArchiveCollector.transform_row_to_star": {"executed_lines": [], "summary": {"covered_lines": 0, "num_statements": 10, "percent_covered": 0.0, "percent_covered_display": "0.00", "missing_lines": 10, "excluded_lines": 0, "percent_statements_covered": 0.0, "percent_statements_covered_display": "0.00"}, "missing_lines": [87, 88, 90, 91, 94, 97, 98, 99, 100, 104], "excluded_lines": []}, "": {"executed_lines": [2, 3, 5, 7, 8, 9, 10, 11, 12, 14, 15, 18, 19, 20, 24, 35, 41, 44, 47, 50, 53, 58, 82], "summary": {"covered_lines": 23, "num_statements": 23, "percent_covered": 100.0, "percent_covered_display": "100.00", "missing_lines": 0, "excluded_lines": 0, "percent_statements_covered": 100.0, "percent_statements_covered_display": "100.00"}, "missing_lines": [], "excluded_lines": []}}, "classes": {"NasaExoplanetArchiveCollector": {"executed_lines": [30, 32, 33, 36, 37, 38, 39, 42, 45, 48, 51, 56], "summary": {"covered_lines": 12, "num_statements": 32, "percent_covered": 37.5, "percent_covered_display": "37.50", "missing_lines": 20, "excluded_lines": 0, "percent_statements_covered": 37.5, "percent_statements_covered_display": "37.50"}, "missing_lines": [63, 64, 66, 67, 70, 73, 74, 75, 76, 80, 87, 88, 90, 91, 94, 97, 98, 99, 100, 104], "excluded_lines": []}, "": {"executed_lines": [2, 3, 5, 7, 8, 9, 10, 11, 12, 14, 15, 18, 19, 20, 24, 35, 41, 44, 47, 50, 53, 58, 82], "summary": {"covered_lines": 23, "num_statements": 23, "percent_covered": 100.0, "percent_covered_display": "100.00", "missing_lines": 0, "excluded_lines": 0, "percent_statements_covered": 100.0, "percent_statements_covered_display": "100.00"}, "missing_lines": [], "excluded_lines": []}}}, "src\\collectors\\implementations\\open_exoplanet_catalogue.py": {"executed_lines": [2, 4, 6, 7, 8, 9, 11, 14, 15, 16, 18, 19, 21, 22, 24, 25, 27, 28, 30, 32, 36, 123, 133], "summary": {"covered_lines": 23, "num_statements": 55, "percent_covered": 41.81818181818182, "percent_covered_display": "41.82", "missing_lines": 32, "excluded_lines": 0, "percent_statements_covered": 41.81818181818182, "percent_statements_covered_display": "41.82"}, "missing_lines": [37, 38, 39, 42, 45, 51, 58, 66, 67, 68, 71, 76, 77, 78, 81, 89, 90, 91, 97, 98, 99, 105, 107, 108, 109, 110, 111, 112, 114, 116, 117, 121], "excluded_lines": [], "functions": {"OpenExoplanetCatalogueCollector.__init__": {"executed_lines": [16], "summary": {"covered_lines": 1, "num_statements": 1, "percent_covered": 100.0, "percent_covered_display": "100.00", "missing_lines": 0, "excluded_lines": 0, "percent_statements_covered": 100.0, "percent_statements_covered_display": "100.00"}, "missing_lines": [], "excluded_lines": []}, "OpenExoplanetCatalogueCollector.get_default_cache_filename": {"executed_lines": [19], "summary": {"covered_lines": 1, "num_statements": 1, "percent_covered": 100.0, "percent_covered_display": "100.00", "missing_lines": 0, "excluded_lines": 0, "percent_statements_covered": 100.0, "percent_statements_covered_display": "100.00"}, "missing_lines": [], "excluded_lines": []}, "OpenExoplanetCatalogueCollector.get_data_download_url": {"executed_lines": [22], "summary": {"covered_lines": 1, "num_statements": 1, "percent_covered": 100.0, "percent_covered_display": "100.00", "missing_lines": 0, "excluded_lines": 0, "percent_statements_covered": 100.0, "percent_statements_covered_display": "100.00"}, "missing_lines": [], "excluded_lines": []}, "OpenExoplanetCatalogueCollector.get_source_type": {"executed_lines": [25], "summary": {"covered_lines": 1, "num_statements": 1, "percent_covered": 100.0, "percent_covered_display": "100.00", "missing_lines": 0, "excluded_lines": 0, "percent_statements_covered": 100.0, "percent_statements_covered_display": "100.00"}, "missing_lines": [], "excluded_lines": []}, "OpenExoplanetCatalogueCollector.get_source_reference_url": {"executed_lines": [28], "summary": {"covered_lines": 1, "num_statements": 1, "percent_covered": 100.0, "percent_covered_display": "100.00", "missing_lines": 0, "excluded_lines": 0, "percent_statements_covered": 100.0, "percent_statements_covered_display": "100.00"}, "missing_lines": [], "excluded_lines": []}, "OpenExoplanetCatalogueCollector.get_required_csv_columns": {"executed_lines": [32], "summary": {"covered_lines": 1, "num_statements": 1, "percent_covered": 100.0, "percent_covered_display": "100.00", "missing_lines": 0, "excluded_lines": 0, "percent_statements_covered": 100.0, "percent_statements_covered_display": "100.00"}, "missing_lines": [], "excluded_lines": []}, "OpenExoplanetCatalogueCollector.transform_row_to_exoplanet": {"executed_lines": [], "summary": {"covered_lines": 0, "num_statements": 32, "percent_covered": 0.0, "percent_covered_display": "0.00", "missing_lines": 32, "excluded_lines": 0, "percent_statements_covered": 0.0, "percent_statements_covered_display": "0.00"}, "missing_lines": [37, 38, 39, 42, 45, 51, 58, 66, 67, 68, 71, 76, 77, 78, 81, 89, 90, 91, 97, 98, 99, 105, 107, 108, 109, 110, 111, 112, 114, 116, 117, 121], "excluded_lines": []}, "OpenExoplanetCatalogueCollector.transform_row_to_star": {"executed_lines": [133], "summary": {"covered_lines": 1, "num_statements": 1, "percent_covered": 100.0, "percent_covered_display": "100.00", "missing_lines": 0, "excluded_lines": 0, "percent_statements_covered": 100.0, "percent_statements_covered_display": "100.00"}, "missing_lines": [], "excluded_lines": []}, "": {"executed_lines": [2, 4, 6, 7, 8, 9, 11, 14, 15, 18, 21, 24, 27, 30, 36, 123], "summary": {"covered_lines": 16, "num_statements": 16, "percent_covered": 100.0, "percent_covered_display": "100.00", "missing_lines": 0, "excluded_lines": 0, "percent_statements_covered": 100.0, "percent_statements_covered_display": "100.00"}, "missing_lines": [], "excluded_lines": []}}, "classes": {"OpenExoplanetCatalogueCollector": {"executed_lines": [16, 19, 22, 25, 28, 32, 133], "summary": {"covered_lines": 7, "num_statements": 39, "percent_covered": 17.94871794871795, "percent_covered_display": "17.95", "missing_lines": 32, "excluded_lines": 0, "percent_statements_covered": 17.94871794871795, "percent_statements_covered_display": "17.95"}, "missing_lines": [37, 38, 39, 42, 45, 51, 58, 66, 67, 68, 71, 76, 77, 78, 81, 89, 90, 91, 97, 98, 99, 105, 107, 108, 109, 110, 111, 112, 114, 116, 117, 121], "excluded_lines": []}, "": {"executed_lines": [2, 4, 6, 7, 8, 9, 11, 14, 15, 18, 21, 24, 27, 30, 36, 123], "summary": {"covered_lines": 16, "num_statements": 16, "percent_covered": 100.0, "percent_covered_display": "100.00", "missing_lines": 0, "excluded_lines": 0, "percent_statements_covered": 100.0, "percent_statements_covered_display": "100.00"}, "missing_lines": [], "excluded_lines": []}}}, "src\\constants\\wikipedia_field_config.py": {"executed_lines": [3, 43, 86, 102, 121, 163, 238, 330, 421], "summary": {"covered_lines": 9, "num_statements": 9, "percent_covered": 100.0, "percent_covered_display": "100.00", "missing_lines": 0, "excluded_lines": 0, "percent_statements_covered": 100.0, "percent_statements_covered_display": "100.00"}, "missing_lines": [], "excluded_lines": [], "functions": {"": {"executed_lines": [3, 43, 86, 102, 121, 163, 238, 330, 421], "summary": {"covered_lines": 9, "num_statements": 9, "percent_covered": 100.0, "percent_covered_display": "100.00", "missing_lines": 0, "excluded_lines": 0, "percent_statements_covered": 100.0, "percent_statements_covered_display": "100.00"}, "missing_lines": [], "excluded_lines": []}}, "classes": {"": {"executed_lines": [3, 43, 86, 102, 121, 163, 238, 330, 421], "summary": {"covered_lines": 9, "num_statements": 9, "percent_covered": 100.0, "percent_covered_display": "100.00", "missing_lines": 0, "excluded_lines": 0, "percent_statements_covered": 100.0, "percent_statements_covered_display": "100.00"}, "missing_lines": [], "excluded_lines": []}}}, "src\\core\\config.py": {"executed_lines": [2, 5, 8, 11, 12, 13, 14, 17, 22, 29], "summary": {"covered_lines": 10, "num_statements": 10, "percent_covered": 100.0, "percent_covered_display": "100.00", "missing_lines": 0, "excluded_lines": 0, "percent_statements_covered": 100.0, "percent_statements_covered_display": "100.00"}, "missing_lines": [], "excluded_lines": [], "functions": {"": {"executed_lines": [2, 5, 8, 11, 12, 13, 14, 17, 22, 29], "summary": {"covered_lines": 10, "num_statements": 10, "percent_covered": 100.0, "percent_covered_display": "100.00", "missing_lines": 0, "excluded_lines": 0, "percent_statements_covered": 100.0, "percent_statements_covered_display": "100.00"}, "missing_lines": [], "excluded_lines": []}}, "classes": {"": {"executed_lines": [2, 5, 8, 11, 12, 13, 14, 17, 22, 29], "summary": {"covered_lines": 10, "num_statements": 10, "percent_covered": 100.0, "percent_covered_display": "100.00", "missing_lines": 0, "excluded_lines": 0, "percent_statements_covered": 100.0, "percent_statements_covered_display": "100.00"}, "missing_lines": [], "excluded_lines": []}}}, "src\\generators\\articles\\exoplanet\\__init__.py": {"executed_lines": [0], "summary": {"covered_lines": 0, "num_statements": 0, "percent_covered": 100.0, "percent_covered_display": "100.00", "missing_lines": 0, "excluded_lines": 0, "percent_statements_covered": 100.0, "percent_statements_covered_display": "100.00"}, "missing_lines": [], "excluded_lines": [], "functions": {"": {"executed_lines": [], "summary": {"covered_lines": 0, "num_statements": 0, "percent_covered": 100.0, "percent_covered_display": "100.00", "missing_lines": 0, "excluded_lines": 0, "percent_statements_covered": 100.0, "percent_statements_covered_display": "100.00"}, "missing_lines": [], "excluded_lines": []}}, "classes": {"": {"executed_lines": [], "summary": {"covered_lines": 0, "num_statements": 0, "percent_covered": 100.0, "percent_covered_display": "100.00", "missing_lines": 0, "excluded_lines": 0, "percent_statements_covered": 100.0, "percent_statements_covered_display": "100.00"}, "missing_lines": [], "excluded_lines": []}}}, "src\\generators\\articles\\exoplanet\\exoplanet_article_generator.py": {"executed_lines": [3, 4, 6, 9, 12, 15, 18, 21, 22, 23, 26, 27, 28, 31, 32, 36, 37, 38, 42, 43, 44, 45, 47, 49, 50, 51, 52, 53, 54, 58, 60, 64, 75, 76, 78, 82, 85, 86, 87, 89], "summary": {"covered_lines": 39, "num_statements": 42, "percent_covered": 92.85714285714286, "percent_covered_display": "92.86", "missing_lines": 3, "excluded_lines": 0, "percent_statements_covered": 92.85714285714286, "percent_statements_covered_display": "92.86"}, "missing_lines": [39, 40, 83], "excluded_lines": [], "functions": {"ExoplanetWikipediaArticleGenerator.__init__": {"executed_lines": [37, 38, 42, 43, 44, 45, 47, 49, 50, 51, 52, 53, 54, 58], "summary": {"covered_lines": 14, "num_statements": 16, "percent_covered": 87.5, "percent_covered_display": "87.50", "missing_lines": 2, "excluded_lines": 0, "percent_statements_covered": 87.5, "percent_statements_covered_display": "87.50"}, "missing_lines": [39, 40], "excluded_lines": []}, "ExoplanetWikipediaArticleGenerator.compose_wikipedia_article_content": {"executed_lines": [64, 75, 76], "summary": {"covered_lines": 3, "num_statements": 3, "percent_covered": 100.0, "percent_covered_display": "100.00", "missing_lines": 0, "excluded_lines": 0, "percent_statements_covered": 100.0, "percent_statements_covered_display": "100.00"}, "missing_lines": [], "excluded_lines": []}, "ExoplanetWikipediaArticleGenerator.replace_first_reference_with_full": {"executed_lines": [82, 85, 86, 87, 89], "summary": {"covered_lines": 5, "num_statements": 6, "percent_covered": 83.33333333333333, "percent_covered_display": "83.33", "missing_lines": 1, "excluded_lines": 0, "percent_statements_covered": 83.33333333333333, "percent_statements_covered_display": "83.33"}, "missing_lines": [83], "excluded_lines": []}, "": {"executed_lines": [3, 4, 6, 9, 12, 15, 18, 21, 22, 23, 26, 27, 28, 31, 32, 36, 60, 78], "summary": {"covered_lines": 17, "num_statements": 17, "percent_covered": 100.0, "percent_covered_display": "100.00", "missing_lines": 0, "excluded_lines": 0, "percent_statements_covered": 100.0, "percent_statements_covered_display": "100.00"}, "missing_lines": [], "excluded_lines": []}}, "classes": {"ExoplanetWikipediaArticleGenerator": {"executed_lines": [37, 38, 42, 43, 44, 45, 47, 49, 50, 51, 52, 53, 54, 58, 64, 75, 76, 82, 85, 86, 87, 89], "summary": {"covered_lines": 22, "num_statements": 25, "percent_covered": 88.0, "percent_covered_display": "88.00", "missing_lines": 3, "excluded_lines": 0, "percent_statements_covered": 88.0, "percent_statements_covered_display": "88.00"}, "missing_lines": [39, 40, 83], "excluded_lines": []}, "": {"executed_lines": [3, 4, 6, 9, 12, 15, 18, 21, 22, 23, 26, 27, 28, 31, 32, 36, 60, 78], "summary": {"covered_lines": 17, "num_statements": 17, "percent_covered": 100.0, "percent_covered_display": "100.00", "missing_lines": 0, "excluded_lines": 0, "percent_statements_covered": 100.0, "percent_statements_covered_display": "100.00"}, "missing_lines": [], "excluded_lines": []}}}, "src\\generators\\articles\\exoplanet\\parts\\__init__.py": {"executed_lines": [0], "summary": {"covered_lines": 0, "num_statements": 0, "percent_covered": 100.0, "percent_covered_display": "100.00", "missing_lines": 0, "excluded_lines": 0, "percent_statements_covered": 100.0, "percent_statements_covered_display": "100.00"}, "missing_lines": [], "excluded_lines": [], "functions": {"": {"executed_lines": [], "summary": {"covered_lines": 0, "num_statements": 0, "percent_covered": 100.0, "percent_covered_display": "100.00", "missing_lines": 0, "excluded_lines": 0, "percent_statements_covered": 100.0, "percent_statements_covered_display": "100.00"}, "missing_lines": [], "excluded_lines": []}}, "classes": {"": {"executed_lines": [], "summary": {"covered_lines": 0, "num_statements": 0, "percent_covered": 100.0, "percent_covered_display": "100.00", "missing_lines": 0, "excluded_lines": 0, "percent_statements_covered": 100.0, "percent_statements_covered_display": "100.00"}, "missing_lines": [], "excluded_lines": []}}}, "src\\generators\\articles\\exoplanet\\parts\\exoplanet_category_generator.py": {"executed_lines": [2, 3, 5, 6, 7, 10, 11, 16, 17, 18, 22, 23, 25, 26, 34, 38, 39, 40, 41, 46, 58, 60, 65, 69, 75, 77, 78, 80, 81, 82, 83, 85, 90, 91, 94, 98], "summary": {"covered_lines": 35, "num_statements": 42, "percent_covered": 83.33333333333333, "percent_covered_display": "83.33", "missing_lines": 7, "excluded_lines": 0, "percent_statements_covered": 83.33333333333333, "percent_statements_covered_display": "83.33"}, "missing_lines": [47, 48, 49, 52, 53, 54, 57], "excluded_lines": [], "functions": {"ExoplanetCategoryGenerator.__init__": {"executed_lines": [17, 18], "summary": {"covered_lines": 2, "num_statements": 2, "percent_covered": 100.0, "percent_covered_display": "100.00", "missing_lines": 0, "excluded_lines": 0, "percent_statements_covered": 100.0, "percent_statements_covered_display": "100.00"}, "missing_lines": [], "excluded_lines": []}, "ExoplanetCategoryGenerator.retrieve_object_type": {"executed_lines": [23], "summary": {"covered_lines": 1, "num_statements": 1, "percent_covered": 100.0, "percent_covered_display": "100.00", "missing_lines": 0, "excluded_lines": 0, "percent_statements_covered": 100.0, "percent_statements_covered_display": "100.00"}, "missing_lines": [], "excluded_lines": []}, "ExoplanetCategoryGenerator.define_category_rules": {"executed_lines": [26], "summary": {"covered_lines": 1, "num_statements": 1, "percent_covered": 100.0, "percent_covered_display": "100.00", "missing_lines": 0, "excluded_lines": 0, "percent_statements_covered": 100.0, "percent_statements_covered_display": "100.00"}, "missing_lines": [], "excluded_lines": []}, "ExoplanetCategoryGenerator.map_planet_type_to_category": {"executed_lines": [38, 39, 40, 41, 46, 58], "summary": {"covered_lines": 6, "num_statements": 13, "percent_covered": 46.15384615384615, "percent_covered_display": "46.15", "missing_lines": 7, "excluded_lines": 0, "percent_statements_covered": 46.15384615384615, "percent_statements_covered_display": "46.15"}, "missing_lines": [47, 48, 49, 52, 53, 54, 57], "excluded_lines": []}, "ExoplanetCategoryGenerator.map_discovery_program_to_category": {"executed_lines": [65, 69, 75, 77, 78, 80, 81, 82, 83], "summary": {"covered_lines": 9, "num_statements": 9, "percent_covered": 100.0, "percent_covered_display": "100.00", "missing_lines": 0, "excluded_lines": 0, "percent_statements_covered": 100.0, "percent_statements_covered_display": "100.00"}, "missing_lines": [], "excluded_lines": []}, "ExoplanetCategoryGenerator.map_constellation_to_category": {"executed_lines": [90, 91, 94, 98], "summary": {"covered_lines": 4, "num_statements": 4, "percent_covered": 100.0, "percent_covered_display": "100.00", "missing_lines": 0, "excluded_lines": 0, "percent_statements_covered": 100.0, "percent_statements_covered_display": "100.00"}, "missing_lines": [], "excluded_lines": []}, "": {"executed_lines": [2, 3, 5, 6, 7, 10, 11, 16, 22, 25, 34, 60, 85], "summary": {"covered_lines": 12, "num_statements": 12, "percent_covered": 100.0, "percent_covered_display": "100.00", "missing_lines": 0, "excluded_lines": 0, "percent_statements_covered": 100.0, "percent_statements_covered_display": "100.00"}, "missing_lines": [], "excluded_lines": []}}, "classes": {"ExoplanetCategoryGenerator": {"executed_lines": [17, 18, 23, 26, 38, 39, 40, 41, 46, 58, 65, 69, 75, 77, 78, 80, 81, 82, 83, 90, 91, 94, 98], "summary": {"covered_lines": 23, "num_statements": 30, "percent_covered": 76.66666666666667, "percent_covered_display": "76.67", "missing_lines": 7, "excluded_lines": 0, "percent_statements_covered": 76.66666666666667, "percent_statements_covered_display": "76.67"}, "missing_lines": [47, 48, 49, 52, 53, 54, 57], "excluded_lines": []}, "": {"executed_lines": [2, 3, 5, 6, 7, 10, 11, 16, 22, 25, 34, 60, 85], "summary": {"covered_lines": 12, "num_statements": 12, "percent_covered": 100.0, "percent_covered_display": "100.00", "missing_lines": 0, "excluded_lines": 0, "percent_statements_covered": 100.0, "percent_statements_covered_display": "100.00"}, "missing_lines": [], "excluded_lines": []}}}, "src\\generators\\articles\\exoplanet\\parts\\exoplanet_content_generator.py": {"executed_lines": [6, 8, 9, 15, 16, 24, 25, 30, 34, 42, 49, 51, 59, 61, 63, 64, 67, 68, 72, 73, 76, 77, 79, 80, 83, 84, 86, 87, 90, 91, 95, 97, 99, 100, 102, 105, 120, 125, 128, 129, 132, 135, 137, 138, 140, 142, 144, 147, 148, 149, 150, 152, 153, 155, 156, 157, 159, 160, 162, 165, 167, 168, 169, 172, 181, 182, 183, 184, 185, 187, 188, 192, 193, 194, 197, 205, 206, 207, 208, 209, 211, 212, 215, 217, 223, 224, 227, 228, 232, 233, 235, 236, 238, 239, 241, 242, 243, 245, 247, 249], "summary": {"covered_lines": 99, "num_statements": 113, "percent_covered": 87.61061946902655, "percent_covered_display": "87.61", "missing_lines": 14, "excluded_lines": 0, "percent_statements_covered": 87.61061946902655, "percent_statements_covered_display": "87.61"}, "missing_lines": [130, 133, 151, 170, 171, 195, 196, 225, 226, 230, 234, 253, 254, 255], "excluded_lines": [], "functions": {"ExoplanetContentGenerator.__init__": {"executed_lines": [25], "summary": {"covered_lines": 1, "num_statements": 1, "percent_covered": 100.0, "percent_covered_display": "100.00", "missing_lines": 0, "excluded_lines": 0, "percent_statements_covered": 100.0, "percent_statements_covered_display": "100.00"}, "missing_lines": [], "excluded_lines": []}, "ExoplanetContentGenerator.compose_exoplanet_content": {"executed_lines": [34, 42], "summary": {"covered_lines": 2, "num_statements": 2, "percent_covered": 100.0, "percent_covered_display": "100.00", "missing_lines": 0, "excluded_lines": 0, "percent_statements_covered": 100.0, "percent_statements_covered_display": "100.00"}, "missing_lines": [], "excluded_lines": []}, "ExoplanetContentGenerator.build_orbit_section": {"executed_lines": [51, 59, 61, 63, 64, 67, 68, 72, 73, 76, 77, 79, 80, 83, 84, 86, 87, 90, 91, 95], "summary": {"covered_lines": 20, "num_statements": 20, "percent_covered": 100.0, "percent_covered_display": "100.00", "missing_lines": 0, "excluded_lines": 0, "percent_statements_covered": 100.0, "percent_statements_covered_display": "100.00"}, "missing_lines": [], "excluded_lines": []}, "ExoplanetContentGenerator.build_discovery_section": {"executed_lines": [99, 100, 102, 105, 120, 125, 128, 129, 132, 135, 137, 138, 140, 142], "summary": {"covered_lines": 14, "num_statements": 16, "percent_covered": 87.5, "percent_covered_display": "87.50", "missing_lines": 2, "excluded_lines": 0, "percent_statements_covered": 87.5, "percent_statements_covered_display": "87.50"}, "missing_lines": [130, 133], "excluded_lines": []}, "ExoplanetContentGenerator.build_physical_characteristics_section": {"executed_lines": [147, 155, 156, 157, 159, 160, 162, 165, 167, 168, 169, 172, 181, 182, 183, 184, 185, 187, 188, 192, 193, 194, 197, 205, 206, 207, 208, 209, 211, 212, 215, 217, 223, 224, 227, 228, 232, 233, 235, 236, 238, 239, 241, 242, 243, 245, 247], "summary": {"covered_lines": 47, "num_statements": 55, "percent_covered": 85.45454545454545, "percent_covered_display": "85.45", "missing_lines": 8, "excluded_lines": 0, "percent_statements_covered": 85.45454545454545, "percent_statements_covered_display": "85.45"}, "missing_lines": [170, 171, 195, 196, 225, 226, 230, 234], "excluded_lines": []}, "ExoplanetContentGenerator.build_physical_characteristics_section.get_value_or_none_if_nan": {"executed_lines": [148, 149, 150, 152, 153], "summary": {"covered_lines": 5, "num_statements": 6, "percent_covered": 83.33333333333333, "percent_covered_display": "83.33", "missing_lines": 1, "excluded_lines": 0, "percent_statements_covered": 83.33333333333333, "percent_statements_covered_display": "83.33"}, "missing_lines": [151], "excluded_lines": []}, "ExoplanetContentGenerator.build_habitability_section": {"executed_lines": [], "summary": {"covered_lines": 0, "num_statements": 3, "percent_covered": 0.0, "percent_covered_display": "0.00", "missing_lines": 3, "excluded_lines": 0, "percent_statements_covered": 0.0, "percent_statements_covered_display": "0.00"}, "missing_lines": [253, 254, 255], "excluded_lines": []}, "": {"executed_lines": [6, 8, 9, 15, 16, 24, 30, 49, 97, 144, 249], "summary": {"covered_lines": 10, "num_statements": 10, "percent_covered": 100.0, "percent_covered_display": "100.00", "missing_lines": 0, "excluded_lines": 0, "percent_statements_covered": 100.0, "percent_statements_covered_display": "100.00"}, "missing_lines": [], "excluded_lines": []}}, "classes": {"ExoplanetContentGenerator": {"executed_lines": [25, 34, 42, 51, 59, 61, 63, 64, 67, 68, 72, 73, 76, 77, 79, 80, 83, 84, 86, 87, 90, 91, 95, 99, 100, 102, 105, 120, 125, 128, 129, 132, 135, 137, 138, 140, 142, 147, 148, 149, 150, 152, 153, 155, 156, 157, 159, 160, 162, 165, 167, 168, 169, 172, 181, 182, 183, 184, 185, 187, 188, 192, 193, 194, 197, 205, 206, 207, 208, 209, 211, 212, 215, 217, 223, 224, 227, 228, 232, 233, 235, 236, 238, 239, 241, 242, 243, 245, 247], "summary": {"covered_lines": 89, "num_statements": 103, "percent_covered": 86.40776699029126, "percent_covered_display": "86.41", "missing_lines": 14, "excluded_lines": 0, "percent_statements_covered": 86.40776699029126, "percent_statements_covered_display": "86.41"}, "missing_lines": [130, 133, 151, 170, 171, 195, 196, 225, 226, 230, 234, 253, 254, 255], "excluded_lines": []}, "": {"executed_lines": [6, 8, 9, 15, 16, 24, 30, 49, 97, 144, 249], "summary": {"covered_lines": 10, "num_statements": 10, "percent_covered": 100.0, "percent_covered_display": "100.00", "missing_lines": 0, "excluded_lines": 0, "percent_statements_covered": 100.0, "percent_statements_covered_display": "100.00"}, "missing_lines": [], "excluded_lines": []}}}, "src\\generators\\articles\\exoplanet\\parts\\exoplanet_infobox_generator.py": {"executed_lines": [3, 7, 8, 9, 12, 13, 14, 16, 17, 19, 20, 22, 23, 25, 26], "summary": {"covered_lines": 15, "num_statements": 16, "percent_covered": 93.75, "percent_covered_display": "93.75", "missing_lines": 1, "excluded_lines": 0, "percent_statements_covered": 93.75, "percent_statements_covered_display": "93.75"}, "missing_lines": [27], "excluded_lines": [], "functions": {"ExoplanetInfoboxGenerator.retrieve_field_mappings": {"executed_lines": [14], "summary": {"covered_lines": 1, "num_statements": 1, "percent_covered": 100.0, "percent_covered_display": "100.00", "missing_lines": 0, "excluded_lines": 0, "percent_statements_covered": 100.0, "percent_statements_covered_display": "100.00"}, "missing_lines": [], "excluded_lines": []}, "ExoplanetInfoboxGenerator.fetch_infobox_header": {"executed_lines": [17], "summary": {"covered_lines": 1, "num_statements": 1, "percent_covered": 100.0, "percent_covered_display": "100.00", "missing_lines": 0, "excluded_lines": 0, "percent_statements_covered": 100.0, "percent_statements_covered_display": "100.00"}, "missing_lines": [], "excluded_lines": []}, "ExoplanetInfoboxGenerator.retrieve_noted_fields": {"executed_lines": [20], "summary": {"covered_lines": 1, "num_statements": 1, "percent_covered": 100.0, "percent_covered_display": "100.00", "missing_lines": 0, "excluded_lines": 0, "percent_statements_covered": 100.0, "percent_statements_covered_display": "100.00"}, "missing_lines": [], "excluded_lines": []}, "ExoplanetInfoboxGenerator.is_supported_entity": {"executed_lines": [23], "summary": {"covered_lines": 1, "num_statements": 1, "percent_covered": 100.0, "percent_covered_display": "100.00", "missing_lines": 0, "excluded_lines": 0, "percent_statements_covered": 100.0, "percent_statements_covered_display": "100.00"}, "missing_lines": [], "excluded_lines": []}, "ExoplanetInfoboxGenerator.default_field_mapping": {"executed_lines": [], "summary": {"covered_lines": 0, "num_statements": 1, "percent_covered": 0.0, "percent_covered_display": "0.00", "missing_lines": 1, "excluded_lines": 0, "percent_statements_covered": 0.0, "percent_statements_covered_display": "0.00"}, "missing_lines": [27], "excluded_lines": []}, "": {"executed_lines": [3, 7, 8, 9, 12, 13, 16, 19, 22, 25, 26], "summary": {"covered_lines": 11, "num_statements": 11, "percent_covered": 100.0, "percent_covered_display": "100.00", "missing_lines": 0, "excluded_lines": 0, "percent_statements_covered": 100.0, "percent_statements_covered_display": "100.00"}, "missing_lines": [], "excluded_lines": []}}, "classes": {"ExoplanetInfoboxGenerator": {"executed_lines": [14, 17, 20, 23], "summary": {"covered_lines": 4, "num_statements": 5, "percent_covered": 80.0, "percent_covered_display": "80.00", "missing_lines": 1, "excluded_lines": 0, "percent_statements_covered": 80.0, "percent_statements_covered_display": "80.00"}, "missing_lines": [27], "excluded_lines": []}, "": {"executed_lines": [3, 7, 8, 9, 12, 13, 16, 19, 22, 25, 26], "summary": {"covered_lines": 11, "num_statements": 11, "percent_covered": 100.0, "percent_covered_display": "100.00", "missing_lines": 0, "excluded_lines": 0, "percent_statements_covered": 100.0, "percent_statements_covered_display": "100.00"}, "missing_lines": [], "excluded_lines": []}}}, "src\\generators\\articles\\exoplanet\\parts\\exoplanet_introduction_generator.py": {"executed_lines": [4, 5, 8, 9, 10, 11, 12, 13, 16, 17, 24, 25, 26, 27, 28, 29, 34, 36, 37, 39, 40, 44, 45, 46, 47, 48, 52, 54, 56, 58, 59, 61, 62, 63, 64, 65, 68, 74, 76, 77, 79, 81, 82, 89, 93, 96, 98, 100, 102, 104, 105, 106, 108, 109, 110, 112, 113, 114, 116], "summary": {"covered_lines": 58, "num_statements": 62, "percent_covered": 93.54838709677419, "percent_covered_display": "93.55", "missing_lines": 4, "excluded_lines": 0, "percent_statements_covered": 93.54838709677419, "percent_statements_covered_display": "93.55"}, "missing_lines": [69, 71, 72, 84], "excluded_lines": [], "functions": {"ExoplanetIntroductionGenerator.__init__": {"executed_lines": [25, 26, 27, 28, 29], "summary": {"covered_lines": 5, "num_statements": 5, "percent_covered": 100.0, "percent_covered_display": "100.00", "missing_lines": 0, "excluded_lines": 0, "percent_statements_covered": 100.0, "percent_statements_covered_display": "100.00"}, "missing_lines": [], "excluded_lines": []}, "ExoplanetIntroductionGenerator.compose_host_star_phrase": {"executed_lines": [36, 37, 39, 40, 44, 45, 46, 47, 48, 52, 54], "summary": {"covered_lines": 11, "num_statements": 11, "percent_covered": 100.0, "percent_covered_display": "100.00", "missing_lines": 0, "excluded_lines": 0, "percent_statements_covered": 100.0, "percent_statements_covered_display": "100.00"}, "missing_lines": [], "excluded_lines": []}, "ExoplanetIntroductionGenerator.compose_distance_phrase": {"executed_lines": [58, 59, 61, 62, 63, 64, 65, 68], "summary": {"covered_lines": 8, "num_statements": 11, "percent_covered": 72.72727272727273, "percent_covered_display": "72.73", "missing_lines": 3, "excluded_lines": 0, "percent_statements_covered": 72.72727272727273, "percent_statements_covered_display": "72.73"}, "missing_lines": [69, 71, 72], "excluded_lines": []}, "ExoplanetIntroductionGenerator.compose_constellation_phrase": {"executed_lines": [76, 77, 79, 81, 82], "summary": {"covered_lines": 5, "num_statements": 6, "percent_covered": 83.33333333333333, "percent_covered_display": "83.33", "missing_lines": 1, "excluded_lines": 0, "percent_statements_covered": 83.33333333333333, "percent_statements_covered_display": "83.33"}, "missing_lines": [84], "excluded_lines": []}, "ExoplanetIntroductionGenerator.compose_exoplanet_introduction": {"executed_lines": [93, 96, 98, 100, 102, 104, 105, 106, 108, 109, 110, 112, 113, 114, 116], "summary": {"covered_lines": 15, "num_statements": 15, "percent_covered": 100.0, "percent_covered_display": "100.00", "missing_lines": 0, "excluded_lines": 0, "percent_statements_covered": 100.0, "percent_statements_covered_display": "100.00"}, "missing_lines": [], "excluded_lines": []}, "": {"executed_lines": [4, 5, 8, 9, 10, 11, 12, 13, 16, 17, 24, 34, 56, 74, 89], "summary": {"covered_lines": 14, "num_statements": 14, "percent_covered": 100.0, "percent_covered_display": "100.00", "missing_lines": 0, "excluded_lines": 0, "percent_statements_covered": 100.0, "percent_statements_covered_display": "100.00"}, "missing_lines": [], "excluded_lines": []}}, "classes": {"ExoplanetIntroductionGenerator": {"executed_lines": [25, 26, 27, 28, 29, 36, 37, 39, 40, 44, 45, 46, 47, 48, 52, 54, 58, 59, 61, 62, 63, 64, 65, 68, 76, 77, 79, 81, 82, 93, 96, 98, 100, 102, 104, 105, 106, 108, 109, 110, 112, 113, 114, 116], "summary": {"covered_lines": 44, "num_statements": 48, "percent_covered": 91.66666666666667, "percent_covered_display": "91.67", "missing_lines": 4, "excluded_lines": 0, "percent_statements_covered": 91.66666666666667, "percent_statements_covered_display": "91.67"}, "missing_lines": [69, 71, 72, 84], "excluded_lines": []}, "": {"executed_lines": [4, 5, 8, 9, 10, 11, 12, 13, 16, 17, 24, 34, 56, 74, 89], "summary": {"covered_lines": 14, "num_statements": 14, "percent_covered": 100.0, "percent_covered_display": "100.00", "missing_lines": 0, "excluded_lines": 0, "percent_statements_covered": 100.0, "percent_statements_covered_display": "100.00"}, "missing_lines": [], "excluded_lines": []}}}, "src\\generators\\articles\\star\\parts\\star_category_generator.py": {"executed_lines": [2, 4, 5, 6, 9, 10, 15, 16, 17, 21, 22, 24, 25, 36, 41, 47, 49, 50, 53, 65, 67, 68, 71, 72, 73, 74, 75, 76, 77, 80, 81, 84, 88, 90, 94, 95, 96, 102, 103, 106, 108, 112, 113, 114, 119, 120, 123, 125, 129, 130, 131, 133, 134, 136, 152, 154, 155, 160, 162, 166], "summary": {"covered_lines": 59, "num_statements": 72, "percent_covered": 81.94444444444444, "percent_covered_display": "81.94", "missing_lines": 13, "excluded_lines": 0, "percent_statements_covered": 81.94444444444444, "percent_statements_covered_display": "81.94"}, "missing_lines": [54, 56, 58, 60, 61, 63, 69, 85, 86, 105, 122, 157, 158], "excluded_lines": [], "functions": {"StarCategoryGenerator.__init__": {"executed_lines": [16, 17], "summary": {"covered_lines": 2, "num_statements": 2, "percent_covered": 100.0, "percent_covered_display": "100.00", "missing_lines": 0, "excluded_lines": 0, "percent_statements_covered": 100.0, "percent_statements_covered_display": "100.00"}, "missing_lines": [], "excluded_lines": []}, "StarCategoryGenerator.retrieve_object_type": {"executed_lines": [22], "summary": {"covered_lines": 1, "num_statements": 1, "percent_covered": 100.0, "percent_covered_display": "100.00", "missing_lines": 0, "excluded_lines": 0, "percent_statements_covered": 100.0, "percent_statements_covered_display": "100.00"}, "missing_lines": [], "excluded_lines": []}, "StarCategoryGenerator.define_category_rules": {"executed_lines": [25], "summary": {"covered_lines": 1, "num_statements": 1, "percent_covered": 100.0, "percent_covered_display": "100.00", "missing_lines": 0, "excluded_lines": 0, "percent_statements_covered": 100.0, "percent_statements_covered_display": "100.00"}, "missing_lines": [], "excluded_lines": []}, "StarCategoryGenerator.map_catalog_prefix_to_category": {"executed_lines": [41, 47, 49, 67, 80, 81, 84, 88], "summary": {"covered_lines": 8, "num_statements": 10, "percent_covered": 80.0, "percent_covered_display": "80.00", "missing_lines": 2, "excluded_lines": 0, "percent_statements_covered": 80.0, "percent_statements_covered_display": "80.00"}, "missing_lines": [85, 86], "excluded_lines": []}, "StarCategoryGenerator.map_catalog_prefix_to_category.extract_key": {"executed_lines": [50, 53, 65], "summary": {"covered_lines": 3, "num_statements": 9, "percent_covered": 33.333333333333336, "percent_covered_display": "33.33", "missing_lines": 6, "excluded_lines": 0, "percent_statements_covered": 33.333333333333336, "percent_statements_covered_display": "33.33"}, "missing_lines": [54, 56, 58, 60, 61, 63], "excluded_lines": []}, "StarCategoryGenerator.map_catalog_prefix_to_category.process_name": {"executed_lines": [68, 71, 72, 73, 74, 75, 76, 77], "summary": {"covered_lines": 8, "num_statements": 9, "percent_covered": 88.88888888888889, "percent_covered_display": "88.89", "missing_lines": 1, "excluded_lines": 0, "percent_statements_covered": 88.88888888888889, "percent_statements_covered_display": "88.89"}, "missing_lines": [69], "excluded_lines": []}, "StarCategoryGenerator.map_spectral_type_to_category": {"executed_lines": [94, 95, 96, 102, 103, 106], "summary": {"covered_lines": 6, "num_statements": 7, "percent_covered": 85.71428571428571, "percent_covered_display": "85.71", "missing_lines": 1, "excluded_lines": 0, "percent_statements_covered": 85.71428571428571, "percent_statements_covered_display": "85.71"}, "missing_lines": [105], "excluded_lines": []}, "StarCategoryGenerator.map_luminosity_class_to_category": {"executed_lines": [112, 113, 114, 119, 120, 123], "summary": {"covered_lines": 6, "num_statements": 7, "percent_covered": 85.71428571428571, "percent_covered_display": "85.71", "missing_lines": 1, "excluded_lines": 0, "percent_statements_covered": 85.71428571428571, "percent_statements_covered_display": "85.71"}, "missing_lines": [122], "excluded_lines": []}, "StarCategoryGenerator.map_star_type_to_category": {"executed_lines": [129, 130, 131, 133, 134, 136, 152, 154, 155, 160], "summary": {"covered_lines": 10, "num_statements": 12, "percent_covered": 83.33333333333333, "percent_covered_display": "83.33", "missing_lines": 2, "excluded_lines": 0, "percent_statements_covered": 83.33333333333333, "percent_statements_covered_display": "83.33"}, "missing_lines": [157, 158], "excluded_lines": []}, "StarCategoryGenerator.append_static_planetary_system_category": {"executed_lines": [166], "summary": {"covered_lines": 1, "num_statements": 1, "percent_covered": 100.0, "percent_covered_display": "100.00", "missing_lines": 0, "excluded_lines": 0, "percent_statements_covered": 100.0, "percent_statements_covered_display": "100.00"}, "missing_lines": [], "excluded_lines": []}, "": {"executed_lines": [2, 4, 5, 6, 9, 10, 15, 21, 24, 36, 90, 108, 125, 162], "summary": {"covered_lines": 13, "num_statements": 13, "percent_covered": 100.0, "percent_covered_display": "100.00", "missing_lines": 0, "excluded_lines": 0, "percent_statements_covered": 100.0, "percent_statements_covered_display": "100.00"}, "missing_lines": [], "excluded_lines": []}}, "classes": {"StarCategoryGenerator": {"executed_lines": [16, 17, 22, 25, 41, 47, 49, 50, 53, 65, 67, 68, 71, 72, 73, 74, 75, 76, 77, 80, 81, 84, 88, 94, 95, 96, 102, 103, 106, 112, 113, 114, 119, 120, 123, 129, 130, 131, 133, 134, 136, 152, 154, 155, 160, 166], "summary": {"covered_lines": 46, "num_statements": 59, "percent_covered": 77.96610169491525, "percent_covered_display": "77.97", "missing_lines": 13, "excluded_lines": 0, "percent_statements_covered": 77.96610169491525, "percent_statements_covered_display": "77.97"}, "missing_lines": [54, 56, 58, 60, 61, 63, 69, 85, 86, 105, 122, 157, 158], "excluded_lines": []}, "": {"executed_lines": [2, 4, 5, 6, 9, 10, 15, 21, 24, 36, 90, 108, 125, 162], "summary": {"covered_lines": 13, "num_statements": 13, "percent_covered": 100.0, "percent_covered_display": "100.00", "missing_lines": 0, "excluded_lines": 0, "percent_statements_covered": 100.0, "percent_statements_covered_display": "100.00"}, "missing_lines": [], "excluded_lines": []}}}, "src\\generators\\articles\\star\\parts\\star_content_generator.py": {"executed_lines": [8, 9, 10, 11, 14, 15, 23, 24, 29, 33, 42, 49, 53, 62, 64, 66, 67, 69, 73, 77, 81, 85, 88, 92, 93, 116, 138, 153, 157, 158, 160, 161, 164, 165, 166, 170, 172, 173, 174, 175, 178, 179, 180, 181, 186, 190, 193, 194, 195, 196, 201, 205, 208, 220, 223, 224, 225, 226, 229, 233, 236, 243, 246, 258, 260, 263, 265, 267, 276, 277, 278], "summary": {"covered_lines": 70, "num_statements": 137, "percent_covered": 51.09489051094891, "percent_covered_display": "51.09", "missing_lines": 67, "excluded_lines": 0, "percent_statements_covered": 51.09489051094891, "percent_statements_covered_display": "51.09"}, "missing_lines": [70, 71, 74, 75, 78, 79, 82, 83, 95, 97, 98, 99, 101, 102, 103, 105, 106, 107, 108, 109, 113, 120, 121, 123, 124, 125, 126, 128, 129, 130, 131, 135, 142, 143, 145, 146, 150, 187, 188, 202, 203, 209, 210, 211, 216, 217, 218, 227, 230, 231, 237, 238, 239, 240, 241, 247, 248, 249, 254, 255, 256, 280, 281, 282, 283, 284, 286], "excluded_lines": [], "functions": {"StarContentGenerator.__init__": {"executed_lines": [24], "summary": {"covered_lines": 1, "num_statements": 1, "percent_covered": 100.0, "percent_covered_display": "100.00", "missing_lines": 0, "excluded_lines": 0, "percent_statements_covered": 100.0, "percent_statements_covered_display": "100.00"}, "missing_lines": [], "excluded_lines": []}, "StarContentGenerator.compose_star_content": {"executed_lines": [33, 42], "summary": {"covered_lines": 2, "num_statements": 2, "percent_covered": 100.0, "percent_covered_display": "100.00", "missing_lines": 0, "excluded_lines": 0, "percent_statements_covered": 100.0, "percent_statements_covered_display": "100.00"}, "missing_lines": [], "excluded_lines": []}, "StarContentGenerator.build_physical_section": {"executed_lines": [53, 62, 64, 66, 67, 69, 73, 77, 81, 85], "summary": {"covered_lines": 10, "num_statements": 18, "percent_covered": 55.55555555555556, "percent_covered_display": "55.56", "missing_lines": 8, "excluded_lines": 0, "percent_statements_covered": 55.55555555555556, "percent_statements_covered_display": "55.56"}, "missing_lines": [70, 71, 74, 75, 78, 79, 82, 83], "excluded_lines": []}, "StarContentGenerator.build_observation_section": {"executed_lines": [92, 93], "summary": {"covered_lines": 2, "num_statements": 15, "percent_covered": 13.333333333333334, "percent_covered_display": "13.33", "missing_lines": 13, "excluded_lines": 0, "percent_statements_covered": 13.333333333333334, "percent_statements_covered_display": "13.33"}, "missing_lines": [95, 97, 98, 99, 101, 102, 103, 105, 106, 107, 108, 109, 113], "excluded_lines": []}, "StarContentGenerator.build_environment_section": {"executed_lines": [], "summary": {"covered_lines": 0, "num_statements": 11, "percent_covered": 0.0, "percent_covered_display": "0.00", "missing_lines": 11, "excluded_lines": 0, "percent_statements_covered": 0.0, "percent_statements_covered_display": "0.00"}, "missing_lines": [120, 121, 123, 124, 125, 126, 128, 129, 130, 131, 135], "excluded_lines": []}, "StarContentGenerator.write_history_paragraph": {"executed_lines": [], "summary": {"covered_lines": 0, "num_statements": 5, "percent_covered": 0.0, "percent_covered_display": "0.00", "missing_lines": 5, "excluded_lines": 0, "percent_statements_covered": 0.0, "percent_statements_covered_display": "0.00"}, "missing_lines": [142, 143, 145, 146, 150], "excluded_lines": []}, "StarContentGenerator.build_exoplanets_section": {"executed_lines": [157, 158, 160, 161, 164, 165, 166, 170, 172, 173, 174, 175, 178, 179, 180, 181, 186, 190, 193, 194, 195, 196, 201, 205, 208, 220, 223, 224, 225, 226, 229, 233, 236, 243, 246, 258, 260, 263, 265], "summary": {"covered_lines": 39, "num_statements": 63, "percent_covered": 61.904761904761905, "percent_covered_display": "61.90", "missing_lines": 24, "excluded_lines": 0, "percent_statements_covered": 61.904761904761905, "percent_statements_covered_display": "61.90"}, "missing_lines": [187, 188, 202, 203, 209, 210, 211, 216, 217, 218, 227, 230, 231, 237, 238, 239, 240, 241, 247, 248, 249, 254, 255, 256], "excluded_lines": []}, "StarContentGenerator._format_uncertainty": {"executed_lines": [276, 277, 278], "summary": {"covered_lines": 3, "num_statements": 9, "percent_covered": 33.333333333333336, "percent_covered_display": "33.33", "missing_lines": 6, "excluded_lines": 0, "percent_statements_covered": 33.333333333333336, "percent_statements_covered_display": "33.33"}, "missing_lines": [280, 281, 282, 283, 284, 286], "excluded_lines": []}, "": {"executed_lines": [8, 9, 10, 11, 14, 15, 23, 29, 49, 88, 116, 138, 153, 267], "summary": {"covered_lines": 13, "num_statements": 13, "percent_covered": 100.0, "percent_covered_display": "100.00", "missing_lines": 0, "excluded_lines": 0, "percent_statements_covered": 100.0, "percent_statements_covered_display": "100.00"}, "missing_lines": [], "excluded_lines": []}}, "classes": {"StarContentGenerator": {"executed_lines": [24, 33, 42, 53, 62, 64, 66, 67, 69, 73, 77, 81, 85, 92, 93, 157, 158, 160, 161, 164, 165, 166, 170, 172, 173, 174, 175, 178, 179, 180, 181, 186, 190, 193, 194, 195, 196, 201, 205, 208, 220, 223, 224, 225, 226, 229, 233, 236, 243, 246, 258, 260, 263, 265, 276, 277, 278], "summary": {"covered_lines": 57, "num_statements": 124, "percent_covered": 45.96774193548387, "percent_covered_display": "45.97", "missing_lines": 67, "excluded_lines": 0, "percent_statements_covered": 45.96774193548387, "percent_statements_covered_display": "45.97"}, "missing_lines": [70, 71, 74, 75, 78, 79, 82, 83, 95, 97, 98, 99, 101, 102, 103, 105, 106, 107, 108, 109, 113, 120, 121, 123, 124, 125, 126, 128, 129, 130, 131, 135, 142, 143, 145, 146, 150, 187, 188, 202, 203, 209, 210, 211, 216, 217, 218, 227, 230, 231, 237, 238, 239, 240, 241, 247, 248, 249, 254, 255, 256, 280, 281, 282, 283, 284, 286], "excluded_lines": []}, "": {"executed_lines": [8, 9, 10, 11, 14, 15, 23, 29, 49, 88, 116, 138, 153, 267], "summary": {"covered_lines": 13, "num_statements": 13, "percent_covered": 100.0, "percent_covered_display": "100.00", "missing_lines": 0, "excluded_lines": 0, "percent_statements_covered": 100.0, "percent_statements_covered_display": "100.00"}, "missing_lines": [], "excluded_lines": []}}}, "src\\generators\\articles\\star\\parts\\star_infobox_generator.py": {"executed_lines": [3, 7, 8, 9, 12, 13, 14, 16, 17, 19, 20, 22, 23, 25, 26], "summary": {"covered_lines": 15, "num_statements": 16, "percent_covered": 93.75, "percent_covered_display": "93.75", "missing_lines": 1, "excluded_lines": 0, "percent_statements_covered": 93.75, "percent_statements_covered_display": "93.75"}, "missing_lines": [27], "excluded_lines": [], "functions": {"StarInfoboxGenerator.retrieve_field_mappings": {"executed_lines": [14], "summary": {"covered_lines": 1, "num_statements": 1, "percent_covered": 100.0, "percent_covered_display": "100.00", "missing_lines": 0, "excluded_lines": 0, "percent_statements_covered": 100.0, "percent_statements_covered_display": "100.00"}, "missing_lines": [], "excluded_lines": []}, "StarInfoboxGenerator.fetch_infobox_header": {"executed_lines": [17], "summary": {"covered_lines": 1, "num_statements": 1, "percent_covered": 100.0, "percent_covered_display": "100.00", "missing_lines": 0, "excluded_lines": 0, "percent_statements_covered": 100.0, "percent_statements_covered_display": "100.00"}, "missing_lines": [], "excluded_lines": []}, "StarInfoboxGenerator.retrieve_noted_fields": {"executed_lines": [20], "summary": {"covered_lines": 1, "num_statements": 1, "percent_covered": 100.0, "percent_covered_display": "100.00", "missing_lines": 0, "excluded_lines": 0, "percent_statements_covered": 100.0, "percent_statements_covered_display": "100.00"}, "missing_lines": [], "excluded_lines": []}, "StarInfoboxGenerator.is_supported_entity": {"executed_lines": [23], "summary": {"covered_lines": 1, "num_statements": 1, "percent_covered": 100.0, "percent_covered_display": "100.00", "missing_lines": 0, "excluded_lines": 0, "percent_statements_covered": 100.0, "percent_statements_covered_display": "100.00"}, "missing_lines": [], "excluded_lines": []}, "StarInfoboxGenerator.default_field_mapping": {"executed_lines": [], "summary": {"covered_lines": 0, "num_statements": 1, "percent_covered": 0.0, "percent_covered_display": "0.00", "missing_lines": 1, "excluded_lines": 0, "percent_statements_covered": 0.0, "percent_statements_covered_display": "0.00"}, "missing_lines": [27], "excluded_lines": []}, "": {"executed_lines": [3, 7, 8, 9, 12, 13, 16, 19, 22, 25, 26], "summary": {"covered_lines": 11, "num_statements": 11, "percent_covered": 100.0, "percent_covered_display": "100.00", "missing_lines": 0, "excluded_lines": 0, "percent_statements_covered": 100.0, "percent_statements_covered_display": "100.00"}, "missing_lines": [], "excluded_lines": []}}, "classes": {"StarInfoboxGenerator": {"executed_lines": [14, 17, 20, 23], "summary": {"covered_lines": 4, "num_statements": 5, "percent_covered": 80.0, "percent_covered_display": "80.00", "missing_lines": 1, "excluded_lines": 0, "percent_statements_covered": 80.0, "percent_statements_covered_display": "80.00"}, "missing_lines": [27], "excluded_lines": []}, "": {"executed_lines": [3, 7, 8, 9, 12, 13, 16, 19, 22, 25, 26], "summary": {"covered_lines": 11, "num_statements": 11, "percent_covered": 100.0, "percent_covered_display": "100.00", "missing_lines": 0, "excluded_lines": 0, "percent_statements_covered": 100.0, "percent_statements_covered_display": "100.00"}, "missing_lines": [], "excluded_lines": []}}}, "src\\generators\\articles\\star\\parts\\star_introduction_generator.py": {"executed_lines": [3, 4, 5, 6, 9, 10, 14, 15, 16, 21, 25, 26, 28, 29, 32, 33, 34, 36, 40, 41, 42, 43, 45, 49, 50, 52, 53, 54, 61, 65, 67, 69, 70, 71, 73, 75, 76, 77, 79, 80, 81, 83], "summary": {"covered_lines": 41, "num_statements": 44, "percent_covered": 93.18181818181819, "percent_covered_display": "93.18", "missing_lines": 3, "excluded_lines": 0, "percent_statements_covered": 93.18181818181819, "percent_statements_covered_display": "93.18"}, "missing_lines": [30, 55, 56], "excluded_lines": [], "functions": {"StarIntroductionGenerator.__init__": {"executed_lines": [15, 16], "summary": {"covered_lines": 2, "num_statements": 2, "percent_covered": 100.0, "percent_covered_display": "100.00", "missing_lines": 0, "excluded_lines": 0, "percent_statements_covered": 100.0, "percent_statements_covered_display": "100.00"}, "missing_lines": [], "excluded_lines": []}, "StarIntroductionGenerator._compose_star_type_phrase": {"executed_lines": [25, 26, 28, 29, 32, 33, 34], "summary": {"covered_lines": 7, "num_statements": 8, "percent_covered": 87.5, "percent_covered_display": "87.50", "missing_lines": 1, "excluded_lines": 0, "percent_statements_covered": 87.5, "percent_statements_covered_display": "87.50"}, "missing_lines": [30], "excluded_lines": []}, "StarIntroductionGenerator._compose_constellation_phrase": {"executed_lines": [40, 41, 42, 43], "summary": {"covered_lines": 4, "num_statements": 4, "percent_covered": 100.0, "percent_covered_display": "100.00", "missing_lines": 0, "excluded_lines": 0, "percent_statements_covered": 100.0, "percent_statements_covered_display": "100.00"}, "missing_lines": [], "excluded_lines": []}, "StarIntroductionGenerator._compose_distance_phrase": {"executed_lines": [49, 50, 52, 53, 54], "summary": {"covered_lines": 5, "num_statements": 7, "percent_covered": 71.42857142857143, "percent_covered_display": "71.43", "missing_lines": 2, "excluded_lines": 0, "percent_statements_covered": 71.42857142857143, "percent_statements_covered_display": "71.43"}, "missing_lines": [55, 56], "excluded_lines": []}, "StarIntroductionGenerator.compose_star_introduction": {"executed_lines": [65, 67, 69, 70, 71, 73, 75, 76, 77, 79, 80, 81, 83], "summary": {"covered_lines": 13, "num_statements": 13, "percent_covered": 100.0, "percent_covered_display": "100.00", "missing_lines": 0, "excluded_lines": 0, "percent_statements_covered": 100.0, "percent_statements_covered_display": "100.00"}, "missing_lines": [], "excluded_lines": []}, "": {"executed_lines": [3, 4, 5, 6, 9, 10, 14, 21, 36, 45, 61], "summary": {"covered_lines": 10, "num_statements": 10, "percent_covered": 100.0, "percent_covered_display": "100.00", "missing_lines": 0, "excluded_lines": 0, "percent_statements_covered": 100.0, "percent_statements_covered_display": "100.00"}, "missing_lines": [], "excluded_lines": []}}, "classes": {"StarIntroductionGenerator": {"executed_lines": [15, 16, 25, 26, 28, 29, 32, 33, 34, 40, 41, 42, 43, 49, 50, 52, 53, 54, 65, 67, 69, 70, 71, 73, 75, 76, 77, 79, 80, 81, 83], "summary": {"covered_lines": 31, "num_statements": 34, "percent_covered": 91.17647058823529, "percent_covered_display": "91.18", "missing_lines": 3, "excluded_lines": 0, "percent_statements_covered": 91.17647058823529, "percent_statements_covered_display": "91.18"}, "missing_lines": [30, 55, 56], "excluded_lines": []}, "": {"executed_lines": [3, 4, 5, 6, 9, 10, 14, 21, 36, 45, 61], "summary": {"covered_lines": 10, "num_statements": 10, "percent_covered": 100.0, "percent_covered_display": "100.00", "missing_lines": 0, "excluded_lines": 0, "percent_statements_covered": 100.0, "percent_statements_covered_display": "100.00"}, "missing_lines": [], "excluded_lines": []}}}, "src\\generators\\articles\\star\\star_article_generator.py": {"executed_lines": [3, 4, 6, 7, 10, 13, 16, 19, 22, 23, 24, 25, 26, 27, 30, 31, 36, 37, 38, 42, 43, 45, 52, 53, 54, 55, 56, 58, 64, 75, 76, 78, 82, 85, 86, 87, 88, 90, 94, 95, 97, 98, 101, 102], "summary": {"covered_lines": 43, "num_statements": 47, "percent_covered": 91.48936170212765, "percent_covered_display": "91.49", "missing_lines": 4, "excluded_lines": 0, "percent_statements_covered": 91.48936170212765, "percent_statements_covered_display": "91.49"}, "missing_lines": [39, 40, 83, 99], "excluded_lines": [], "functions": {"StarWikipediaArticleGenerator.__init__": {"executed_lines": [37, 38, 42, 43, 45, 52, 53, 54, 55, 56], "summary": {"covered_lines": 10, "num_statements": 12, "percent_covered": 83.33333333333333, "percent_covered_display": "83.33", "missing_lines": 2, "excluded_lines": 0, "percent_statements_covered": 83.33333333333333, "percent_statements_covered_display": "83.33"}, "missing_lines": [39, 40], "excluded_lines": []}, "StarWikipediaArticleGenerator.compose_wikipedia_article_content": {"executed_lines": [64, 75, 76], "summary": {"covered_lines": 3, "num_statements": 3, "percent_covered": 100.0, "percent_covered_display": "100.00", "missing_lines": 0, "excluded_lines": 0, "percent_statements_covered": 100.0, "percent_statements_covered_display": "100.00"}, "missing_lines": [], "excluded_lines": []}, "StarWikipediaArticleGenerator.replace_first_reference_with_full": {"executed_lines": [82, 85, 86, 87, 88], "summary": {"covered_lines": 5, "num_statements": 6, "percent_covered": 83.33333333333333, "percent_covered_display": "83.33", "missing_lines": 1, "excluded_lines": 0, "percent_statements_covered": 83.33333333333333, "percent_statements_covered_display": "83.33"}, "missing_lines": [83], "excluded_lines": []}, "StarWikipediaArticleGenerator.build_palettes_section": {"executed_lines": [94, 95, 97, 98, 101, 102], "summary": {"covered_lines": 6, "num_statements": 7, "percent_covered": 85.71428571428571, "percent_covered_display": "85.71", "missing_lines": 1, "excluded_lines": 0, "percent_statements_covered": 85.71428571428571, "percent_statements_covered_display": "85.71"}, "missing_lines": [99], "excluded_lines": []}, "": {"executed_lines": [3, 4, 6, 7, 10, 13, 16, 19, 22, 23, 24, 25, 26, 27, 30, 31, 36, 58, 78, 90], "summary": {"covered_lines": 19, "num_statements": 19, "percent_covered": 100.0, "percent_covered_display": "100.00", "missing_lines": 0, "excluded_lines": 0, "percent_statements_covered": 100.0, "percent_statements_covered_display": "100.00"}, "missing_lines": [], "excluded_lines": []}}, "classes": {"StarWikipediaArticleGenerator": {"executed_lines": [37, 38, 42, 43, 45, 52, 53, 54, 55, 56, 64, 75, 76, 82, 85, 86, 87, 88, 94, 95, 97, 98, 101, 102], "summary": {"covered_lines": 24, "num_statements": 28, "percent_covered": 85.71428571428571, "percent_covered_display": "85.71", "missing_lines": 4, "excluded_lines": 0, "percent_statements_covered": 85.71428571428571, "percent_statements_covered_display": "85.71"}, "missing_lines": [39, 40, 83, 99], "excluded_lines": []}, "": {"executed_lines": [3, 4, 6, 7, 10, 13, 16, 19, 22, 23, 24, 25, 26, 27, 30, 31, 36, 58, 78, 90], "summary": {"covered_lines": 19, "num_statements": 19, "percent_covered": 100.0, "percent_covered_display": "100.00", "missing_lines": 0, "excluded_lines": 0, "percent_statements_covered": 100.0, "percent_statements_covered_display": "100.00"}, "missing_lines": [], "excluded_lines": []}}}, "src\\generators\\base\\base_category_generator.py": {"executed_lines": [2, 3, 4, 6, 9, 10, 15, 16, 20, 21, 28, 29, 38, 49, 50, 54, 59, 60, 62, 68, 69, 70], "summary": {"covered_lines": 17, "num_statements": 17, "percent_covered": 100.0, "percent_covered_display": "100.00", "missing_lines": 0, "excluded_lines": 14, "percent_statements_covered": 100.0, "percent_statements_covered_display": "100.00"}, "missing_lines": [], "excluded_lines": [20, 21, 22, 23, 24, 25, 26, 28, 29, 30, 31, 32, 33, 34], "functions": {"BaseCategoryGenerator.__init__": {"executed_lines": [16], "summary": {"covered_lines": 1, "num_statements": 1, "percent_covered": 100.0, "percent_covered_display": "100.00", "missing_lines": 0, "excluded_lines": 0, "percent_statements_covered": 100.0, "percent_statements_covered_display": "100.00"}, "missing_lines": [], "excluded_lines": []}, "BaseCategoryGenerator.retrieve_object_type": {"executed_lines": [], "summary": {"covered_lines": 0, "num_statements": 0, "percent_covered": 100.0, "percent_covered_display": "100.00", "missing_lines": 0, "excluded_lines": 5, "percent_statements_covered": 100.0, "percent_statements_covered_display": "100.00"}, "missing_lines": [], "excluded_lines": [22, 23, 24, 25, 26]}, "BaseCategoryGenerator.define_category_rules": {"executed_lines": [], "summary": {"covered_lines": 0, "num_statements": 0, "percent_covered": 100.0, "percent_covered_display": "100.00", "missing_lines": 0, "excluded_lines": 5, "percent_statements_covered": 100.0, "percent_statements_covered_display": "100.00"}, "missing_lines": [], "excluded_lines": [30, 31, 32, 33, 34]}, "BaseCategoryGenerator.build_categories": {"executed_lines": [49, 50], "summary": {"covered_lines": 2, "num_statements": 2, "percent_covered": 100.0, "percent_covered_display": "100.00", "missing_lines": 0, "excluded_lines": 0, "percent_statements_covered": 100.0, "percent_statements_covered_display": "100.00"}, "missing_lines": [], "excluded_lines": []}, "BaseCategoryGenerator.map_constellation_to_category": {"executed_lines": [59, 60, 62, 68, 69, 70], "summary": {"covered_lines": 6, "num_statements": 6, "percent_covered": 100.0, "percent_covered_display": "100.00", "missing_lines": 0, "excluded_lines": 0, "percent_statements_covered": 100.0, "percent_statements_covered_display": "100.00"}, "missing_lines": [], "excluded_lines": []}, "": {"executed_lines": [2, 3, 4, 6, 9, 10, 15, 20, 21, 28, 29, 38, 54], "summary": {"covered_lines": 8, "num_statements": 8, "percent_covered": 100.0, "percent_covered_display": "100.00", "missing_lines": 0, "excluded_lines": 4, "percent_statements_covered": 100.0, "percent_statements_covered_display": "100.00"}, "missing_lines": [], "excluded_lines": [20, 21, 28, 29]}}, "classes": {"BaseCategoryGenerator": {"executed_lines": [16, 49, 50, 59, 60, 62, 68, 69, 70], "summary": {"covered_lines": 9, "num_statements": 9, "percent_covered": 100.0, "percent_covered_display": "100.00", "missing_lines": 0, "excluded_lines": 10, "percent_statements_covered": 100.0, "percent_statements_covered_display": "100.00"}, "missing_lines": [], "excluded_lines": [22, 23, 24, 25, 26, 30, 31, 32, 33, 34]}, "": {"executed_lines": [2, 3, 4, 6, 9, 10, 15, 20, 21, 28, 29, 38, 54], "summary": {"covered_lines": 8, "num_statements": 8, "percent_covered": 100.0, "percent_covered_display": "100.00", "missing_lines": 0, "excluded_lines": 4, "percent_statements_covered": 100.0, "percent_statements_covered_display": "100.00"}, "missing_lines": [], "excluded_lines": [20, 21, 28, 29]}}}, "src\\generators\\base\\base_infobox_generator.py": {"executed_lines": [3, 4, 6, 7, 8, 9, 10, 11, 12, 15, 16, 17, 18, 19, 20, 22, 23, 26, 28, 30, 31, 33, 39, 40, 42, 45, 46, 50, 51, 54, 55, 58, 59, 62, 63, 66, 67, 68], "summary": {"covered_lines": 27, "num_statements": 29, "percent_covered": 93.10344827586206, "percent_covered_display": "93.10", "missing_lines": 2, "excluded_lines": 16, "percent_statements_covered": 93.10344827586206, "percent_statements_covered_display": "93.10"}, "missing_lines": [24, 43], "excluded_lines": [50, 51, 52, 54, 55, 56, 58, 59, 60, 62, 63, 64, 66, 67, 68, 69], "functions": {"InfoboxBaseGenerator.__init__": {"executed_lines": [17, 18, 19, 20], "summary": {"covered_lines": 4, "num_statements": 4, "percent_covered": 100.0, "percent_covered_display": "100.00", "missing_lines": 0, "excluded_lines": 0, "percent_statements_covered": 100.0, "percent_statements_covered_display": "100.00"}, "missing_lines": [], "excluded_lines": []}, "InfoboxBaseGenerator.build_infobox": {"executed_lines": [23, 26, 28, 30, 31, 33, 39, 40, 42, 45, 46], "summary": {"covered_lines": 11, "num_statements": 13, "percent_covered": 84.61538461538461, "percent_covered_display": "84.62", "missing_lines": 2, "excluded_lines": 0, "percent_statements_covered": 84.61538461538461, "percent_statements_covered_display": "84.62"}, "missing_lines": [24, 43], "excluded_lines": []}, "InfoboxBaseGenerator.retrieve_field_mappings": {"executed_lines": [], "summary": {"covered_lines": 0, "num_statements": 0, "percent_covered": 100.0, "percent_covered_display": "100.00", "missing_lines": 0, "excluded_lines": 1, "percent_statements_covered": 100.0, "percent_statements_covered_display": "100.00"}, "missing_lines": [], "excluded_lines": [52]}, "InfoboxBaseGenerator.fetch_infobox_header": {"executed_lines": [], "summary": {"covered_lines": 0, "num_statements": 0, "percent_covered": 100.0, "percent_covered_display": "100.00", "missing_lines": 0, "excluded_lines": 1, "percent_statements_covered": 100.0, "percent_statements_covered_display": "100.00"}, "missing_lines": [], "excluded_lines": [56]}, "InfoboxBaseGenerator.retrieve_noted_fields": {"executed_lines": [], "summary": {"covered_lines": 0, "num_statements": 0, "percent_covered": 100.0, "percent_covered_display": "100.00", "missing_lines": 0, "excluded_lines": 1, "percent_statements_covered": 100.0, "percent_statements_covered_display": "100.00"}, "missing_lines": [], "excluded_lines": [60]}, "InfoboxBaseGenerator.is_supported_entity": {"executed_lines": [], "summary": {"covered_lines": 0, "num_statements": 0, "percent_covered": 100.0, "percent_covered_display": "100.00", "missing_lines": 0, "excluded_lines": 1, "percent_statements_covered": 100.0, "percent_statements_covered_display": "100.00"}, "missing_lines": [], "excluded_lines": [64]}, "InfoboxBaseGenerator.default_field_mapping": {"executed_lines": [], "summary": {"covered_lines": 0, "num_statements": 0, "percent_covered": 100.0, "percent_covered_display": "100.00", "missing_lines": 0, "excluded_lines": 1, "percent_statements_covered": 100.0, "percent_statements_covered_display": "100.00"}, "missing_lines": [], "excluded_lines": [69]}, "": {"executed_lines": [3, 4, 6, 7, 8, 9, 10, 11, 12, 15, 16, 22, 50, 51, 54, 55, 58, 59, 62, 63, 66, 67, 68], "summary": {"covered_lines": 12, "num_statements": 12, "percent_covered": 100.0, "percent_covered_display": "100.00", "missing_lines": 0, "excluded_lines": 11, "percent_statements_covered": 100.0, "percent_statements_covered_display": "100.00"}, "missing_lines": [], "excluded_lines": [50, 51, 54, 55, 58, 59, 62, 63, 66, 67, 68]}}, "classes": {"InfoboxBaseGenerator": {"executed_lines": [17, 18, 19, 20, 23, 26, 28, 30, 31, 33, 39, 40, 42, 45, 46], "summary": {"covered_lines": 15, "num_statements": 17, "percent_covered": 88.23529411764706, "percent_covered_display": "88.24", "missing_lines": 2, "excluded_lines": 5, "percent_statements_covered": 88.23529411764706, "percent_statements_covered_display": "88.24"}, "missing_lines": [24, 43], "excluded_lines": [52, 56, 60, 64, 69]}, "": {"executed_lines": [3, 4, 6, 7, 8, 9, 10, 11, 12, 15, 16, 22, 50, 51, 54, 55, 58, 59, 62, 63, 66, 67, 68], "summary": {"covered_lines": 12, "num_statements": 12, "percent_covered": 100.0, "percent_covered_display": "100.00", "missing_lines": 0, "excluded_lines": 11, "percent_statements_covered": 100.0, "percent_statements_covered_display": "100.00"}, "missing_lines": [], "excluded_lines": [50, 51, 54, 55, 58, 59, 62, 63, 66, 67, 68]}}}, "src\\generators\\base\\base_wikipedia_article_generator.py":
[...]
covered": 100.0, "percent_statements_covered_display": "100.00"}, "missing_lines": [], "excluded_lines": []}}, "classes": {"InfoboxField": {"executed_lines": [], "summary": {"covered_lines": 0, "num_statements": 0, "percent_covered": 100.0, "percent_covered_display": "100.00", "missing_lines": 0, "excluded_lines": 0, "percent_statements_covered": 100.0, "percent_statements_covered_display": "100.00"}, "missing_lines": [], "excluded_lines": []}, "FieldFormatter": {"executed_lines": [39, 42, 43, 45, 48, 52, 53, 60, 79, 80, 81, 82, 142, 144, 145, 146, 147, 149, 152, 153, 168, 169, 171, 173, 175, 180, 182, 189, 190, 193, 196, 199, 202, 204], "summary": {"covered_lines": 34, "num_statements": 102, "percent_covered": 33.333333333333336, "percent_covered_display": "33.33", "missing_lines": 68, "excluded_lines": 0, "percent_statements_covered": 33.333333333333336, "percent_statements_covered_display": "33.33"}, "missing_lines": [40, 54, 55, 56, 57, 59, 62, 63, 64, 69, 70, 71, 72, 73, 74, 83, 84, 85, 90, 92, 93, 94, 95, 96, 97, 98, 99, 100, 101, 102, 103, 104, 105, 106, 107, 108, 109, 110, 111, 112, 113, 114, 115, 116, 118, 119, 120, 121, 122, 123, 124, 125, 126, 127, 128, 129, 133, 134, 135, 136, 137, 138, 154, 155, 158, 184, 185, 186], "excluded_lines": []}, "": {"executed_lines": [2, 3, 5, 9, 10, 11, 13, 16, 17, 19, 20, 21, 22, 23, 24, 26, 27, 29, 30, 33, 34, 36, 37, 66, 67, 76, 77, 87, 88, 131, 132, 140, 160, 208], "summary": {"covered_lines": 32, "num_statements": 32, "percent_covered": 100.0, "percent_covered_display": "100.00", "missing_lines": 0, "excluded_lines": 0, "percent_statements_covered": 100.0, "percent_statements_covered_display": "100.00"}, "missing_lines": [], "excluded_lines": []}}}, "src\\utils\\lang\\french_articles.py": {"executed_lines": [4, 5, 8, 12, 13, 15, 16, 17, 24, 34, 35, 36, 37, 39, 47, 48, 50, 51, 52, 53, 70, 71, 72, 73, 74, 77, 92, 93, 95, 98], "summary": {"covered_lines": 30, "num_statements": 51, "percent_covered": 58.8235294117647, "percent_covered_display": "58.82", "missing_lines": 21, "excluded_lines": 0, "percent_statements_covered": 58.8235294117647, "percent_statements_covered_display": "58.82"}, "missing_lines": [18, 19, 20, 21, 40, 41, 42, 43, 45, 49, 55, 57, 58, 59, 60, 61, 62, 63, 65, 67, 96], "excluded_lines": [], "functions": {"starts_with_vowel_or_silent_h": {"executed_lines": [5], "summary": {"covered_lines": 1, "num_statements": 1, "percent_covered": 100.0, "percent_covered_display": "100.00", "missing_lines": 0, "excluded_lines": 0, "percent_statements_covered": 100.0, "percent_statements_covered_display": "100.00"}, "missing_lines": [], "excluded_lines": []}, "guess_grammatical_gender": {"executed_lines": [12, 13, 15, 16, 17], "summary": {"covered_lines": 5, "num_statements": 9, "percent_covered": 55.55555555555556, "percent_covered_display": "55.56", "missing_lines": 4, "excluded_lines": 0, "percent_statements_covered": 55.55555555555556, "percent_statements_covered_display": "55.56"}, "missing_lines": [18, 19, 20, 21], "excluded_lines": []}, "get_french_article": {"executed_lines": [34, 35, 36, 37, 39, 47, 48, 50, 51, 52, 53], "summary": {"covered_lines": 11, "num_statements": 27, "percent_covered": 40.74074074074074, "percent_covered_display": "40.74", "missing_lines": 16, "excluded_lines": 0, "percent_statements_covered": 40.74074074074074, "percent_statements_covered_display": "40.74"}, "missing_lines": [40, 41, 42, 43, 45, 49, 55, 57, 58, 59, 60, 61, 62, 63, 65, 67], "excluded_lines": []}, "format_noun": {"executed_lines": [71, 72, 73, 74], "summary": {"covered_lines": 4, "num_statements": 4, "percent_covered": 100.0, "percent_covered_display": "100.00", "missing_lines": 0, "excluded_lines": 0, "percent_statements_covered": 100.0, "percent_statements_covered_display": "100.00"}, "missing_lines": [], "excluded_lines": []}, "get_french_article_noun": {"executed_lines": [92, 93, 95, 98], "summary": {"covered_lines": 4, "num_statements": 5, "percent_covered": 80.0, "percent_covered_display": "80.00", "missing_lines": 1, "excluded_lines": 0, "percent_statements_covered": 80.0, "percent_statements_covered_display": "80.00"}, "missing_lines": [96], "excluded_lines": []}, "": {"executed_lines": [4, 8, 24, 70, 77], "summary": {"covered_lines": 5, "num_statements": 5, "percent_covered": 100.0, "percent_covered_display": "100.00", "missing_lines": 0, "excluded_lines": 0, "percent_statements_covered": 100.0, "percent_statements_covered_display": "100.00"}, "missing_lines": [], "excluded_lines": []}}, "classes": {"": {"executed_lines": [4, 5, 8, 12, 13, 15, 16, 17, 24, 34, 35, 36, 37, 39, 47, 48, 50, 51, 52, 53, 70, 71, 72, 73, 74, 77, 92, 93, 95, 98], "summary": {"covered_lines": 30, "num_statements": 51, "percent_covered": 58.8235294117647, "percent_covered_display": "58.82", "missing_lines": 21, "excluded_lines": 0, "percent_statements_covered": 58.8235294117647, "percent_statements_covered_display": "58.82"}, "missing_lines": [18, 19, 20, 21, 40, 41, 42, 43, 45, 49, 55, 57, 58, 59, 60, 61, 62, 63, 65, 67, 96], "excluded_lines": []}}}, "src\\utils\\lang\\phrase\\constellation.py": {"executed_lines": [1, 2, 5, 9, 10, 15, 16, 19, 20, 23, 24], "summary": {"covered_lines": 11, "num_statements": 11, "percent_covered": 100.0, "percent_covered_display": "100.00", "missing_lines": 0, "excluded_lines": 0, "percent_statements_covered": 100.0, "percent_statements_covered_display": "100.00"}, "missing_lines": [], "excluded_lines": [], "functions": {"get_constellation_article": {"executed_lines": [9, 10], "summary": {"covered_lines": 2, "num_statements": 2, "percent_covered": 100.0, "percent_covered_display": "100.00", "missing_lines": 0, "excluded_lines": 0, "percent_statements_covered": 100.0, "percent_statements_covered_display": "100.00"}, "missing_lines": [], "excluded_lines": []}, "phrase_de_la_constellation": {"executed_lines": [16], "summary": {"covered_lines": 1, "num_statements": 1, "percent_covered": 100.0, "percent_covered_display": "100.00", "missing_lines": 0, "excluded_lines": 0, "percent_statements_covered": 100.0, "percent_statements_covered_display": "100.00"}, "missing_lines": [], "excluded_lines": []}, "phrase_dans_constellation": {"executed_lines": [20], "summary": {"covered_lines": 1, "num_statements": 1, "percent_covered": 100.0, "percent_covered_display": "100.00", "missing_lines": 0, "excluded_lines": 0, "percent_statements_covered": 100.0, "percent_statements_covered_display": "100.00"}, "missing_lines": [], "excluded_lines": []}, "phrase_situee_dans_constellation": {"executed_lines": [24], "summary": {"covered_lines": 1, "num_statements": 1, "percent_covered": 100.0, "percent_covered_display": "100.00", "missing_lines": 0, "excluded_lines": 0, "percent_statements_covered": 100.0, "percent_statements_covered_display": "100.00"}, "missing_lines": [], "excluded_lines": []}, "": {"executed_lines": [1, 2, 5, 15, 19, 23], "summary": {"covered_lines": 6, "num_statements": 6, "percent_covered": 100.0, "percent_covered_display": "100.00", "missing_lines": 0, "excluded_lines": 0, "percent_statements_covered": 100.0, "percent_statements_covered_display": "100.00"}, "missing_lines": [], "excluded_lines": []}}, "classes": {"": {"executed_lines": [1, 2, 5, 9, 10, 15, 16, 19, 20, 23, 24], "summary": {"covered_lines": 11, "num_statements": 11, "percent_covered": 100.0, "percent_covered_display": "100.00", "missing_lines": 0, "excluded_lines": 0, "percent_statements_covered": 100.0, "percent_statements_covered_display": "100.00"}, "missing_lines": [], "excluded_lines": []}}}, "src\\utils\\validators\\infobox_validators.py": {"executed_lines": [2, 3, 6, 8, 11, 42], "summary": {"covered_lines": 6, "num_statements": 22, "percent_covered": 27.272727272727273, "percent_covered_display": "27.27", "missing_lines": 16, "excluded_lines": 0, "percent_statements_covered": 27.272727272727273, "percent_statements_covered_display": "27.27"}, "missing_lines": [16, 17, 19, 21, 22, 24, 27, 28, 30, 31, 33, 36, 37, 39, 44, 46], "excluded_lines": [], "functions": {"is_valid_infobox_note": {"executed_lines": [8], "summary": {"covered_lines": 1, "num_statements": 1, "percent_covered": 100.0, "percent_covered_display": "100.00", "missing_lines": 0, "excluded_lines": 0, "percent_statements_covered": 100.0, "percent_statements_covered_display": "100.00"}, "missing_lines": [], "excluded_lines": []}, "is_valid_infobox_value": {"executed_lines": [], "summary": {"covered_lines": 0, "num_statements": 14, "percent_covered": 0.0, "percent_covered_display": "0.00", "missing_lines": 14, "excluded_lines": 0, "percent_statements_covered": 0.0, "percent_statements_covered_display": "0.00"}, "missing_lines": [16, 17, 19, 21, 22, 24, 27, 28, 30, 31, 33, 36, 37, 39], "excluded_lines": []}, "is_needed_infobox_unit": {"executed_lines": [], "summary": {"covered_lines": 0, "num_statements": 2, "percent_covered": 0.0, "percent_covered_display": "0.00", "missing_lines": 2, "excluded_lines": 0, "percent_statements_covered": 0.0, "percent_statements_covered_display": "0.00"}, "missing_lines": [44, 46], "excluded_lines": []}, "": {"executed_lines": [2, 3, 6, 11, 42], "summary": {"covered_lines": 5, "num_statements": 5, "percent_covered": 100.0, "percent_covered_display": "100.00", "missing_lines": 0, "excluded_lines": 0, "percent_statements_covered": 100.0, "percent_statements_covered_display": "100.00"}, "missing_lines": [], "excluded_lines": []}}, "classes": {"": {"executed_lines": [2, 3, 6, 8, 11, 42], "summary": {"covered_lines": 6, "num_statements": 22, "percent_covered": 27.272727272727273, "percent_covered_display": "27.27", "missing_lines": 16, "excluded_lines": 0, "percent_statements_covered": 27.272727272727273, "percent_statements_covered_display": "27.27"}, "missing_lines": [16, 17, 19, 21, 22, 24, 27, 28, 30, 31, 33, 36, 37, 39, 44, 46], "excluded_lines": []}}}, "src\\utils\\wikipedia\\draft_utils.py": {"executed_lines": [2, 3, 5, 8, 13, 14, 17, 25, 31, 32, 34, 36, 37, 38, 39, 40, 41, 42, 50, 54, 55, 56, 59, 64, 65, 66, 74, 87, 88, 89, 90, 92, 95, 96, 97, 98, 99, 100, 101, 102, 106, 109, 110, 111, 112, 113, 114, 121, 134, 135, 136, 137, 139, 142, 143, 144, 145, 146, 147, 153, 156, 157, 158, 159, 160, 161, 173, 188, 190, 191, 194, 195, 197, 198, 201, 202, 203, 204, 205, 209, 210, 211, 212, 213, 216, 217], "summary": {"covered_lines": 86, "num_statements": 103, "percent_covered": 83.49514563106796, "percent_covered_display": "83.50", "missing_lines": 17, "excluded_lines": 0, "percent_statements_covered": 83.49514563106796, "percent_statements_covered_display": "83.50"}, "missing_lines": [103, 104, 115, 116, 117, 118, 148, 149, 150, 151, 162, 163, 164, 165, 221, 222, 223], "excluded_lines": [], "functions": {"sanitize_draft_filename": {"executed_lines": [31, 32, 34, 36, 37, 38, 39, 40, 41, 42], "summary": {"covered_lines": 10, "num_statements": 10, "percent_covered": 100.0, "percent_covered_display": "100.00", "missing_lines": 0, "excluded_lines": 0, "percent_statements_covered": 100.0, "percent_statements_covered_display": "100.00"}, "missing_lines": [], "excluded_lines": []}, "build_exoplanet_article_draft": {"executed_lines": [54, 55, 56], "summary": {"covered_lines": 3, "num_statements": 3, "percent_covered": 100.0, "percent_covered_display": "100.00", "missing_lines": 0, "excluded_lines": 0, "percent_statements_covered": 100.0, "percent_statements_covered_display": "100.00"}, "missing_lines": [], "excluded_lines": []}, "build_star_article_draft": {"executed_lines": [64, 65, 66], "summary": {"covered_lines": 3, "num_statements": 3, "percent_covered": 100.0, "percent_covered_display": "100.00", "missing_lines": 0, "excluded_lines": 0, "percent_statements_covered": 100.0, "percent_statements_covered_display": "100.00"}, "missing_lines": [], "excluded_lines": []}, "write_separated_exoplanet_drafts": {"executed_lines": [87, 88, 89, 90, 92, 95, 96, 97, 98, 99, 100, 101, 102, 106, 109, 110, 111, 112, 113, 114], "summary": {"covered_lines": 20, "num_statements": 26, "percent_covered": 76.92307692307692, "percent_covered_display": "76.92", "missing_lines": 6, "excluded_lines": 0, "percent_statements_covered": 76.92307692307692, "percent_statements_covered_display": "76.92"}, "missing_lines": [103, 104, 115, 116, 117, 118], "excluded_lines": []}, "write_separated_star_drafts": {"executed_lines": [134, 135, 136, 137, 139, 142, 143, 144, 145, 146, 147, 153, 156, 157, 158, 159, 160, 161], "summary": {"covered_lines": 18, "num_statements": 26, "percent_covered": 69.23076923076923, "percent_covered_display": "69.23", "missing_lines": 8, "excluded_lines": 0, "percent_statements_covered": 69.23076923076923, "percent_statements_covered_display": "69.23"}, "missing_lines": [148, 149, 150, 151, 162, 163, 164, 165], "excluded_lines": []}, "persist_drafts_by_entity_type": {"executed_lines": [188, 190, 191, 194, 195, 197, 198, 201, 202, 203, 204, 205, 209, 210, 211, 212, 213, 216, 217], "summary": {"covered_lines": 19, "num_statements": 22, "percent_covered": 86.36363636363636, "percent_covered_display": "86.36", "missing_lines": 3, "excluded_lines": 0, "percent_statements_covered": 86.36363636363636, "percent_statements_covered_display": "86.36"}, "missing_lines": [221, 222, 223], "excluded_lines": []}, "": {"executed_lines": [2, 3, 5, 8, 13, 14, 17, 25, 50, 59, 74, 121, 173], "summary": {"covered_lines": 13, "num_statements": 13, "percent_covered": 100.0, "percent_covered_display": "100.00", "missing_lines": 0, "excluded_lines": 0, "percent_statements_covered": 100.0, "percent_statements_covered_display": "100.00"}, "missing_lines": [], "excluded_lines": []}}, "classes": {"": {"executed_lines": [2, 3, 5, 8, 13, 14, 17, 25, 31, 32, 34, 36, 37, 38, 39, 40, 41, 42, 50, 54, 55, 56, 59, 64, 65, 66, 74, 87, 88, 89, 90, 92, 95, 96, 97, 98, 99, 100, 101, 102, 106, 109, 110, 111, 112, 113, 114, 121, 134, 135, 136, 137, 139, 142, 143, 144, 145, 146, 147, 153, 156, 157, 158, 159, 160, 161, 173, 188, 190, 191, 194, 195, 197, 198, 201, 202, 203, 204, 205, 209, 210, 211, 212, 213, 216, 217], "summary": {"covered_lines": 86, "num_statements": 103, "percent_covered": 83.49514563106796, "percent_covered_display": "83.50", "missing_lines": 17, "excluded_lines": 0, "percent_statements_covered": 83.49514563106796, "percent_statements_covered_display": "83.50"}, "missing_lines": [103, 104, 115, 116, 117, 118, 148, 149, 150, 151, 162, 163, 164, 165, 221, 222, 223], "excluded_lines": []}}}, "src\\utils\\wikipedia\\wikipedia_checker.py": {"executed_lines": [2, 3, 4, 5, 6, 8, 13, 19, 20, 21, 23, 24, 25, 26, 27, 28, 29, 32, 33, 37, 39, 40, 41, 42, 44, 51, 89, 95, 109, 124], "summary": {"covered_lines": 28, "num_statements": 84, "percent_covered": 33.333333333333336, "percent_covered_display": "33.33", "missing_lines": 56, "excluded_lines": 0, "percent_statements_covered": 33.333333333333336, "percent_statements_covered_display": "33.33"}, "missing_lines": [45, 46, 47, 48, 49, 56, 57, 59, 60, 62, 66, 67, 68, 69, 70, 71, 72, 74, 78, 87, 90, 96, 105, 106, 107, 112, 113, 114, 116, 117, 118, 119, 120, 122, 133, 134, 135, 137, 138, 139, 140, 141, 142, 143, 144, 145, 147, 148, 153, 155, 156, 157, 161, 162, 171, 173], "excluded_lines": [], "functions": {"WikipediaChecker.__init__": {"executed_lines": [40, 41, 42], "summary": {"covered_lines": 3, "num_statements": 3, "percent_covered": 100.0, "percent_covered_display": "100.00", "missing_lines": 0, "excluded_lines": 0, "percent_statements_covered": 100.0, "percent_statements_covered_display": "100.00"}, "missing_lines": [], "excluded_lines": []}, "WikipediaChecker._normalize_title": {"executed_lines": [], "summary": {"covered_lines": 0, "num_statements": 5, "percent_covered": 0.0, "percent_covered_display": "0.00", "missing_lines": 5, "excluded_lines": 0, "percent_statements_covered": 0.0, "percent_statements_covered_display": "0.00"}, "missing_lines": [45, 46, 47, 48, 49], "excluded_lines": []}, "WikipediaChecker.check_article_existence_batch": {"executed_lines": [], "summary": {"covered_lines": 0, "num_statements": 15, "percent_covered": 0.0, "percent_covered_display": "0.00", "missing_lines": 15, "excluded_lines": 0, "percent_statements_covered": 0.0, "percent_statements_covered_display": "0.00"}, "missing_lines": [56, 57, 59, 60, 62, 66, 67, 68, 69, 70, 71, 72, 74, 78, 87], "excluded_lines": []}, "WikipediaChecker.build_empty_article_info_results": {"executed_lines": [], "summary": {"covered_lines": 0, "num_statements": 1, "percent_covered": 0.0, "percent_covered_display": "0.00", "missing_lines": 1, "excluded_lines": 0, "percent_statements_covered": 0.0, "percent_statements_covered_display": "0.00"}, "missing_lines": [90], "excluded_lines": []}, "WikipediaChecker.fetch_raw_article_query_from_mediawiki": {"executed_lines": [], "summary": {"covered_lines": 0, "num_statements": 4, "percent_covered": 0.0, "percent_covered_display": "0.00", "missing_lines": 4, "excluded_lines": 0, "percent_statements_covered": 0.0, "percent_statements_covered_display": "0.00"}, "missing_lines": [96, 105, 106, 107], "excluded_lines": []}, "WikipediaChecker.build_title_normalization_and_redirect_maps": {"executed_lines": [], "summary": {"covered_lines": 0, "num_statements": 9, "percent_covered": 0.0, "percent_covered_display": "0.00", "missing_lines": 9, "excluded_lines": 0, "percent_statements_covered": 0.0, "percent_statements_covered_display": "0.00"}, "missing_lines": [112, 113, 114, 116, 117, 118, 119, 120, 122], "excluded_lines": []}, "WikipediaChecker.resolve_article_existence_from_pages": {"executed_lines": [], "summary": {"covered_lines": 0, "num_statements": 22, "percent_covered": 0.0, "percent_covered_display": "0.00", "missing_lines": 22, "excluded_lines": 0, "percent_statements_covered": 0.0, "percent_statements_covered_display": "0.00"}, "missing_lines": [133, 134, 135, 137, 138, 139, 140, 141, 142, 143, 144, 145, 147, 148, 153, 155, 156, 157, 161, 162, 171, 173], "excluded_lines": []}, "": {"executed_lines": [2, 3, 4, 5, 6, 8, 13, 19, 20, 21, 23, 24, 25, 26, 27, 28, 29, 32, 33, 37, 39, 44, 51, 89, 95, 109, 124], "summary": {"covered_lines": 25, "num_statements": 25, "percent_covered": 100.0, "percent_covered_display": "100.00", "missing_lines": 0, "excluded_lines": 0, "percent_statements_covered": 100.0, "percent_statements_covered_display": "100.00"}, "missing_lines": [], "excluded_lines": []}}, "classes": {"WikiArticleInfo": {"executed_lines": [], "summary": {"covered_lines": 0, "num_statements": 0, "percent_covered": 100.0, "percent_covered_display": "100.00", "missing_lines": 0, "excluded_lines": 0, "percent_statements_covered": 100.0, "percent_statements_covered_display": "100.00"}, "missing_lines": [], "excluded_lines": []}, "WikipediaChecker": {"executed_lines": [40, 41, 42], "summary": {"covered_lines": 3, "num_statements": 59, "percent_covered": 5.084745762711864, "percent_covered_display": "5.08", "missing_lines": 56, "excluded_lines": 0, "percent_statements_covered": 5.084745762711864, "percent_statements_covered_display": "5.08"}, "missing_lines": [45, 46, 47, 48, 49, 56, 57, 59, 60, 62, 66, 67, 68, 69, 70, 71, 72, 74, 78, 87, 90, 96, 105, 106, 107, 112, 113, 114, 116, 117, 118, 119, 120, 122, 133, 134, 135, 137, 138, 139, 140, 141, 142, 143, 144, 145, 147, 148, 153, 155, 156, 157, 161, 162, 171, 173], "excluded_lines": []}, "": {"executed_lines": [2, 3, 4, 5, 6, 8, 13, 19, 20, 21, 23, 24, 25, 26, 27, 28, 29, 32, 33, 37, 39, 44, 51, 89, 95, 109, 124], "summary": {"covered_lines": 25, "num_statements": 25, "percent_covered": 100.0, "percent_covered_display": "100.00", "missing_lines": 0, "excluded_lines": 0, "percent_statements_covered": 100.0, "percent_statements_covered_display": "100.00"}, "missing_lines": [], "excluded_lines": []}}}}, "totals": {"covered_lines": 2772, "num_statements": 3479, "percent_covered": 79.67806841046277, "percent_covered_display": "79.68", "missing_lines": 707, "excluded_lines": 58, "percent_statements_covered": 79.67806841046277, "percent_statements_covered_display": "79.68"}}