{"meta": {"format": 3, "version": "7.12.0", "timestamp": "2025-11-24T12:18:34.436143", "branch_coverage": false, "show_contexts": false}, "files": {"src\\collectors\\base_collector.py": {"executed_lines": [2, 3, 4, 5, 6, 8, 9, 11, 12, 13, 14, 16, 19, 20, 21, 22, 23, 24, 25, 26, 32, 33, 37, 38, 42, 43, 47, 48, 52, 53, 57, 58, 62, 63, 71, 73, 75, 76, 77, 78, 79, 80, 81, 82, 83, 84, 86, 87, 88, 90, 91, 92, 94, 95, 96, 97, 98, 99, 100, 102, 104, 105, 106, 107, 108, 109, 110, 112, 113, 114, 115, 116, 117, 118, 124, 125, 126, 127, 128, 129, 130, 132, 133, 135, 136, 138, 139, 140, 141, 142, 144, 145, 146, 147, 149, 151, 154, 155, 157, 158, 159, 160, 161, 163, 164, 165, 166, 167, 171, 172, 174, 177, 178, 179, 180, 182, 183], "summary": {"covered_lines": 117, "num_statements": 125, "percent_covered": 93.6, "percent_covered_display": "94", "missing_lines": 8, "excluded_lines": 0, "percent_statements_covered": 93.6, "percent_statements_covered_display": "94"}, "missing_lines": [35, 40, 45, 50, 55, 60, 65, 185], "excluded_lines": [], "functions": {"BaseCollector.__init__": {"executed_lines": [21, 22, 23, 24, 25, 26], "summary": {"covered_lines": 6, "num_statements": 6, "percent_covered": 100.0, "percent_covered_display": "100", "missing_lines": 0, "excluded_lines": 0, "percent_statements_covered": 100.0, "percent_statements_covered_display": "100"}, "missing_lines": [], "excluded_lines": []}, "BaseCollector.get_default_cache_filename": {"executed_lines": [], "summary": {"covered_lines": 0, "num_statements": 1, "percent_covered": 0.0, "percent_covered_display": "0", "missing_lines": 1, "excluded_lines": 0, "percent_statements_covered": 0.0, "percent_statements_covered_display": "0"}, "missing_lines": [35], "excluded_lines": []}, "BaseCollector.get_data_download_url": {"executed_lines": [], "summary": {"covered_lines": 0, "num_statements": 1, "percent_covered": 0.0, "percent_covered_display": "0", "missing_lines": 1, "excluded_lines": 0, "percent_statements_covered": 0.0, "percent_statements_covered_display": "0"}, "missing_lines": [40], "excluded_lines": []}, "BaseCollector.get_source_type": {"executed_lines": [], "summary": {"covered_lines": 0, "num_statements": 1, "percent_covered": 0.0, "percent_covered_display": "0", "missing_lines": 1, "excluded_lines": 0, "percent_statements_covered": 0.0, "percent_statements_covered_display": "0"}, "missing_lines": [45], "excluded_lines": []}, "BaseCollector.get_source_reference_url": {"executed_lines": [], "summary": {"covered_lines": 0, "num_statements": 1, "percent_covered": 0.0, "percent_covered_display": "0", "missing_lines": 1, "excluded_lines": 0, "percent_statements_covered": 0.0, "percent_statements_covered_display": "0"}, "missing_lines": [50], "excluded_lines": []}, "BaseCollector.get_required_csv_columns": {"executed_lines": [], "summary": {"covered_lines": 0, "num_statements": 1, "percent_covered": 0.0, "percent_covered_display": "0", "missing_lines": 1, "excluded_lines": 0, "percent_statements_covered": 0.0, "percent_statements_covered_display": "0"}, "missing_lines": [55], "excluded_lines": []}, "BaseCollector.transform_row_to_exoplanet": {"executed_lines": [], "summary": {"covered_lines": 0, "num_statements": 1, "percent_covered": 0.0, "percent_covered_display": "0", "missing_lines": 1, "excluded_lines": 0, "percent_statements_covered": 0.0, "percent_statements_covered_display": "0"}, "missing_lines": [60], "excluded_lines": []}, "BaseCollector.transform_row_to_star": {"executed_lines": [], "summary": {"covered_lines": 0, "num_statements": 1, "percent_covered": 0.0, "percent_covered_display": "0", "missing_lines": 1, "excluded_lines": 0, "percent_statements_covered": 0.0, "percent_statements_covered_display": "0"}, "missing_lines": [65], "excluded_lines": []}, "BaseCollector.get_csv_reader_options": {"executed_lines": [73], "summary": {"covered_lines": 1, "num_statements": 1, "percent_covered": 100.0, "percent_covered_display": "100", "missing_lines": 0, "excluded_lines": 0, "percent_statements_covered": 100.0, "percent_statements_covered_display": "100"}, "missing_lines": [], "excluded_lines": []}, "BaseCollector.read_csv_file": {"executed_lines": [76, 77, 78, 79, 80, 81, 82, 83, 84], "summary": {"covered_lines": 9, "num_statements": 9, "percent_covered": 100.0, "percent_covered_display": "100", "missing_lines": 0, "excluded_lines": 0, "percent_statements_covered": 100.0, "percent_statements_covered_display": "100"}, "missing_lines": [], "excluded_lines": []}, "BaseCollector.fetch_and_cache_csv_data": {"executed_lines": [87, 88, 90, 91, 92, 94, 95, 96, 97, 98, 99, 100, 102], "summary": {"covered_lines": 13, "num_statements": 13, "percent_covered": 100.0, "percent_covered_display": "100", "missing_lines": 0, "excluded_lines": 0, "percent_statements_covered": 100.0, "percent_statements_covered_display": "100"}, "missing_lines": [], "excluded_lines": []}, "BaseCollector.convert_to_float_if_possible": {"executed_lines": [105, 106, 107, 108, 109, 110], "summary": {"covered_lines": 6, "num_statements": 6, "percent_covered": 100.0, "percent_covered_display": "100", "missing_lines": 0, "excluded_lines": 0, "percent_statements_covered": 100.0, "percent_statements_covered_display": "100"}, "missing_lines": [], "excluded_lines": []}, "BaseCollector.validate_required_columns": {"executed_lines": [113, 114, 115, 116, 117, 118], "summary": {"covered_lines": 6, "num_statements": 6, "percent_covered": 100.0, "percent_covered_display": "100", "missing_lines": 0, "excluded_lines": 0, "percent_statements_covered": 100.0, "percent_statements_covered_display": "100"}, "missing_lines": [], "excluded_lines": []}, "BaseCollector.load_source_dataframe": {"executed_lines": [125, 126, 127, 128, 129, 130, 132, 133, 135, 136, 138, 139, 140, 141, 142, 144, 145, 146, 147, 149], "summary": {"covered_lines": 20, "num_statements": 20, "percent_covered": 100.0, "percent_covered_display": "100", "missing_lines": 0, "excluded_lines": 0, "percent_statements_covered": 100.0, "percent_statements_covered_display": "100"}, "missing_lines": [], "excluded_lines": []}, "BaseCollector.extract_entities_from_dataframe": {"executed_lines": [154, 155, 157, 158, 159, 160, 161, 163, 164, 165, 166, 167, 171, 172], "summary": {"covered_lines": 14, "num_statements": 14, "percent_covered": 100.0, "percent_covered_display": "100", "missing_lines": 0, "excluded_lines": 0, "percent_statements_covered": 100.0, "percent_statements_covered_display": "100"}, "missing_lines": [], "excluded_lines": []}, "BaseCollector.collect_entities_from_source": {"executed_lines": [177, 178, 179, 180, 182, 183], "summary": {"covered_lines": 6, "num_statements": 7, "percent_covered": 85.71428571428571, "percent_covered_display": "86", "missing_lines": 1, "excluded_lines": 0, "percent_statements_covered": 85.71428571428571, "percent_statements_covered_display": "86"}, "missing_lines": [185], "excluded_lines": []}, "": {"executed_lines": [2, 3, 4, 5, 6, 8, 9, 11, 12, 13, 14, 16, 19, 20, 32, 33, 37, 38, 42, 43, 47, 48, 52, 53, 57, 58, 62, 63, 71, 75, 86, 104, 112, 124, 151, 174], "summary": {"covered_lines": 36, "num_statements": 36, "percent_covered": 100.0, "percent_covered_display": "100", "missing_lines": 0, "excluded_lines": 0, "percent_statements_covered": 100.0, "percent_statements_covered_display": "100"}, "missing_lines": [], "excluded_lines": []}}, "classes": {"BaseCollector": {"executed_lines": [21, 22, 23, 24, 25, 26, 73, 76, 77, 78, 79, 80, 81, 82, 83, 84, 87, 88, 90, 91, 92, 94, 95, 96, 97, 98, 99, 100, 102, 105, 106, 107, 108, 109, 110, 113, 114, 115, 116, 117, 118, 125, 126, 127, 128, 129, 130, 132, 133, 135, 136, 138, 139, 140, 141, 142, 144, 145, 146, 147, 149, 154, 155, 157, 158, 159, 160, 161, 163, 164, 165, 166, 167, 171, 172, 177, 178, 179, 180, 182, 183], "summary": {"covered_lines": 81, "num_statements": 89, "percent_covered": 91.01123595505618, "percent_covered_display": "91", "missing_lines": 8, "excluded_lines": 0, "percent_statements_covered": 91.01123595505618, "percent_statements_covered_display": "91"}, "missing_lines": [35, 40, 45, 50, 55, 60, 65, 185], "excluded_lines": []}, "": {"executed_lines": [2, 3, 4, 5, 6, 8, 9, 11, 12, 13, 14, 16, 19, 20, 32, 33, 37, 38, 42, 43, 47, 48, 52, 53, 57, 58, 62, 63, 71, 75, 86, 104, 112, 124, 151, 174], "summary": {"covered_lines": 36, "num_statements": 36, "percent_covered": 100.0, "percent_covered_display": "100", "missing_lines": 0, "excluded_lines": 0, "percent_statements_covered": 100.0, "percent_statements_covered_display": "100"}, "missing_lines": [], "excluded_lines": []}}}, "src\\collectors\\implementations\\exoplanet_eu_collector.py": {"executed_lines": [2, 3, 5, 7, 8, 9, 10, 12, 15, 16, 17, 19, 20, 22, 23, 25, 26, 28, 29, 31, 32, 34, 35, 37, 38, 46, 47, 48, 50, 51, 56, 57, 58, 60, 61, 69, 70, 71, 77, 78, 79, 85, 87, 88, 89, 90, 91, 92, 93, 95, 96, 97, 98, 101, 104, 110, 116, 117, 118, 119, 121, 123, 124, 128, 130, 140], "summary": {"covered_lines": 66, "num_statements": 66, "percent_covered": 100.0, "percent_covered_display": "100", "missing_lines": 0, "excluded_lines": 0, "percent_statements_covered": 100.0, "percent_statements_covered_display": "100"}, "missing_lines": [], "excluded_lines": [], "functions": {"ExoplanetEUCollector.__init__": {"executed_lines": [17], "summary": {"covered_lines": 1, "num_statements": 1, "percent_covered": 100.0, "percent_covered_display": "100", "missing_lines": 0, "excluded_lines": 0, "percent_statements_covered": 100.0, "percent_statements_covered_display": "100"}, "missing_lines": [], "excluded_lines": []}, "ExoplanetEUCollector.get_default_cache_filename": {"executed_lines": [20], "summary": {"covered_lines": 1, "num_statements": 1, "percent_covered": 100.0, "percent_covered_display": "100", "missing_lines": 0, "excluded_lines": 0, "percent_statements_covered": 100.0, "percent_statements_covered_display": "100"}, "missing_lines": [], "excluded_lines": []}, "ExoplanetEUCollector.get_data_download_url": {"executed_lines": [23], "summary": {"covered_lines": 1, "num_statements": 1, "percent_covered": 100.0, "percent_covered_display": "100", "missing_lines": 0, "excluded_lines": 0, "percent_statements_covered": 100.0, "percent_statements_covered_display": "100"}, "missing_lines": [], "excluded_lines": []}, "ExoplanetEUCollector.get_source_type": {"executed_lines": [26], "summary": {"covered_lines": 1, "num_statements": 1, "percent_covered": 100.0, "percent_covered_display": "100", "missing_lines": 0, "excluded_lines": 0, "percent_statements_covered": 100.0, "percent_statements_covered_display": "100"}, "missing_lines": [], "excluded_lines": []}, "ExoplanetEUCollector.get_source_reference_url": {"executed_lines": [29], "summary": {"covered_lines": 1, "num_statements": 1, "percent_covered": 100.0, "percent_covered_display": "100", "missing_lines": 0, "excluded_lines": 0, "percent_statements_covered": 100.0, "percent_statements_covered_display": "100"}, "missing_lines": [], "excluded_lines": []}, "ExoplanetEUCollector.get_required_csv_columns": {"executed_lines": [32], "summary": {"covered_lines": 1, "num_statements": 1, "percent_covered": 100.0, "percent_covered_display": "100", "missing_lines": 0, "excluded_lines": 0, "percent_statements_covered": 100.0, "percent_statements_covered_display": "100"}, "missing_lines": [], "excluded_lines": []}, "ExoplanetEUCollector.get_csv_reader_options": {"executed_lines": [35], "summary": {"covered_lines": 1, "num_statements": 1, "percent_covered": 100.0, "percent_covered_display": "100", "missing_lines": 0, "excluded_lines": 0, "percent_statements_covered": 100.0, "percent_statements_covered_display": "100"}, "missing_lines": [], "excluded_lines": []}, "ExoplanetEUCollector._set_orbital_characteristics": {"executed_lines": [38, 46, 47, 48], "summary": {"covered_lines": 4, "num_statements": 4, "percent_covered": 100.0, "percent_covered_display": "100", "missing_lines": 0, "excluded_lines": 0, "percent_statements_covered": 100.0, "percent_statements_covered_display": "100"}, "missing_lines": [], "excluded_lines": []}, "ExoplanetEUCollector._set_physical_characteristics": {"executed_lines": [51, 56, 57, 58], "summary": {"covered_lines": 4, "num_statements": 4, "percent_covered": 100.0, "percent_covered_display": "100", "missing_lines": 0, "excluded_lines": 0, "percent_statements_covered": 100.0, "percent_statements_covered_display": "100"}, "missing_lines": [], "excluded_lines": []}, "ExoplanetEUCollector._set_star_info": {"executed_lines": [61, 69, 70, 71, 77, 78, 79, 85], "summary": {"covered_lines": 8, "num_statements": 8, "percent_covered": 100.0, "percent_covered_display": "100", "missing_lines": 0, "excluded_lines": 0, "percent_statements_covered": 100.0, "percent_statements_covered_display": "100"}, "missing_lines": [], "excluded_lines": []}, "ExoplanetEUCollector._set_alt_names": {"executed_lines": [88, 89, 90, 91, 92, 93], "summary": {"covered_lines": 6, "num_statements": 6, "percent_covered": 100.0, "percent_covered_display": "100", "missing_lines": 0, "excluded_lines": 0, "percent_statements_covered": 100.0, "percent_statements_covered_display": "100"}, "missing_lines": [], "excluded_lines": []}, "ExoplanetEUCollector.transform_row_to_exoplanet": {"executed_lines": [96, 97, 98, 101, 104, 110, 116, 117, 118, 119, 121, 123, 124, 128], "summary": {"covered_lines": 14, "num_statements": 14, "percent_covered": 100.0, "percent_covered_display": "100", "missing_lines": 0, "excluded_lines": 0, "percent_statements_covered": 100.0, "percent_statements_covered_display": "100"}, "missing_lines": [], "excluded_lines": []}, "ExoplanetEUCollector.transform_row_to_star": {"executed_lines": [140], "summary": {"covered_lines": 1, "num_statements": 1, "percent_covered": 100.0, "percent_covered_display": "100", "missing_lines": 0, "excluded_lines": 0, "percent_statements_covered": 100.0, "percent_statements_covered_display": "100"}, "missing_lines": [], "excluded_lines": []}, "": {"executed_lines": [2, 3, 5, 7, 8, 9, 10, 12, 15, 16, 19, 22, 25, 28, 31, 34, 37, 50, 60, 87, 95, 130], "summary": {"covered_lines": 22, "num_statements": 22, "percent_covered": 100.0, "percent_covered_display": "100", "missing_lines": 0, "excluded_lines": 0, "percent_statements_covered": 100.0, "percent_statements_covered_display": "100"}, "missing_lines": [], "excluded_lines": []}}, "classes": {"ExoplanetEUCollector": {"executed_lines": [17, 20, 23, 26, 29, 32, 35, 38, 46, 47, 48, 51, 56, 57, 58, 61, 69, 70, 71, 77, 78, 79, 85, 88, 89, 90, 91, 92, 93, 96, 97, 98, 101, 104, 110, 116, 117, 118, 119, 121, 123, 124, 128, 140], "summary": {"covered_lines": 44, "num_statements": 44, "percent_covered": 100.0, "percent_covered_display": "100", "missing_lines": 0, "excluded_lines": 0, "percent_statements_covered": 100.0, "percent_statements_covered_display": "100"}, "missing_lines": [], "excluded_lines": []}, "": {"executed_lines": [2, 3, 5, 7, 8, 9, 10, 12, 15, 16, 19, 22, 25, 28, 31, 34, 37, 50, 60, 87, 95, 130], "summary": {"covered_lines": 22, "num_statements": 22, "percent_covered": 100.0, "percent_covered_display": "100", "missing_lines": 0, "excluded_lines": 0, "percent_statements_covered": 100.0, "percent_statements_covered_display": "100"}, "missing_lines": [], "excluded_lines": []}}}, "src\\collectors\\implementations\\nasa_exoplanet_archive_collector.py": {"executed_lines": [2, 3, 5, 7, 8, 9, 10, 11, 12, 14, 17, 18, 19, 23, 29, 31, 32, 34, 35, 36, 37, 38, 40, 41, 43, 44, 46, 47, 49, 50, 52, 55, 57, 62, 63, 65, 66, 67, 70, 73, 74, 75, 76, 80, 82, 87, 88, 90, 91, 92, 95, 98, 99, 100, 101, 105], "summary": {"covered_lines": 56, "num_statements": 56, "percent_covered": 100.0, "percent_covered_display": "100", "missing_lines": 0, "excluded_lines": 0, "percent_statements_covered": 100.0, "percent_statements_covered_display": "100"}, "missing_lines": [], "excluded_lines": [], "functions": {"NasaExoplanetArchiveCollector.__init__": {"executed_lines": [29, 31, 32], "summary": {"covered_lines": 3, "num_statements": 3, "percent_covered": 100.0, "percent_covered_display": "100", "missing_lines": 0, "excluded_lines": 0, "percent_statements_covered": 100.0, "percent_statements_covered_display": "100"}, "missing_lines": [], "excluded_lines": []}, "NasaExoplanetArchiveCollector.get_default_cache_filename": {"executed_lines": [35, 36, 37, 38], "summary": {"covered_lines": 4, "num_statements": 4, "percent_covered": 100.0, "percent_covered_display": "100", "missing_lines": 0, "excluded_lines": 0, "percent_statements_covered": 100.0, "percent_statements_covered_display": "100"}, "missing_lines": [], "excluded_lines": []}, "NasaExoplanetArchiveCollector.get_data_download_url": {"executed_lines": [41], "summary": {"covered_lines": 1, "num_statements": 1, "percent_covered": 100.0, "percent_covered_display": "100", "missing_lines": 0, "excluded_lines": 0, "percent_statements_covered": 100.0, "percent_statements_covered_display": "100"}, "missing_lines": [], "excluded_lines": []}, "NasaExoplanetArchiveCollector.get_source_type": {"executed_lines": [44], "summary": {"covered_lines": 1, "num_statements": 1, "percent_covered": 100.0, "percent_covered_display": "100", "missing_lines": 0, "excluded_lines": 0, "percent_statements_covered": 100.0, "percent_statements_covered_display": "100"}, "missing_lines": [], "excluded_lines": []}, "NasaExoplanetArchiveCollector.get_source_reference_url": {"executed_lines": [47], "summary": {"covered_lines": 1, "num_statements": 1, "percent_covered": 100.0, "percent_covered_display": "100", "missing_lines": 0, "excluded_lines": 0, "percent_statements_covered": 100.0, "percent_statements_covered_display": "100"}, "missing_lines": [], "excluded_lines": []}, "NasaExoplanetArchiveCollector.get_required_csv_columns": {"executed_lines": [50], "summary": {"covered_lines": 1, "num_statements": 1, "percent_covered": 100.0, "percent_covered_display": "100", "missing_lines": 0, "excluded_lines": 0, "percent_statements_covered": 100.0, "percent_statements_covered_display": "100"}, "missing_lines": [], "excluded_lines": []}, "NasaExoplanetArchiveCollector.get_csv_reader_options": {"executed_lines": [55], "summary": {"covered_lines": 1, "num_statements": 1, "percent_covered": 100.0, "percent_covered_display": "100", "missing_lines": 0, "excluded_lines": 0, "percent_statements_covered": 100.0, "percent_statements_covered_display": "100"}, "missing_lines": [], "excluded_lines": []}, "NasaExoplanetArchiveCollector.transform_row_to_exoplanet": {"executed_lines": [62, 63, 65, 66, 67, 70, 73, 74, 75, 76, 80], "summary": {"covered_lines": 11, "num_statements": 11, "percent_covered": 100.0, "percent_covered_display": "100", "missing_lines": 0, "excluded_lines": 0, "percent_statements_covered": 100.0, "percent_statements_covered_display": "100"}, "missing_lines": [], "excluded_lines": []}, "NasaExoplanetArchiveCollector.transform_row_to_star": {"executed_lines": [87, 88, 90, 91, 92, 95, 98, 99, 100, 101, 105], "summary": {"covered_lines": 11, "num_statements": 11, "percent_covered": 100.0, "percent_covered_display": "100", "missing_lines": 0, "excluded_lines": 0, "percent_statements_covered": 100.0, "percent_statements_covered_display": "100"}, "missing_lines": [], "excluded_lines": []}, "": {"executed_lines": [2, 3, 5, 7, 8, 9, 10, 11, 12, 14, 17, 18, 19, 23, 34, 40, 43, 46, 49, 52, 57, 82], "summary": {"covered_lines": 22, "num_statements": 22, "percent_covered": 100.0, "percent_covered_display": "100", "missing_lines": 0, "excluded_lines": 0, "percent_statements_covered": 100.0, "percent_statements_covered_display": "100"}, "missing_lines": [], "excluded_lines": []}}, "classes": {"NasaExoplanetArchiveCollector": {"executed_lines": [29, 31, 32, 35, 36, 37, 38, 41, 44, 47, 50, 55, 62, 63, 65, 66, 67, 70, 73, 74, 75, 76, 80, 87, 88, 90, 91, 92, 95, 98, 99, 100, 101, 105], "summary": {"covered_lines": 34, "num_statements": 34, "percent_covered": 100.0, "percent_covered_display": "100", "missing_lines": 0, "excluded_lines": 0, "percent_statements_covered": 100.0, "percent_statements_covered_display": "100"}, "missing_lines": [], "excluded_lines": []}, "": {"executed_lines": [2, 3, 5, 7, 8, 9, 10, 11, 12, 14, 17, 18, 19, 23, 34, 40, 43, 46, 49, 52, 57, 82], "summary": {"covered_lines": 22, "num_statements": 22, "percent_covered": 100.0, "percent_covered_display": "100", "missing_lines": 0, "excluded_lines": 0, "percent_statements_covered": 100.0, "percent_statements_covered_display": "100"}, "missing_lines": [], "excluded_lines": []}}}, "src\\collectors\\implementations\\open_exoplanet_catalogue_collector.py": {"executed_lines": [2, 4, 6, 7, 8, 9, 11, 14, 15, 16, 18, 19, 21, 22, 24, 25, 27, 28, 30, 32, 36, 37, 45, 46, 47, 49, 50, 55, 56, 57, 59, 60, 68, 69, 70, 76, 77, 78, 84, 86, 87, 88, 89, 90, 91, 92, 94, 95, 96, 97, 100, 103, 109, 115, 116, 117, 118, 120, 122, 123, 127, 129, 139], "summary": {"covered_lines": 63, "num_statements": 63, "percent_covered": 100.0, "percent_covered_display": "100", "missing_lines": 0, "excluded_lines": 0, "percent_statements_covered": 100.0, "percent_statements_covered_display": "100"}, "missing_lines": [], "excluded_lines": [], "functions": {"OpenExoplanetCatalogueCollector.__init__": {"executed_lines": [16], "summary": {"covered_lines": 1, "num_statements": 1, "percent_covered": 100.0, "percent_covered_display": "100", "missing_lines": 0, "excluded_lines": 0, "percent_statements_covered": 100.0, "percent_statements_covered_display": "100"}, "missing_lines": [], "excluded_lines": []}, "OpenExoplanetCatalogueCollector.get_default_cache_filename": {"executed_lines": [19], "summary": {"covered_lines": 1, "num_statements": 1, "percent_covered": 100.0, "percent_covered_display": "100", "missing_lines": 0, "excluded_lines": 0, "percent_statements_covered": 100.0, "percent_statements_covered_display": "100"}, "missing_lines": [], "excluded_lines": []}, "OpenExoplanetCatalogueCollector.get_data_download_url": {"executed_lines": [22], "summary": {"covered_lines": 1, "num_statements": 1, "percent_covered": 100.0, "percent_covered_display": "100", "missing_lines": 0, "excluded_lines": 0, "percent_statements_covered": 100.0, "percent_statements_covered_display": "100"}, "missing_lines": [], "excluded_lines": []}, "OpenExoplanetCatalogueCollector.get_source_type": {"executed_lines": [25], "summary": {"covered_lines": 1, "num_statements": 1, "percent_covered": 100.0, "percent_covered_display": "100", "missing_lines": 0, "excluded_lines": 0, "percent_statements_covered": 100.0, "percent_statements_covered_display": "100"}, "missing_lines": [], "excluded_lines": []}, "OpenExoplanetCatalogueCollector.get_source_reference_url": {"executed_lines": [28], "summary": {"covered_lines": 1, "num_statements": 1, "percent_covered": 100.0, "percent_covered_display": "100", "missing_lines": 0, "excluded_lines": 0, "percent_statements_covered": 100.0, "percent_statements_covered_display": "100"}, "missing_lines": [], "excluded_lines": []}, "OpenExoplanetCatalogueCollector.get_required_csv_columns": {"executed_lines": [32], "summary": {"covered_lines": 1, "num_statements": 1, "percent_covered": 100.0, "percent_covered_display": "100", "missing_lines": 0, "excluded_lines": 0, "percent_statements_covered": 100.0, "percent_statements_covered_display": "100"}, "missing_lines": [], "excluded_lines": []}, "OpenExoplanetCatalogueCollector._set_orbital_characteristics": {"executed_lines": [37, 45, 46, 47], "summary": {"covered_lines": 4, "num_statements": 4, "percent_covered": 100.0, "percent_covered_display": "100", "missing_lines": 0, "excluded_lines": 0, "percent_statements_covered": 100.0, "percent_statements_covered_display": "100"}, "missing_lines": [], "excluded_lines": []}, "OpenExoplanetCatalogueCollector._set_physical_characteristics": {"executed_lines": [50, 55, 56, 57], "summary": {"covered_lines": 4, "num_statements": 4, "percent_covered": 100.0, "percent_covered_display": "100", "missing_lines": 0, "excluded_lines": 0, "percent_statements_covered": 100.0, "percent_statements_covered_display": "100"}, "missing_lines": [], "excluded_lines": []}, "OpenExoplanetCatalogueCollector._set_star_info": {"executed_lines": [60, 68, 69, 70, 76, 77, 78, 84], "summary": {"covered_lines": 8, "num_statements": 8, "percent_covered": 100.0, "percent_covered_display": "100", "missing_lines": 0, "excluded_lines": 0, "percent_statements_covered": 100.0, "percent_statements_covered_display": "100"}, "missing_lines": [], "excluded_lines": []}, "OpenExoplanetCatalogueCollector._set_alt_names": {"executed_lines": [87, 88, 89, 90, 91, 92], "summary": {"covered_lines": 6, "num_statements": 6, "percent_covered": 100.0, "percent_covered_display": "100", "missing_lines": 0, "excluded_lines": 0, "percent_statements_covered": 100.0, "percent_statements_covered_display": "100"}, "missing_lines": [], "excluded_lines": []}, "OpenExoplanetCatalogueCollector.transform_row_to_exoplanet": {"executed_lines": [95, 96, 97, 100, 103, 109, 115, 116, 117, 118, 120, 122, 123, 127], "summary": {"covered_lines": 14, "num_statements": 14, "percent_covered": 100.0, "percent_covered_display": "100", "missing_lines": 0, "excluded_lines": 0, "percent_statements_covered": 100.0, "percent_statements_covered_display": "100"}, "missing_lines": [], "excluded_lines": []}, "OpenExoplanetCatalogueCollector.transform_row_to_star": {"executed_lines": [139], "summary": {"covered_lines": 1, "num_statements": 1, "percent_covered": 100.0, "percent_covered_display": "100", "missing_lines": 0, "excluded_lines": 0, "percent_statements_covered": 100.0, "percent_statements_covered_display": "100"}, "missing_lines": [], "excluded_lines": []}, "": {"executed_lines": [2, 4, 6, 7, 8, 9, 11, 14, 15, 18, 21, 24, 27, 30, 36, 49, 59, 86, 94, 129], "summary": {"covered_lines": 20, "num_statements": 20, "percent_covered": 100.0, "percent_covered_display": "100", "missing_lines": 0, "excluded_lines": 0, "percent_statements_covered": 100.0, "percent_statements_covered_display": "100"}, "missing_lines": [], "excluded_lines": []}}, "classes": {"OpenExoplanetCatalogueCollector": {"executed_lines": [16, 19, 22, 25, 28, 32, 37, 45, 46, 47, 50, 55, 56, 57, 60, 68, 69, 70, 76, 77, 78, 84, 87, 88, 89, 90, 91, 92, 95, 96, 97, 100, 103, 109, 115, 116, 117, 118, 120, 122, 123, 127, 139], "summary": {"covered_lines": 43, "num_statements": 43, "percent_covered": 100.0, "percent_covered_display": "100", "missing_lines": 0, "excluded_lines": 0, "percent_statements_covered": 100.0, "percent_statements_covered_display": "100"}, "missing_lines": [], "excluded_lines": []}, "": {"executed_lines": [2, 4, 6, 7, 8, 9, 11, 14, 15, 18, 21, 24, 27, 30, 36, 49, 59, 86, 94, 129], "summary": {"covered_lines": 20, "num_statements": 20, "percent_covered": 100.0, "percent_covered_display": "100", "missing_lines": 0, "excluded_lines": 0, "percent_statements_covered": 100.0, "percent_statements_covered_display": "100"}, "missing_lines": [], "excluded_lines": []}}}, "src\\constants\\wikipedia_field_config.py": {"executed_lines": [3, 43, 86, 102, 121, 163, 238, 330, 421], "summary": {"covered_lines": 9, "num_statements": 9, "percent_covered": 100.0, "percent_covered_display": "100", "missing_lines": 0, "excluded_lines": 0, "percent_statements_covered": 100.0, "percent_statements_covered_display": "100"}, "missing_lines": [], "excluded_lines": [], "functions": {"": {"executed_lines": [3, 43, 86, 102, 121, 163, 238, 330, 421], "summary": {"covered_lines": 9, "num_statements": 9, "percent_covered": 100.0, "percent_covered_display": "100", "missing_lines": 0, "excluded_lines": 0, "percent_statements_covered": 100.0, "percent_statements_covered_display": "100"}, "missing_lines": [], "excluded_lines": []}}, "classes": {"": {"executed_lines": [3, 43, 86, 102, 121, 163, 238, 330, 421], "summary": {"covered_lines": 9, "num_statements": 9, "percent_covered": 100.0, "percent_covered_display": "100", "missing_lines": 0, "excluded_lines": 0, "percent_statements_covered": 100.0, "percent_statements_covered_display": "100"}, "missing_lines": [], "excluded_lines": []}}}, "src\\core\\config.py": {"executed_lines": [2, 5, 8, 11, 12, 13, 14, 17, 22, 29], "summary": {"covered_lines": 10, "num_statements": 10, "percent_covered": 100.0, "percent_covered_display": "100", "missing_lines": 0, "excluded_lines": 0, "percent_statements_covered": 100.0, "percent_statements_covered_display": "100"}, "missing_lines": [], "excluded_lines": [], "functions": {"": {"executed_lines": [2, 5, 8, 11, 12, 13, 14, 17, 22, 29], "summary": {"covered_lines": 10, "num_statements": 10, "percent_covered": 100.0, "percent_covered_display": "100", "missing_lines": 0, "excluded_lines": 0, "percent_statements_covered": 100.0, "percent_statements_covered_display": "100"}, "missing_lines": [], "excluded_lines": []}}, "classes": {"": {"executed_lines": [2, 5, 8, 11, 12, 13, 14, 17, 22, 29], "summary": {"covered_lines": 10, "num_statements": 10, "percent_covered": 100.0, "percent_covered_display": "100", "missing_lines": 0, "excluded_lines": 0, "percent_statements_covered": 100.0, "percent_statements_covered_display": "100"}, "missing_lines": [], "excluded_lines": []}}}, "src\\generators\\articles\\exoplanet\\exoplanet_article_generator.py": {"executed_lines": [3, 4, 6, 23, 26, 27, 30, 31, 35, 36, 37, 41, 42, 43, 46, 48, 49, 52, 55, 57, 58, 61, 62, 63, 64, 65, 66, 67, 68, 69, 70, 71, 72, 73, 75, 81, 87, 88, 90, 94, 99, 101, 107, 121, 123, 127, 134, 136, 141, 143, 147, 150, 151, 152, 154], "summary": {"covered_lines": 54, "num_statements": 57, "percent_covered": 94.73684210526316, "percent_covered_display": "95", "missing_lines": 3, "excluded_lines": 0, "percent_statements_covered": 94.73684210526316, "percent_statements_covered_display": "95"}, "missing_lines": [38, 39, 148], "excluded_lines": [], "functions": {"ExoplanetWikipediaArticleGenerator.__init__": {"executed_lines": [36, 37, 41, 42, 43, 46, 48, 49, 52, 55, 57, 58, 61, 62, 63, 64, 65, 66, 67, 68, 69, 70, 71, 72, 73], "summary": {"covered_lines": 25, "num_statements": 27, "percent_covered": 92.5925925925926, "percent_covered_display": "93", "missing_lines": 2, "excluded_lines": 0, "percent_statements_covered": 92.5925925925926, "percent_statements_covered_display": "93"}, "missing_lines": [38, 39], "excluded_lines": []}, "ExoplanetWikipediaArticleGenerator.compose_wikipedia_article_content": {"executed_lines": [81, 87, 88], "summary": {"covered_lines": 3, "num_statements": 3, "percent_covered": 100.0, "percent_covered_display": "100", "missing_lines": 0, "excluded_lines": 0, "percent_statements_covered": 100.0, "percent_statements_covered_display": "100"}, "missing_lines": [], "excluded_lines": []}, "ExoplanetWikipediaArticleGenerator._build_top_content": {"executed_lines": [94, 99], "summary": {"covered_lines": 2, "num_statements": 2, "percent_covered": 100.0, "percent_covered_display": "100", "missing_lines": 0, "excluded_lines": 0, "percent_statements_covered": 100.0, "percent_statements_covered_display": "100"}, "missing_lines": [], "excluded_lines": []}, "ExoplanetWikipediaArticleGenerator._compose_main_content": {"executed_lines": [107, 121], "summary": {"covered_lines": 2, "num_statements": 2, "percent_covered": 100.0, "percent_covered_display": "100", "missing_lines": 0, "excluded_lines": 0, "percent_statements_covered": 100.0, "percent_statements_covered_display": "100"}, "missing_lines": [], "excluded_lines": []}, "ExoplanetWikipediaArticleGenerator._build_bottom_content": {"executed_lines": [127, 134], "summary": {"covered_lines": 2, "num_statements": 2, "percent_covered": 100.0, "percent_covered_display": "100", "missing_lines": 0, "excluded_lines": 0, "percent_statements_covered": 100.0, "percent_statements_covered_display": "100"}, "missing_lines": [], "excluded_lines": []}, "ExoplanetWikipediaArticleGenerator.build_category_section": {"executed_lines": [141], "summary": {"covered_lines": 1, "num_statements": 1, "percent_covered": 100.0, "percent_covered_display": "100", "missing_lines": 0, "excluded_lines": 0, "percent_statements_covered": 100.0, "percent_statements_covered_display": "100"}, "missing_lines": [], "excluded_lines": []}, "ExoplanetWikipediaArticleGenerator.replace_first_reference_with_full": {"executed_lines": [147, 150, 151, 152, 154], "summary": {"covered_lines": 5, "num_statements": 6, "percent_covered": 83.33333333333333, "percent_covered_display": "83", "missing_lines": 1, "excluded_lines": 0, "percent_statements_covered": 83.33333333333333, "percent_statements_covered_display": "83"}, "missing_lines": [148], "excluded_lines": []}, "": {"executed_lines": [3, 4, 6, 23, 26, 27, 30, 31, 35, 75, 90, 101, 123, 136, 143], "summary": {"covered_lines": 14, "num_statements": 14, "percent_covered": 100.0, "percent_covered_display": "100", "missing_lines": 0, "excluded_lines": 0, "percent_statements_covered": 100.0, "percent_statements_covered_display": "100"}, "missing_lines": [], "excluded_lines": []}}, "classes": {"ExoplanetWikipediaArticleGenerator": {"executed_lines": [36, 37, 41, 42, 43, 46, 48, 49, 52, 55, 57, 58, 61, 62, 63, 64, 65, 66, 67, 68, 69, 70, 71, 72, 73, 81, 87, 88, 94, 99, 107, 121, 127, 134, 141, 147, 150, 151, 152, 154], "summary": {"covered_lines": 40, "num_statements": 43, "percent_covered": 93.02325581395348, "percent_covered_display": "93", "missing_lines": 3, "excluded_lines": 0, "percent_statements_covered": 93.02325581395348, "percent_statements_covered_display": "93"}, "missing_lines": [38, 39, 148], "excluded_lines": []}, "": {"executed_lines": [3, 4, 6, 23, 26, 27, 30, 31, 35, 75, 90, 101, 123, 136, 143], "summary": {"covered_lines": 14, "num_statements": 14, "percent_covered": 100.0, "percent_covered_display": "100", "missing_lines": 0, "excluded_lines": 0, "percent_statements_covered": 100.0, "percent_statements_covered_display": "100"}, "missing_lines": [], "excluded_lines": []}}}, "src\\generators\\articles\\exoplanet\\sections\\__init__.py": {"executed_lines": [3, 4, 5, 6, 7, 8, 9, 10, 11, 12, 13, 14, 15, 16, 17, 19], "summary": {"covered_lines": 16, "num_statements": 16, "percent_covered": 100.0, "percent_covered_display": "100", "missing_lines": 0, "excluded_lines": 0, "percent_statements_covered": 100.0, "percent_statements_covered_display": "100"}, "missing_lines": [], "excluded_lines": [], "functions": {"": {"executed_lines": [3, 4, 5, 6, 7, 8, 9, 10, 11, 12, 13, 14, 15, 16, 17, 19], "summary": {"covered_lines": 16, "num_statements": 16, "percent_covered": 100.0, "percent_covered_display": "100", "missing_lines": 0, "excluded_lines": 0, "percent_statements_covered": 100.0, "percent_statements_covered_display": "100"}, "missing_lines": [], "excluded_lines": []}}, "classes": {"": {"executed_lines": [3, 4, 5, 6, 7, 8, 9, 10, 11, 12, 13, 14, 15, 16, 17, 19], "summary": {"covered_lines": 16, "num_statements": 16, "percent_covered": 100.0, "percent_covered_display": "100", "missing_lines": 0, "excluded_lines": 0, "percent_statements_covered": 100.0, "percent_statements_covered_display": "100"}, "missing_lines": [], "excluded_lines": []}}}, "src\\generators\\articles\\exoplanet\\sections\\category_section.py": {"executed_lines": [3, 4, 6, 7, 8, 11, 12, 16, 17, 18, 20, 22, 23, 25, 27, 32, 36, 38, 39, 40, 41, 46, 47, 48, 52, 53, 56, 58, 60, 64, 70, 71, 72, 73, 74, 75, 76, 78, 80, 81, 83, 84], "summary": {"covered_lines": 41, "num_statements": 42, "percent_covered": 97.61904761904762, "percent_covered_display": "98", "missing_lines": 1, "excluded_lines": 0, "percent_statements_covered": 97.61904761904762, "percent_statements_covered_display": "98"}, "missing_lines": [49], "excluded_lines": [], "functions": {"CategorySection.__init__": {"executed_lines": [17, 18], "summary": {"covered_lines": 2, "num_statements": 2, "percent_covered": 100.0, "percent_covered_display": "100", "missing_lines": 0, "excluded_lines": 0, "percent_statements_covered": 100.0, "percent_statements_covered_display": "100"}, "missing_lines": [], "excluded_lines": []}, "CategorySection.generate": {"executed_lines": [22, 23], "summary": {"covered_lines": 2, "num_statements": 2, "percent_covered": 100.0, "percent_covered_display": "100", "missing_lines": 0, "excluded_lines": 0, "percent_statements_covered": 100.0, "percent_statements_covered_display": "100"}, "missing_lines": [], "excluded_lines": []}, "CategorySection.build_categories": {"executed_lines": [27, 32], "summary": {"covered_lines": 2, "num_statements": 2, "percent_covered": 100.0, "percent_covered_display": "100", "missing_lines": 0, "excluded_lines": 0, "percent_statements_covered": 100.0, "percent_statements_covered_display": "100"}, "missing_lines": [], "excluded_lines": []}, "CategorySection.map_planet_type_to_category": {"executed_lines": [38, 39, 40, 41, 46, 47, 48, 52, 53, 56], "summary": {"covered_lines": 10, "num_statements": 11, "percent_covered": 90.9090909090909, "percent_covered_display": "91", "missing_lines": 1, "excluded_lines": 0, "percent_statements_covered": 90.9090909090909, "percent_statements_covered_display": "91"}, "missing_lines": [49], "excluded_lines": []}, "CategorySection.map_discovery_program_to_category": {"executed_lines": [60, 64, 70, 71, 72, 73, 74, 75, 76], "summary": {"covered_lines": 9, "num_statements": 9, "percent_covered": 100.0, "percent_covered_display": "100", "missing_lines": 0, "excluded_lines": 0, "percent_statements_covered": 100.0, "percent_statements_covered_display": "100"}, "missing_lines": [], "excluded_lines": []}, "CategorySection.map_constellation_to_category": {"executed_lines": [80, 81, 83, 84], "summary": {"covered_lines": 4, "num_statements": 4, "percent_covered": 100.0, "percent_covered_display": "100", "missing_lines": 0, "excluded_lines": 0, "percent_statements_covered": 100.0, "percent_statements_covered_display": "100"}, "missing_lines": [], "excluded_lines": []}, "": {"executed_lines": [3, 4, 6, 7, 8, 11, 12, 16, 20, 25, 36, 58, 78], "summary": {"covered_lines": 12, "num_statements": 12, "percent_covered": 100.0, "percent_covered_display": "100", "missing_lines": 0, "excluded_lines": 0, "percent_statements_covered": 100.0, "percent_statements_covered_display": "100"}, "missing_lines": [], "excluded_lines": []}}, "classes": {"CategorySection": {"executed_lines": [17, 18, 22, 23, 27, 32, 38, 39, 40, 41, 46, 47, 48, 52, 53, 56, 60, 64, 70, 71, 72, 73, 74, 75, 76, 80, 81, 83, 84], "summary": {"covered_lines": 29, "num_statements": 30, "percent_covered": 96.66666666666667, "percent_covered_display": "97", "missing_lines": 1, "excluded_lines": 0, "percent_statements_covered": 96.66666666666667, "percent_statements_covered_display": "97"}, "missing_lines": [49], "excluded_lines": []}, "": {"executed_lines": [3, 4, 6, 7, 8, 11, 12, 16, 20, 25, 36, 58, 78], "summary": {"covered_lines": 12, "num_statements": 12, "percent_covered": 100.0, "percent_covered_display": "100", "missing_lines": 0, "excluded_lines": 0, "percent_statements_covered": 100.0, "percent_statements_covered_display": "100"}, "missing_lines": [], "excluded_lines": []}}}, "src\\generators\\articles\\exoplanet\\sections\\composition_section.py": {"executed_lines": [3, 4, 7, 8, 10, 11, 13, 15, 16, 17, 18, 19, 20, 21, 22, 23, 24, 25, 26, 27, 28, 30, 31], "summary": {"covered_lines": 22, "num_statements": 22, "percent_covered": 100.0, "percent_covered_display": "100", "missing_lines": 0, "excluded_lines": 0, "percent_statements_covered": 100.0, "percent_statements_covered_display": "100"}, "missing_lines": [], "excluded_lines": [], "functions": {"CompositionSection.__init__": {"executed_lines": [11], "summary": {"covered_lines": 1, "num_statements": 1, "percent_covered": 100.0, "percent_covered_display": "100", "missing_lines": 0, "excluded_lines": 0, "percent_statements_covered": 100.0, "percent_statements_covered_display": "100"}, "missing_lines": [], "excluded_lines": []}, "CompositionSection.generate": {"executed_lines": [15, 16, 17, 18, 19, 20, 21, 22, 23, 24, 25, 26, 27, 28, 30, 31], "summary": {"covered_lines": 16, "num_statements": 16, "percent_covered": 100.0, "percent_covered_display": "100", "missing_lines": 0, "excluded_lines": 0, "percent_statements_covered": 100.0, "percent_statements_covered_display": "100"}, "missing_lines": [], "excluded_lines": []}, "": {"executed_lines": [3, 4, 7, 8, 10, 13], "summary": {"covered_lines": 5, "num_statements": 5, "percent_covered": 100.0, "percent_covered_display": "100", "missing_lines": 0, "excluded_lines": 0, "percent_statements_covered": 100.0, "percent_statements_covered_display": "100"}, "missing_lines": [], "excluded_lines": []}}, "classes": {"CompositionSection": {"executed_lines": [11, 15, 16, 17, 18, 19, 20, 21, 22, 23, 24, 25, 26, 27, 28, 30, 31], "summary": {"covered_lines": 17, "num_statements": 17, "percent_covered": 100.0, "percent_covered_display": "100", "missing_lines": 0, "excluded_lines": 0, "percent_statements_covered": 100.0, "percent_statements_covered_display": "100"}, "missing_lines": [], "excluded_lines": []}, "": {"executed_lines": [3, 4, 7, 8, 10, 13], "summary": {"covered_lines": 5, "num_statements": 5, "percent_covered": 100.0, "percent_covered_display": "100", "missing_lines": 0, "excluded_lines": 0, "percent_statements_covered": 100.0, "percent_statements_covered_display": "100"}, "missing_lines": [], "excluded_lines": []}}}, "src\\generators\\articles\\exoplanet\\sections\\discovery_section.py": {"executed_lines": [3, 4, 7, 8, 10, 11, 13, 20, 21, 23, 25, 40, 45, 47, 48, 51, 54, 56, 57, 59, 61], "summary": {"covered_lines": 20, "num_statements": 22, "percent_covered": 90.9090909090909, "percent_covered_display": "91", "missing_lines": 2, "excluded_lines": 0, "percent_statements_covered": 90.9090909090909, "percent_statements_covered_display": "91"}, "missing_lines": [49, 52], "excluded_lines": [], "functions": {"DiscoverySection.__init__": {"executed_lines": [11], "summary": {"covered_lines": 1, "num_statements": 1, "percent_covered": 100.0, "percent_covered_display": "100", "missing_lines": 0, "excluded_lines": 0, "percent_statements_covered": 100.0, "percent_statements_covered_display": "100"}, "missing_lines": [], "excluded_lines": []}, "DiscoverySection.generate": {"executed_lines": [20, 21, 23, 25, 40, 45, 47, 48, 51, 54, 56, 57, 59, 61], "summary": {"covered_lines": 14, "num_statements": 16, "percent_covered": 87.5, "percent_covered_display": "88", "missing_lines": 2, "excluded_lines": 0, "percent_statements_covered": 87.5, "percent_statements_covered_display": "88"}, "missing_lines": [49, 52], "excluded_lines": []}, "": {"executed_lines": [3, 4, 7, 8, 10, 13], "summary": {"covered_lines": 5, "num_statements": 5, "percent_covered": 100.0, "percent_covered_display": "100", "missing_lines": 0, "excluded_lines": 0, "percent_statements_covered": 100.0, "percent_statements_covered_display": "100"}, "missing_lines": [], "excluded_lines": []}}, "classes": {"DiscoverySection": {"executed_lines": [11, 20, 21, 23, 25, 40, 45, 47, 48, 51, 54, 56, 57, 59, 61], "summary": {"covered_lines": 15, "num_statements": 17, "percent_covered": 88.23529411764706, "percent_covered_display": "88", "missing_lines": 2, "excluded_lines": 0, "percent_statements_covered": 88.23529411764706, "percent_statements_covered_display": "88"}, "missing_lines": [49, 52], "excluded_lines": []}, "": {"executed_lines": [3, 4, 7, 8, 10, 13], "summary": {"covered_lines": 5, "num_statements": 5, "percent_covered": 100.0, "percent_covered_display": "100", "missing_lines": 0, "excluded_lines": 0, "percent_statements_covered": 100.0, "percent_statements_covered_display": "100"}, "missing_lines": [], "excluded_lines": []}}}, "src\\generators\\articles\\exoplanet\\sections\\formation_mechanism_section.py": {"executed_lines": [3, 5, 6, 9, 10, 11, 12, 19, 49, 50, 51, 52, 53, 55, 56, 57, 58, 62, 64, 65, 66, 68, 69, 71, 72, 73, 75, 76, 79, 81, 82, 83, 84, 86, 88], "summary": {"covered_lines": 35, "num_statements": 35, "percent_covered": 100.0, "percent_covered_display": "100", "missing_lines": 0, "excluded_lines": 0, "percent_statements_covered": 100.0, "percent_statements_covered_display": "100"}, "missing_lines": [], "excluded_lines": [], "functions": {"FormationMechanismSection.__init__": {"executed_lines": [11, 12, 19], "summary": {"covered_lines": 3, "num_statements": 3, "percent_covered": 100.0, "percent_covered_display": "100", "missing_lines": 0, "excluded_lines": 0, "percent_statements_covered": 100.0, "percent_statements_covered_display": "100"}, "missing_lines": [], "excluded_lines": []}, "FormationMechanismSection._safe_float": {"executed_lines": [50, 51, 52, 53], "summary": {"covered_lines": 4, "num_statements": 4, "percent_covered": 100.0, "percent_covered_display": "100", "missing_lines": 0, "excluded_lines": 0, "percent_statements_covered": 100.0, "percent_statements_covered_display": "100"}, "missing_lines": [], "excluded_lines": []}, "FormationMechanismSection._is_hot_jupiter": {"executed_lines": [56, 57, 58, 62], "summary": {"covered_lines": 4, "num_statements": 4, "percent_covered": 100.0, "percent_covered_display": "100", "missing_lines": 0, "excluded_lines": 0, "percent_statements_covered": 100.0, "percent_statements_covered_display": "100"}, "missing_lines": [], "excluded_lines": []}, "FormationMechanismSection._is_red_dwarf_system": {"executed_lines": [65, 66, 68, 69], "summary": {"covered_lines": 4, "num_statements": 4, "percent_covered": 100.0, "percent_covered_display": "100", "missing_lines": 0, "excluded_lines": 0, "percent_statements_covered": 100.0, "percent_statements_covered_display": "100"}, "missing_lines": [], "excluded_lines": []}, "FormationMechanismSection._is_super_earth_or_mini_neptune": {"executed_lines": [72, 73], "summary": {"covered_lines": 2, "num_statements": 2, "percent_covered": 100.0, "percent_covered_display": "100", "missing_lines": 0, "excluded_lines": 0, "percent_statements_covered": 100.0, "percent_statements_covered_display": "100"}, "missing_lines": [], "excluded_lines": []}, "FormationMechanismSection._has_eccentric_orbit": {"executed_lines": [76, 79], "summary": {"covered_lines": 2, "num_statements": 2, "percent_covered": 100.0, "percent_covered_display": "100", "missing_lines": 0, "excluded_lines": 0, "percent_statements_covered": 100.0, "percent_statements_covered_display": "100"}, "missing_lines": [], "excluded_lines": []}, "FormationMechanismSection.generate": {"executed_lines": [82, 83, 84, 86, 88], "summary": {"covered_lines": 5, "num_statements": 5, "percent_covered": 100.0, "percent_covered_display": "100", "missing_lines": 0, "excluded_lines": 0, "percent_statements_covered": 100.0, "percent_statements_covered_display": "100"}, "missing_lines": [], "excluded_lines": []}, "": {"executed_lines": [3, 5, 6, 9, 10, 49, 55, 64, 71, 75, 81], "summary": {"covered_lines": 11, "num_statements": 11, "percent_covered": 100.0, "percent_covered_display": "100", "missing_lines": 0, "excluded_lines": 0, "percent_statements_covered": 100.0, "percent_statements_covered_display": "100"}, "missing_lines": [], "excluded_lines": []}}, "classes": {"FormationMechanismSection": {"executed_lines": [11, 12, 19, 50, 51, 52, 53, 56, 57, 58, 62, 65, 66, 68, 69, 72, 73, 76, 79, 82, 83, 84, 86, 88], "summary": {"covered_lines": 24, "num_statements": 24, "percent_covered": 100.0, "percent_covered_display": "100", "missing_lines": 0, "excluded_lines": 0, "percent_statements_covered": 100.0, "percent_statements_covered_display": "100"}, "missing_lines": [], "excluded_lines": []}, "": {"executed_lines": [3, 5, 6, 9, 10, 49, 55, 64, 71, 75, 81], "summary": {"covered_lines": 11, "num_statements": 11, "percent_covered": 100.0, "percent_covered_display": "100", "missing_lines": 0, "excluded_lines": 0, "percent_statements_covered": 100.0, "percent_statements_covered_display": "100"}, "missing_lines": [], "excluded_lines": []}}}, "src\\generators\\articles\\exoplanet\\sections\\habitability_section.py": {"executed_lines": [3, 4, 7, 8, 10, 11, 13, 15, 16, 17, 19, 20, 22, 24, 26, 28, 29, 30, 32, 33, 38, 40, 41, 45, 46, 51, 57], "summary": {"covered_lines": 26, "num_statements": 30, "percent_covered": 86.66666666666667, "percent_covered_display": "87", "missing_lines": 4, "excluded_lines": 0, "percent_statements_covered": 86.66666666666667, "percent_statements_covered_display": "87"}, "missing_lines": [18, 34, 35, 36], "excluded_lines": [], "functions": {"HabitabilitySection.__init__": {"executed_lines": [11], "summary": {"covered_lines": 1, "num_statements": 1, "percent_covered": 100.0, "percent_covered_display": "100", "missing_lines": 0, "excluded_lines": 0, "percent_statements_covered": 100.0, "percent_statements_covered_display": "100"}, "missing_lines": [], "excluded_lines": []}, "HabitabilitySection._get_value_or_none_if_nan": {"executed_lines": [15, 16, 17, 19, 20], "summary": {"covered_lines": 5, "num_statements": 6, "percent_covered": 83.33333333333333, "percent_covered_display": "83", "missing_lines": 1, "excluded_lines": 0, "percent_statements_covered": 83.33333333333333, "percent_statements_covered_display": "83"}, "missing_lines": [18], "excluded_lines": []}, "HabitabilitySection.generate": {"executed_lines": [24, 26, 28, 29, 30, 32, 33, 38, 40, 41, 45, 46, 51, 57], "summary": {"covered_lines": 14, "num_statements": 17, "percent_covered": 82.3529411764706, "percent_covered_display": "82", "missing_lines": 3, "excluded_lines": 0, "percent_statements_covered": 82.3529411764706, "percent_statements_covered_display": "82"}, "missing_lines": [34, 35, 36], "excluded_lines": []}, "": {"executed_lines": [3, 4, 7, 8, 10, 13, 22], "summary": {"covered_lines": 6, "num_statements": 6, "percent_covered": 100.0, "percent_covered_display": "100", "missing_lines": 0, "excluded_lines": 0, "percent_statements_covered": 100.0, "percent_statements_covered_display": "100"}, "missing_lines": [], "excluded_lines": []}}, "classes": {"HabitabilitySection": {"executed_lines": [11, 15, 16, 17, 19, 20, 24, 26, 28, 29, 30, 32, 33, 38, 40, 41, 45, 46, 51, 57], "summary": {"covered_lines": 20, "num_statements": 24, "percent_covered": 83.33333333333333, "percent_covered_display": "83", "missing_lines": 4, "excluded_lines": 0, "percent_statements_covered": 83.33333333333333, "percent_statements_covered_display": "83"}, "missing_lines": [18, 34, 35, 36], "excluded_lines": []}, "": {"executed_lines": [3, 4, 7, 8, 10, 13, 22], "summary": {"covered_lines": 6, "num_statements": 6, "percent_covered": 100.0, "percent_covered_display": "100", "missing_lines": 0, "excluded_lines": 0, "percent_statements_covered": 100.0, "percent_statements_covered_display": "100"}, "missing_lines": [], "excluded_lines": []}}}, "src\\generators\\articles\\exoplanet\\sections\\host_star_section.py": {"executed_lines": [3, 5, 6, 9, 10, 11, 13, 20, 21, 22, 24, 26, 30, 31, 36, 37, 39, 43, 44, 45, 46, 48, 49, 50, 51, 52, 53, 55, 56, 57, 58, 59, 60, 62, 63, 64, 65, 66, 67], "summary": {"covered_lines": 39, "num_statements": 39, "percent_covered": 100.0, "percent_covered_display": "100", "missing_lines": 0, "excluded_lines": 0, "percent_statements_covered": 100.0, "percent_statements_covered_display": "100"}, "missing_lines": [], "excluded_lines": [], "functions": {"HostStarSection.__init__": {"executed_lines": [11, 13], "summary": {"covered_lines": 2, "num_statements": 2, "percent_covered": 100.0, "percent_covered_display": "100", "missing_lines": 0, "excluded_lines": 0, "percent_statements_covered": 100.0, "percent_statements_covered_display": "100"}, "missing_lines": [], "excluded_lines": []}, "HostStarSection.generate": {"executed_lines": [21, 22, 24, 26, 30, 31, 36, 37, 39], "summary": {"covered_lines": 9, "num_statements": 9, "percent_covered": 100.0, "percent_covered_display": "100", "missing_lines": 0, "excluded_lines": 0, "percent_statements_covered": 100.0, "percent_statements_covered_display": "100"}, "missing_lines": [], "excluded_lines": []}, "HostStarSection._extract_spectral_type": {"executed_lines": [44, 45, 46], "summary": {"covered_lines": 3, "num_statements": 3, "percent_covered": 100.0, "percent_covered_display": "100", "missing_lines": 0, "excluded_lines": 0, "percent_statements_covered": 100.0, "percent_statements_covered_display": "100"}, "missing_lines": [], "excluded_lines": []}, "HostStarSection._extract_mass": {"executed_lines": [49, 50, 51, 52, 53], "summary": {"covered_lines": 5, "num_statements": 5, "percent_covered": 100.0, "percent_covered_display": "100", "missing_lines": 0, "excluded_lines": 0, "percent_statements_covered": 100.0, "percent_statements_covered_display": "100"}, "missing_lines": [], "excluded_lines": []}, "HostStarSection._extract_metallicity": {"executed_lines": [56, 57, 58, 59, 60], "summary": {"covered_lines": 5, "num_statements": 5, "percent_covered": 100.0, "percent_covered_display": "100", "missing_lines": 0, "excluded_lines": 0, "percent_statements_covered": 100.0, "percent_statements_covered_display": "100"}, "missing_lines": [], "excluded_lines": []}, "HostStarSection._extract_age": {"executed_lines": [63, 64, 65, 66, 67], "summary": {"covered_lines": 5, "num_statements": 5, "percent_covered": 100.0, "percent_covered_display": "100", "missing_lines": 0, "excluded_lines": 0, "percent_statements_covered": 100.0, "percent_statements_covered_display": "100"}, "missing_lines": [], "excluded_lines": []}, "": {"executed_lines": [3, 5, 6, 9, 10, 20, 43, 48, 55, 62], "summary": {"covered_lines": 10, "num_statements": 10, "percent_covered": 100.0, "percent_covered_display": "100", "missing_lines": 0, "excluded_lines": 0, "percent_statements_covered": 100.0, "percent_statements_covered_display": "100"}, "missing_lines": [], "excluded_lines": []}}, "classes": {"HostStarSection": {"executed_lines": [11, 13, 21, 22, 24, 26, 30, 31, 36, 37, 39, 44, 45, 46, 49, 50, 51, 52, 53, 56, 57, 58, 59, 60, 63, 64, 65, 66, 67], "summary": {"covered_lines": 29, "num_statements": 29, "percent_covered": 100.0, "percent_covered_display": "100", "missing_lines": 0, "excluded_lines": 0, "percent_statements_covered": 100.0, "percent_statements_covered_display": "100"}, "missing_lines": [], "excluded_lines": []}, "": {"executed_lines": [3, 5, 6, 9, 10, 20, 43, 48, 55, 62], "summary": {"covered_lines": 10, "num_statements": 10, "percent_covered": 100.0, "percent_covered_display": "100", "missing_lines": 0, "excluded_lines": 0, "percent_statements_covered": 100.0, "percent_statements_covered_display": "100"}, "missing_lines": [], "excluded_lines": []}}}, "src\\generators\\articles\\exoplanet\\sections\\infobox_section.py": {"executed_lines": [3, 7, 8, 9, 10, 11, 12, 15, 16, 18, 19, 20, 21, 22, 24, 26, 28, 31, 33, 34, 36, 42, 43, 46, 49, 50, 52, 53], "summary": {"covered_lines": 27, "num_statements": 29, "percent_covered": 93.10344827586206, "percent_covered_display": "93", "missing_lines": 2, "excluded_lines": 0, "percent_statements_covered": 93.10344827586206, "percent_statements_covered_display": "93"}, "missing_lines": [47, 54], "excluded_lines": [], "functions": {"InfoboxSection.__init__": {"executed_lines": [19, 20, 21, 22], "summary": {"covered_lines": 4, "num_statements": 4, "percent_covered": 100.0, "percent_covered_display": "100", "missing_lines": 0, "excluded_lines": 0, "percent_statements_covered": 100.0, "percent_statements_covered_display": "100"}, "missing_lines": [], "excluded_lines": []}, "InfoboxSection.generate": {"executed_lines": [26, 28, 31, 33, 34, 36, 42, 43, 46, 49, 50], "summary": {"covered_lines": 11, "num_statements": 12, "percent_covered": 91.66666666666667, "percent_covered_display": "92", "missing_lines": 1, "excluded_lines": 0, "percent_statements_covered": 91.66666666666667, "percent_statements_covered_display": "92"}, "missing_lines": [47], "excluded_lines": []}, "InfoboxSection.default_field_mapping": {"executed_lines": [], "summary": {"covered_lines": 0, "num_statements": 1, "percent_covered": 0.0, "percent_covered_display": "0", "missing_lines": 1, "excluded_lines": 0, "percent_statements_covered": 0.0, "percent_statements_covered_display": "0"}, "missing_lines": [54], "excluded_lines": []}, "": {"executed_lines": [3, 7, 8, 9, 10, 11, 12, 15, 16, 18, 24, 52, 53], "summary": {"covered_lines": 12, "num_statements": 12, "percent_covered": 100.0, "percent_covered_display": "100", "missing_lines": 0, "excluded_lines": 0, "percent_statements_covered": 100.0, "percent_statements_covered_display": "100"}, "missing_lines": [], "excluded_lines": []}}, "classes": {"InfoboxSection": {"executed_lines": [19, 20, 21, 22, 26, 28, 31, 33, 34, 36, 42, 43, 46, 49, 50], "summary": {"covered_lines": 15, "num_statements": 17, "percent_covered": 88.23529411764706, "percent_covered_display": "88", "missing_lines": 2, "excluded_lines": 0, "percent_statements_covered": 88.23529411764706, "percent_statements_covered_display": "88"}, "missing_lines": [47, 54], "excluded_lines": []}, "": {"executed_lines": [3, 7, 8, 9, 10, 11, 12, 15, 16, 18, 24, 52, 53], "summary": {"covered_lines": 12, "num_statements": 12, "percent_covered": 100.0, "percent_covered_display": "100", "missing_lines": 0, "excluded_lines": 0, "percent_statements_covered": 100.0, "percent_statements_covered_display": "100"}, "missing_lines": [], "excluded_lines": []}}}, "src\\generators\\articles\\exoplanet\\sections\\insolation_section.py": {"executed_lines": [3, 4, 7, 8, 10, 11, 13, 15, 16, 17, 18, 19, 20, 21, 22, 25, 26, 27, 28, 29, 30, 31, 32, 33, 34, 35, 36, 38, 39], "summary": {"covered_lines": 28, "num_statements": 28, "percent_covered": 100.0, "percent_covered_display": "100", "missing_lines": 0, "excluded_lines": 0, "percent_statements_covered": 100.0, "percent_statements_covered_display": "100"}, "missing_lines": [], "excluded_lines": [], "functions": {"InsolationSection.__init__": {"executed_lines": [11], "summary": {"covered_lines": 1, "num_statements": 1, "percent_covered": 100.0, "percent_covered_display": "100", "missing_lines": 0, "excluded_lines": 0, "percent_statements_covered": 100.0, "percent_statements_covered_display": "100"}, "missing_lines": [], "excluded_lines": []}, "InsolationSection.generate": {"executed_lines": [15, 16, 17, 18, 19, 20, 21, 22, 25, 26, 27, 28, 29, 30, 31, 32, 33, 34, 35, 36, 38, 39], "summary": {"covered_lines": 22, "num_statements": 22, "percent_covered": 100.0, "percent_covered_display": "100", "missing_lines": 0, "excluded_lines": 0, "percent_statements_covered": 100.0, "percent_statements_covered_display": "100"}, "missing_lines": [], "excluded_lines": []}, "": {"executed_lines": [3, 4, 7, 8, 10, 13], "summary": {"covered_lines": 5, "num_statements": 5, "percent_covered": 100.0, "percent_covered_display": "100", "missing_lines": 0, "excluded_lines": 0, "percent_statements_covered": 100.0, "percent_statements_covered_display": "100"}, "missing_lines": [], "excluded_lines": []}}, "classes": {"InsolationSection": {"executed_lines": [11, 15, 16, 17, 18, 19, 20, 21, 22, 25, 26, 27, 28, 29, 30, 31, 32, 33, 34, 35, 36, 38, 39], "summary": {"covered_lines": 23, "num_statements": 23, "percent_covered": 100.0, "percent_covered_display": "100", "missing_lines": 0, "excluded_lines": 0, "percent_statements_covered": 100.0, "percent_statements_covered_display": "100"}, "missing_lines": [], "excluded_lines": []}, "": {"executed_lines": [3, 4, 7, 8, 10, 13], "summary": {"covered_lines": 5, "num_statements": 5, "percent_covered": 100.0, "percent_covered_display": "100", "missing_lines": 0, "excluded_lines": 0, "percent_statements_covered": 100.0, "percent_statements_covered_display": "100"}, "missing_lines": [], "excluded_lines": []}}}, "src\\generators\\articles\\exoplanet\\sections\\introduction_section.py": {"executed_lines": [3, 4, 7, 8, 9, 10, 11, 15, 18, 19, 21, 22, 23, 24, 25, 26, 28, 30, 31, 33, 34, 38, 39, 40, 41, 42, 45, 47, 49, 51, 52, 54, 55, 56, 57, 58, 61, 62, 63, 66, 68, 69, 71, 73, 74, 78, 80, 81, 82, 84, 86, 88, 89, 90, 92, 93, 94, 96, 97, 98, 100], "summary": {"covered_lines": 60, "num_statements": 62, "percent_covered": 96.7741935483871, "percent_covered_display": "97", "missing_lines": 2, "excluded_lines": 0, "percent_statements_covered": 96.7741935483871, "percent_statements_covered_display": "97"}, "missing_lines": [64, 76], "excluded_lines": [], "functions": {"IntroductionSection.__init__": {"executed_lines": [22, 23, 24, 25, 26], "summary": {"covered_lines": 5, "num_statements": 5, "percent_covered": 100.0, "percent_covered_display": "100", "missing_lines": 0, "excluded_lines": 0, "percent_statements_covered": 100.0, "percent_statements_covered_display": "100"}, "missing_lines": [], "excluded_lines": []}, "IntroductionSection._compose_host_star_phrase": {"executed_lines": [30, 31, 33, 34, 38, 39, 40, 41, 42, 45, 47], "summary": {"covered_lines": 11, "num_statements": 11, "percent_covered": 100.0, "percent_covered_display": "100", "missing_lines": 0, "excluded_lines": 0, "percent_statements_covered": 100.0, "percent_statements_covered_display": "100"}, "missing_lines": [], "excluded_lines": []}, "IntroductionSection._compose_distance_phrase": {"executed_lines": [51, 52, 54, 55, 56, 57, 58, 61, 62, 63], "summary": {"covered_lines": 10, "num_statements": 11, "percent_covered": 90.9090909090909, "percent_covered_display": "91", "missing_lines": 1, "excluded_lines": 0, "percent_statements_covered": 90.9090909090909, "percent_statements_covered_display": "91"}, "missing_lines": [64], "excluded_lines": []}, "IntroductionSection._compose_constellation_phrase": {"executed_lines": [68, 69, 71, 73, 74], "summary": {"covered_lines": 5, "num_statements": 6, "percent_covered": 83.33333333333333, "percent_covered_display": "83", "missing_lines": 1, "excluded_lines": 0, "percent_statements_covered": 83.33333333333333, "percent_statements_covered_display": "83"}, "missing_lines": [76], "excluded_lines": []}, "IntroductionSection.generate": {"executed_lines": [80, 81, 82, 84, 86, 88, 89, 90, 92, 93, 94, 96, 97, 98, 100], "summary": {"covered_lines": 15, "num_statements": 15, "percent_covered": 100.0, "percent_covered_display": "100", "missing_lines": 0, "excluded_lines": 0, "percent_statements_covered": 100.0, "percent_statements_covered_display": "100"}, "missing_lines": [], "excluded_lines": []}, "": {"executed_lines": [3, 4, 7, 8, 9, 10, 11, 15, 18, 19, 21, 28, 49, 66, 78], "summary": {"covered_lines": 14, "num_statements": 14, "percent_covered": 100.0, "percent_covered_display": "100", "missing_lines": 0, "excluded_lines": 0, "percent_statements_covered": 100.0, "percent_statements_covered_display": "100"}, "missing_lines": [], "excluded_lines": []}}, "classes": {"IntroductionSection": {"executed_lines": [22, 23, 24, 25, 26, 30, 31, 33, 34, 38, 39, 40, 41, 42, 45, 47, 51, 52, 54, 55, 56, 57, 58, 61, 62, 63, 68, 69, 71, 73, 74, 80, 81, 82, 84, 86, 88, 89, 90, 92, 93, 94, 96, 97, 98, 100], "summary": {"covered_lines": 46, "num_statements": 48, "percent_covered": 95.83333333333333, "percent_covered_display": "96", "missing_lines": 2, "excluded_lines": 0, "percent_statements_covered": 95.83333333333333, "percent_statements_covered_display": "96"}, "missing_lines": [64, 76], "excluded_lines": []}, "": {"executed_lines": [3, 4, 7, 8, 9, 10, 11, 15, 18, 19, 21, 28, 49, 66, 78], "summary": {"covered_lines": 14, "num_statements": 14, "percent_covered": 100.0, "percent_covered_display": "100", "missing_lines": 0, "excluded_lines": 0, "percent_statements_covered": 100.0, "percent_statements_covered_display": "100"}, "missing_lines": [], "excluded_lines": []}}}, "src\\generators\\articles\\exoplanet\\sections\\observation_potential_section.py": {"executed_lines": [3, 4, 7, 8, 9, 11, 12, 15, 16, 18, 19, 21, 22, 25, 26, 27, 28, 29, 31, 32, 33, 35, 37, 38, 39, 42, 43, 53, 54, 62], "summary": {"covered_lines": 30, "num_statements": 31, "percent_covered": 96.7741935483871, "percent_covered_display": "97", "missing_lines": 1, "excluded_lines": 0, "percent_statements_covered": 96.7741935483871, "percent_statements_covered_display": "97"}, "missing_lines": [23], "excluded_lines": [], "functions": {"ObservationPotentialSection.__init__": {"executed_lines": [9], "summary": {"covered_lines": 1, "num_statements": 1, "percent_covered": 100.0, "percent_covered_display": "100", "missing_lines": 0, "excluded_lines": 0, "percent_statements_covered": 100.0, "percent_statements_covered_display": "100"}, "missing_lines": [], "excluded_lines": []}, "ObservationPotentialSection.generate": {"executed_lines": [12, 15, 16, 18, 19, 21, 22], "summary": {"covered_lines": 7, "num_statements": 8, "percent_covered": 87.5, "percent_covered_display": "88", "missing_lines": 1, "excluded_lines": 0, "percent_statements_covered": 87.5, "percent_statements_covered_display": "88"}, "missing_lines": [23], "excluded_lines": []}, "ObservationPotentialSection._extract_apparent_magnitude": {"executed_lines": [26, 27, 28, 29, 31, 32, 33], "summary": {"covered_lines": 7, "num_statements": 7, "percent_covered": 100.0, "percent_covered_display": "100", "missing_lines": 0, "excluded_lines": 0, "percent_statements_covered": 100.0, "percent_statements_covered_display": "100"}, "missing_lines": [], "excluded_lines": []}, "ObservationPotentialSection._determine_observation_scenario": {"executed_lines": [37, 38, 39, 42, 43, 53, 54, 62], "summary": {"covered_lines": 8, "num_statements": 8, "percent_covered": 100.0, "percent_covered_display": "100", "missing_lines": 0, "excluded_lines": 0, "percent_statements_covered": 100.0, "percent_statements_covered_display": "100"}, "missing_lines": [], "excluded_lines": []}, "": {"executed_lines": [3, 4, 7, 8, 11, 25, 35], "summary": {"covered_lines": 7, "num_statements": 7, "percent_covered": 100.0, "percent_covered_display": "100", "missing_lines": 0, "excluded_lines": 0, "percent_statements_covered": 100.0, "percent_statements_covered_display": "100"}, "missing_lines": [], "excluded_lines": []}}, "classes": {"ObservationPotentialSection": {"executed_lines": [9, 12, 15, 16, 18, 19, 21, 22, 26, 27, 28, 29, 31, 32, 33, 37, 38, 39, 42, 43, 53, 54, 62], "summary": {"covered_lines": 23, "num_statements": 24, "percent_covered": 95.83333333333333, "percent_covered_display": "96", "missing_lines": 1, "excluded_lines": 0, "percent_statements_covered": 95.83333333333333, "percent_statements_covered_display": "96"}, "missing_lines": [23], "excluded_lines": []}, "": {"executed_lines": [3, 4, 7, 8, 11, 25, 35], "summary": {"covered_lines": 7, "num_statements": 7, "percent_covered": 100.0, "percent_covered_display": "100", "missing_lines": 0, "excluded_lines": 0, "percent_statements_covered": 100.0, "percent_statements_covered_display": "100"}, "missing_lines": [], "excluded_lines": []}}}, "src\\generators\\articles\\exoplanet\\sections\\orbit_section.py": {"executed_lines": [3, 4, 7, 8, 10, 11, 13, 15, 23, 25, 27, 28, 31, 32, 36, 37, 40, 41, 43, 44, 47, 48, 50, 51, 54, 55, 59], "summary": {"covered_lines": 26, "num_statements": 26, "percent_covered": 100.0, "percent_covered_display": "100", "missing_lines": 0, "excluded_lines": 0, "percent_statements_covered": 100.0, "percent_statements_covered_display": "100"}, "missing_lines": [], "excluded_lines": [], "functions": {"OrbitSection.__init__": {"executed_lines": [11], "summary": {"covered_lines": 1, "num_statements": 1, "percent_covered": 100.0, "percent_covered_display": "100", "missing_lines": 0, "excluded_lines": 0, "percent_statements_covered": 100.0, "percent_statements_covered_display": "100"}, "missing_lines": [], "excluded_lines": []}, "OrbitSection.generate": {"executed_lines": [15, 23, 25, 27, 28, 31, 32, 36, 37, 40, 41, 43, 44, 47, 48, 50, 51, 54, 55, 59], "summary": {"covered_lines": 20, "num_statements": 20, "percent_covered": 100.0, "percent_covered_display": "100", "missing_lines": 0, "excluded_lines": 0, "percent_statements_covered": 100.0, "percent_statements_covered_display": "100"}, "missing_lines": [], "excluded_lines": []}, "": {"executed_lines": [3, 4, 7, 8, 10, 13], "summary": {"covered_lines": 5, "num_statements": 5, "percent_covered": 100.0, "percent_covered_display": "100", "missing_lines": 0, "excluded_lines": 0, "percent_statements_covered": 100.0, "percent_statements_covered_display": "100"}, "missing_lines": [], "excluded_lines": []}}, "classes": {"OrbitSection": {"executed_lines": [11, 15, 23, 25, 27, 28, 31, 32, 36, 37, 40, 41, 43, 44, 47, 48, 50, 51, 54, 55, 59], "summary": {"covered_lines": 21, "num_statements": 21, "percent_covered": 100.0, "percent_covered_display": "100", "missing_lines": 0, "excluded_lines": 0, "percent_statements_covered": 100.0, "percent_statements_covered_display": "100"}, "missing_lines": [], "excluded_lines": []}, "": {"executed_lines": [3, 4, 7, 8, 10, 13], "summary": {"covered_lines": 5, "num_statements": 5, "percent_covered": 100.0, "percent_covered_display": "100", "missing_lines": 0, "excluded_lines": 0, "percent_statements_covered": 100.0, "percent_statements_covered_display": "100"}, "missing_lines": [], "excluded_lines": []}}}, "src\\generators\\articles\\exoplanet\\sections\\physical_characteristics_section.py": {"executed_lines": [3, 5, 6, 9, 10, 12, 13, 15, 17, 18, 19, 21, 22, 24, 26, 27, 31, 32, 34, 35, 36, 37, 39, 41, 43, 45, 46, 50, 51, 53, 54, 55, 56, 58, 60, 62, 64, 66, 69, 70, 74, 75, 79, 81, 82, 84, 86, 88, 95, 96, 97, 99, 100, 102, 103, 105, 106, 107, 108, 110, 111, 112, 113, 115, 116, 117, 118, 120, 121, 122, 124, 126], "summary": {"covered_lines": 71, "num_statements": 82, "percent_covered": 86.58536585365853, "percent_covered_display": "87", "missing_lines": 11, "excluded_lines": 0, "percent_statements_covered": 86.58536585365853, "percent_statements_covered_display": "87"}, "missing_lines": [20, 28, 29, 47, 48, 65, 67, 71, 72, 77, 80], "excluded_lines": [], "functions": {"PhysicalCharacteristicsSection.__init__": {"executed_lines": [13], "summary": {"covered_lines": 1, "num_statements": 1, "percent_covered": 100.0, "percent_covered_display": "100", "missing_lines": 0, "excluded_lines": 0, "percent_statements_covered": 100.0, "percent_statements_covered_display": "100"}, "missing_lines": [], "excluded_lines": []}, "PhysicalCharacteristicsSection._get_value_or_none_if_nan": {"executed_lines": [17, 18, 19, 21, 22], "summary": {"covered_lines": 5, "num_statements": 6, "percent_covered": 83.33333333333333, "percent_covered_display": "83", "missing_lines": 1, "excluded_lines": 0, "percent_statements_covered": 83.33333333333333, "percent_statements_covered_display": "83"}, "missing_lines": [20], "excluded_lines": []}, "PhysicalCharacteristicsSection._format_mass_description": {"executed_lines": [26, 27, 31, 32, 34, 35, 36, 37, 39, 41], "summary": {"covered_lines": 10, "num_statements": 12, "percent_covered": 83.33333333333333, "percent_covered_display": "83", "missing_lines": 2, "excluded_lines": 0, "percent_statements_covered": 83.33333333333333, "percent_statements_covered_display": "83"}, "missing_lines": [28, 29], "excluded_lines": []}, "PhysicalCharacteristicsSection._format_radius_description": {"executed_lines": [45, 46, 50, 51, 53, 54, 55, 56, 58, 60], "summary": {"covered_lines": 10, "num_statements": 12, "percent_covered": 83.33333333333333, "percent_covered_display": "83", "missing_lines": 2, "excluded_lines": 0, "percent_statements_covered": 83.33333333333333, "percent_statements_covered_display": "83"}, "missing_lines": [47, 48], "excluded_lines": []}, "PhysicalCharacteristicsSection._format_temperature_description": {"executed_lines": [64, 66, 69, 70, 74, 75, 79, 81, 82, 84, 86], "summary": {"covered_lines": 11, "num_statements": 17, "percent_covered": 64.70588235294117, "percent_covered_display": "65", "missing_lines": 6, "excluded_lines": 0, "percent_statements_covered": 64.70588235294117, "percent_statements_covered_display": "65"}, "missing_lines": [65, 67, 71, 72, 77, 80], "excluded_lines": []}, "PhysicalCharacteristicsSection.generate": {"executed_lines": [95, 96, 97, 99, 100, 102, 103, 105, 106, 107, 108, 110, 111, 112, 113, 115, 116, 117, 118, 120, 121, 122, 124, 126], "summary": {"covered_lines": 24, "num_statements": 24, "percent_covered": 100.0, "percent_covered_display": "100", "missing_lines": 0, "excluded_lines": 0, "percent_statements_covered": 100.0, "percent_statements_covered_display": "100"}, "missing_lines": [], "excluded_lines": []}, "": {"executed_lines": [3, 5, 6, 9, 10, 12, 15, 24, 43, 62, 88], "summary": {"covered_lines": 10, "num_statements": 10, "percent_covered": 100.0, "percent_covered_display": "100", "missing_lines": 0, "excluded_lines": 0, "percent_statements_covered": 100.0, "percent_statements_covered_display": "100"}, "missing_lines": [], "excluded_lines": []}}, "classes": {"PhysicalCharacteristicsSection": {"executed_lines": [13, 17, 18, 19, 21, 22, 26, 27, 31, 32, 34, 35, 36, 37, 39, 41, 45, 46, 50, 51, 53, 54, 55, 56, 58, 60, 64, 66, 69, 70, 74, 75, 79, 81, 82, 84, 86, 95, 96, 97, 99, 100, 102, 103, 105, 106, 107, 108, 110, 111, 112, 113, 115, 116, 117, 118, 120, 121, 122, 124, 126], "summary": {"covered_lines": 61, "num_statements": 72, "percent_covered": 84.72222222222223, "percent_covered_display": "85", "missing_lines": 11, "excluded_lines": 0, "percent_statements_covered": 84.72222222222223, "percent_statements_covered_display": "85"}, "missing_lines": [20, 28, 29, 47, 48, 65, 67, 71, 72, 77, 80], "excluded_lines": []}, "": {"executed_lines": [3, 5, 6, 9, 10, 12, 15, 24, 43, 62, 88], "summary": {"covered_lines": 10, "num_statements": 10, "percent_covered": 100.0, "percent_covered_display": "100", "missing_lines": 0, "excluded_lines": 0, "percent_statements_covered": 100.0, "percent_statements_covered_display": "100"}, "missing_lines": [], "excluded_lines": []}}}, "src\\generators\\articles\\exoplanet\\sections\\see_also_section.py": {"executed_lines": [3, 6, 7, 9, 11, 13, 14, 15, 17, 18, 19, 21, 22, 24, 26, 28, 30, 31, 32, 37, 38, 40, 41, 42, 43, 45, 47, 48, 49, 51, 52, 53, 55, 56, 57, 59, 60, 61, 63, 66, 67, 68, 69, 71, 73, 74, 76, 78, 79, 81, 83, 84, 86, 87, 88, 89, 90, 91, 93, 94], "summary": {"covered_lines": 59, "num_statements": 60, "percent_covered": 98.33333333333333, "percent_covered_display": "98", "missing_lines": 1, "excluded_lines": 0, "percent_statements_covered": 98.33333333333333, "percent_statements_covered_display": "98"}, "missing_lines": [64], "excluded_lines": [], "functions": {"SeeAlsoSection.generate": {"executed_lines": [11, 13, 14, 15, 17, 18, 19, 21, 22, 24], "summary": {"covered_lines": 10, "num_statements": 10, "percent_covered": 100.0, "percent_covered_display": "100", "missing_lines": 0, "excluded_lines": 0, "percent_statements_covered": 100.0, "percent_statements_covered_display": "100"}, "missing_lines": [], "excluded_lines": []}, "SeeAlsoSection._generate_related_articles": {"executed_lines": [28, 30, 31, 32, 37, 38, 40, 41, 42, 43], "summary": {"covered_lines": 10, "num_statements": 10, "percent_covered": 100.0, "percent_covered_display": "100", "missing_lines": 0, "excluded_lines": 0, "percent_statements_covered": 100.0, "percent_statements_covered_display": "100"}, "missing_lines": [], "excluded_lines": []}, "SeeAlsoSection._generate_external_links": {"executed_lines": [47, 48, 49, 51, 52, 53, 55, 56, 57, 59, 60, 61, 63, 66, 67, 68, 69], "summary": {"covered_lines": 17, "num_statements": 18, "percent_covered": 94.44444444444444, "percent_covered_display": "94", "missing_lines": 1, "excluded_lines": 0, "percent_statements_covered": 94.44444444444444, "percent_statements_covered_display": "94"}, "missing_lines": [64], "excluded_lines": []}, "SeeAlsoSection._generate_epe_link": {"executed_lines": [73, 74], "summary": {"covered_lines": 2, "num_statements": 2, "percent_covered": 100.0, "percent_covered_display": "100", "missing_lines": 0, "excluded_lines": 0, "percent_statements_covered": 100.0, "percent_statements_covered_display": "100"}, "missing_lines": [], "excluded_lines": []}, "SeeAlsoSection._generate_nasa_link": {"executed_lines": [78, 79], "summary": {"covered_lines": 2, "num_statements": 2, "percent_covered": 100.0, "percent_covered_display": "100", "missing_lines": 0, "excluded_lines": 0, "percent_statements_covered": 100.0, "percent_statements_covered_display": "100"}, "missing_lines": [], "excluded_lines": []}, "SeeAlsoSection._generate_simbad_link": {"executed_lines": [83, 84, 86, 87, 88, 89, 90, 91, 93, 94], "summary": {"covered_lines": 10, "num_statements": 10, "percent_covered": 100.0, "percent_covered_display": "100", "missing_lines": 0, "excluded_lines": 0, "percent_statements_covered": 100.0, "percent_statements_covered_display": "100"}, "missing_lines": [], "excluded_lines": []}, "": {"executed_lines": [3, 6, 7, 9, 26, 45, 71, 76, 81], "summary": {"covered_lines": 8, "num_statements": 8, "percent_covered": 100.0, "percent_covered_display": "100", "missing_lines": 0, "excluded_lines": 0, "percent_statements_covered": 100.0, "percent_statements_covered_display": "100"}, "missing_lines": [], "excluded_lines": []}}, "classes": {"SeeAlsoSection": {"executed_lines": [11, 13, 14, 15, 17, 18, 19, 21, 22, 24, 28, 30, 31, 32, 37, 38, 40, 41, 42, 43, 47, 48, 49, 51, 52, 53, 55, 56, 57, 59, 60, 61, 63, 66, 67, 68, 69, 73, 74, 78, 79, 83, 84, 86, 87, 88, 89, 90, 91, 93, 94], "summary": {"covered_lines": 51, "num_statements": 52, "percent_covered": 98.07692307692308, "percent_covered_display": "98", "missing_lines": 1, "excluded_lines": 0, "percent_statements_covered": 98.07692307692308, "percent_statements_covered_display": "98"}, "missing_lines": [64], "excluded_lines": []}, "": {"executed_lines": [3, 6, 7, 9, 26, 45, 71, 76, 81], "summary": {"covered_lines": 8, "num_statements": 8, "percent_covered": 100.0, "percent_covered_display": "100", "missing_lines": 0, "excluded_lines": 0, "percent_statements_covered": 100.0, "percent_statements_covered_display": "100"}, "missing_lines": [], "excluded_lines": []}}}, "src\\generators\\articles\\exoplanet\\sections\\system_architecture_section.py": {"executed_lines": [3, 4, 7, 8, 10, 11, 13, 16, 17, 20, 21, 22, 23, 26, 30, 31, 33, 34, 36, 37, 40, 42, 48, 49, 50, 53, 54, 56, 57, 60, 61, 62, 63, 64, 65, 66, 68, 70, 75, 76, 77, 78, 79, 81, 82, 86], "summary": {"covered_lines": 45, "num_statements": 53, "percent_covered": 84.90566037735849, "percent_covered_display": "85", "missing_lines": 8, "excluded_lines": 0, "percent_statements_covered": 84.90566037735849, "percent_statements_covered_display": "85"}, "missing_lines": [24, 27, 28, 35, 39, 51, 71, 72], "excluded_lines": [], "functions": {"SystemArchitectureSection.__init__": {"executed_lines": [11], "summary": {"covered_lines": 1, "num_statements": 1, "percent_covered": 100.0, "percent_covered_display": "100", "missing_lines": 0, "excluded_lines": 0, "percent_statements_covered": 100.0, "percent_statements_covered_display": "100"}, "missing_lines": [], "excluded_lines": []}, "SystemArchitectureSection.generate": {"executed_lines": [16, 17, 20, 21, 22, 23, 26, 30, 31, 33, 34, 36, 37, 40], "summary": {"covered_lines": 14, "num_statements": 19, "percent_covered": 73.6842105263158, "percent_covered_display": "74", "missing_lines": 5, "excluded_lines": 0, "percent_statements_covered": 73.6842105263158, "percent_statements_covered_display": "74"}, "missing_lines": [24, 27, 28, 35, 39], "excluded_lines": []}, "SystemArchitectureSection._generate_with_siblings": {"executed_lines": [48, 53, 54, 56, 57, 60, 61, 62, 63, 64, 65, 66, 68, 70, 75, 76, 77, 78, 79, 81, 82, 86], "summary": {"covered_lines": 22, "num_statements": 24, "percent_covered": 91.66666666666667, "percent_covered_display": "92", "missing_lines": 2, "excluded_lines": 0, "percent_statements_covered": 91.66666666666667, "percent_statements_covered_display": "92"}, "missing_lines": [71, 72], "excluded_lines": []}, "SystemArchitectureSection._generate_with_siblings.sort_key": {"executed_lines": [49, 50], "summary": {"covered_lines": 2, "num_statements": 3, "percent_covered": 66.66666666666667, "percent_covered_display": "67", "missing_lines": 1, "excluded_lines": 0, "percent_statements_covered": 66.66666666666667, "percent_statements_covered_display": "67"}, "missing_lines": [51], "excluded_lines": []}, "": {"executed_lines": [3,
[...]
ry": {"covered_lines": 32, "num_statements": 32, "percent_covered": 100.0, "percent_covered_display": "100", "missing_lines": 0, "excluded_lines": 0, "percent_statements_covered": 100.0, "percent_statements_covered_display": "100"}, "missing_lines": [], "excluded_lines": []}}}, "src\\utils\\lang\\french_articles.py": {"executed_lines": [4, 5, 8, 12, 13, 15, 16, 17, 18, 19, 20, 21, 24, 25, 26, 27, 28, 29, 32, 33, 34, 35, 36, 37, 38, 39, 42, 43, 44, 45, 46, 47, 48, 49, 52, 62, 63, 64, 65, 67, 68, 70, 71, 73, 74, 76, 79, 80, 81, 82, 83, 86, 101, 102, 104, 105, 107], "summary": {"covered_lines": 57, "num_statements": 57, "percent_covered": 100.0, "percent_covered_display": "100", "missing_lines": 0, "excluded_lines": 0, "percent_statements_covered": 100.0, "percent_statements_covered_display": "100"}, "missing_lines": [], "excluded_lines": [], "functions": {"starts_with_vowel_or_silent_h": {"executed_lines": [5], "summary": {"covered_lines": 1, "num_statements": 1, "percent_covered": 100.0, "percent_covered_display": "100", "missing_lines": 0, "excluded_lines": 0, "percent_statements_covered": 100.0, "percent_statements_covered_display": "100"}, "missing_lines": [], "excluded_lines": []}, "guess_grammatical_gender": {"executed_lines": [12, 13, 15, 16, 17, 18, 19, 20, 21], "summary": {"covered_lines": 9, "num_statements": 9, "percent_covered": 100.0, "percent_covered_display": "100", "missing_lines": 0, "excluded_lines": 0, "percent_statements_covered": 100.0, "percent_statements_covered_display": "100"}, "missing_lines": [], "excluded_lines": []}, "_get_indefinite_article": {"executed_lines": [25, 26, 27, 28, 29], "summary": {"covered_lines": 5, "num_statements": 5, "percent_covered": 100.0, "percent_covered_display": "100", "missing_lines": 0, "excluded_lines": 0, "percent_statements_covered": 100.0, "percent_statements_covered_display": "100"}, "missing_lines": [], "excluded_lines": []}, "_get_preposition_de_article": {"executed_lines": [33, 34, 35, 36, 37, 38, 39], "summary": {"covered_lines": 7, "num_statements": 7, "percent_covered": 100.0, "percent_covered_display": "100", "missing_lines": 0, "excluded_lines": 0, "percent_statements_covered": 100.0, "percent_statements_covered_display": "100"}, "missing_lines": [], "excluded_lines": []}, "_get_preposition_dans_article": {"executed_lines": [43, 44, 45, 46, 47, 48, 49], "summary": {"covered_lines": 7, "num_statements": 7, "percent_covered": 100.0, "percent_covered_display": "100", "missing_lines": 0, "excluded_lines": 0, "percent_statements_covered": 100.0, "percent_statements_covered_display": "100"}, "missing_lines": [], "excluded_lines": []}, "get_french_article": {"executed_lines": [62, 63, 64, 65, 67, 68, 70, 71, 73, 74, 76], "summary": {"covered_lines": 11, "num_statements": 11, "percent_covered": 100.0, "percent_covered_display": "100", "missing_lines": 0, "excluded_lines": 0, "percent_statements_covered": 100.0, "percent_statements_covered_display": "100"}, "missing_lines": [], "excluded_lines": []}, "format_noun": {"executed_lines": [80, 81, 82, 83], "summary": {"covered_lines": 4, "num_statements": 4, "percent_covered": 100.0, "percent_covered_display": "100", "missing_lines": 0, "excluded_lines": 0, "percent_statements_covered": 100.0, "percent_statements_covered_display": "100"}, "missing_lines": [], "excluded_lines": []}, "get_french_article_noun": {"executed_lines": [101, 102, 104, 105, 107], "summary": {"covered_lines": 5, "num_statements": 5, "percent_covered": 100.0, "percent_covered_display": "100", "missing_lines": 0, "excluded_lines": 0, "percent_statements_covered": 100.0, "percent_statements_covered_display": "100"}, "missing_lines": [], "excluded_lines": []}, "": {"executed_lines": [4, 8, 24, 32, 42, 52, 79, 86], "summary": {"covered_lines": 8, "num_statements": 8, "percent_covered": 100.0, "percent_covered_display": "100", "missing_lines": 0, "excluded_lines": 0, "percent_statements_covered": 100.0, "percent_statements_covered_display": "100"}, "missing_lines": [], "excluded_lines": []}}, "classes": {"": {"executed_lines": [4, 5, 8, 12, 13, 15, 16, 17, 18, 19, 20, 21, 24, 25, 26, 27, 28, 29, 32, 33, 34, 35, 36, 37, 38, 39, 42, 43, 44, 45, 46, 47, 48, 49, 52, 62, 63, 64, 65, 67, 68, 70, 71, 73, 74, 76, 79, 80, 81, 82, 83, 86, 101, 102, 104, 105, 107], "summary": {"covered_lines": 57, "num_statements": 57, "percent_covered": 100.0, "percent_covered_display": "100", "missing_lines": 0, "excluded_lines": 0, "percent_statements_covered": 100.0, "percent_statements_covered_display": "100"}, "missing_lines": [], "excluded_lines": []}}}, "src\\utils\\lang\\phrase\\constellation.py": {"executed_lines": [1, 2, 5, 9, 10, 15, 16, 19, 20, 23, 24], "summary": {"covered_lines": 11, "num_statements": 11, "percent_covered": 100.0, "percent_covered_display": "100", "missing_lines": 0, "excluded_lines": 0, "percent_statements_covered": 100.0, "percent_statements_covered_display": "100"}, "missing_lines": [], "excluded_lines": [], "functions": {"get_constellation_article": {"executed_lines": [9, 10], "summary": {"covered_lines": 2, "num_statements": 2, "percent_covered": 100.0, "percent_covered_display": "100", "missing_lines": 0, "excluded_lines": 0, "percent_statements_covered": 100.0, "percent_statements_covered_display": "100"}, "missing_lines": [], "excluded_lines": []}, "phrase_de_la_constellation": {"executed_lines": [16], "summary": {"covered_lines": 1, "num_statements": 1, "percent_covered": 100.0, "percent_covered_display": "100", "missing_lines": 0, "excluded_lines": 0, "percent_statements_covered": 100.0, "percent_statements_covered_display": "100"}, "missing_lines": [], "excluded_lines": []}, "phrase_dans_constellation": {"executed_lines": [20], "summary": {"covered_lines": 1, "num_statements": 1, "percent_covered": 100.0, "percent_covered_display": "100", "missing_lines": 0, "excluded_lines": 0, "percent_statements_covered": 100.0, "percent_statements_covered_display": "100"}, "missing_lines": [], "excluded_lines": []}, "phrase_situee_dans_constellation": {"executed_lines": [24], "summary": {"covered_lines": 1, "num_statements": 1, "percent_covered": 100.0, "percent_covered_display": "100", "missing_lines": 0, "excluded_lines": 0, "percent_statements_covered": 100.0, "percent_statements_covered_display": "100"}, "missing_lines": [], "excluded_lines": []}, "": {"executed_lines": [1, 2, 5, 15, 19, 23], "summary": {"covered_lines": 6, "num_statements": 6, "percent_covered": 100.0, "percent_covered_display": "100", "missing_lines": 0, "excluded_lines": 0, "percent_statements_covered": 100.0, "percent_statements_covered_display": "100"}, "missing_lines": [], "excluded_lines": []}}, "classes": {"": {"executed_lines": [1, 2, 5, 9, 10, 15, 16, 19, 20, 23, 24], "summary": {"covered_lines": 11, "num_statements": 11, "percent_covered": 100.0, "percent_covered_display": "100", "missing_lines": 0, "excluded_lines": 0, "percent_statements_covered": 100.0, "percent_statements_covered_display": "100"}, "missing_lines": [], "excluded_lines": []}}}, "src\\utils\\validators\\infobox_validator.py": {"executed_lines": [2, 3, 6, 8, 11, 16, 17, 19, 21, 22, 24, 27, 28, 30, 31, 33, 36, 37, 39, 42, 44, 46], "summary": {"covered_lines": 22, "num_statements": 22, "percent_covered": 100.0, "percent_covered_display": "100", "missing_lines": 0, "excluded_lines": 0, "percent_statements_covered": 100.0, "percent_statements_covered_display": "100"}, "missing_lines": [], "excluded_lines": [], "functions": {"is_valid_infobox_note": {"executed_lines": [8], "summary": {"covered_lines": 1, "num_statements": 1, "percent_covered": 100.0, "percent_covered_display": "100", "missing_lines": 0, "excluded_lines": 0, "percent_statements_covered": 100.0, "percent_statements_covered_display": "100"}, "missing_lines": [], "excluded_lines": []}, "is_valid_infobox_value": {"executed_lines": [16, 17, 19, 21, 22, 24, 27, 28, 30, 31, 33, 36, 37, 39], "summary": {"covered_lines": 14, "num_statements": 14, "percent_covered": 100.0, "percent_covered_display": "100", "missing_lines": 0, "excluded_lines": 0, "percent_statements_covered": 100.0, "percent_statements_covered_display": "100"}, "missing_lines": [], "excluded_lines": []}, "is_needed_infobox_unit": {"executed_lines": [44, 46], "summary": {"covered_lines": 2, "num_statements": 2, "percent_covered": 100.0, "percent_covered_display": "100", "missing_lines": 0, "excluded_lines": 0, "percent_statements_covered": 100.0, "percent_statements_covered_display": "100"}, "missing_lines": [], "excluded_lines": []}, "": {"executed_lines": [2, 3, 6, 11, 42], "summary": {"covered_lines": 5, "num_statements": 5, "percent_covered": 100.0, "percent_covered_display": "100", "missing_lines": 0, "excluded_lines": 0, "percent_statements_covered": 100.0, "percent_statements_covered_display": "100"}, "missing_lines": [], "excluded_lines": []}}, "classes": {"": {"executed_lines": [2, 3, 6, 8, 11, 16, 17, 19, 21, 22, 24, 27, 28, 30, 31, 33, 36, 37, 39, 42, 44, 46], "summary": {"covered_lines": 22, "num_statements": 22, "percent_covered": 100.0, "percent_covered_display": "100", "missing_lines": 0, "excluded_lines": 0, "percent_statements_covered": 100.0, "percent_statements_covered_display": "100"}, "missing_lines": [], "excluded_lines": []}}}, "src\\utils\\wikipedia\\draft_util.py": {"executed_lines": [2, 3, 5, 8, 13, 14, 17, 25, 31, 32, 34, 36, 37, 38, 39, 40, 41, 42, 50, 56, 57, 60, 63, 68, 69, 70, 78, 91, 92, 93, 94, 96, 99, 100, 101, 102, 103, 104, 105, 106, 110, 113, 114, 115, 116, 117, 118, 125, 138, 139, 140, 141, 143, 146, 147, 148, 149, 150, 151, 157, 160, 161, 162, 163, 164, 165, 177, 192, 194, 195, 198, 199, 201, 202, 205, 206, 207, 208, 209, 213, 214, 215, 216, 217, 220, 221], "summary": {"covered_lines": 86, "num_statements": 103, "percent_covered": 83.49514563106796, "percent_covered_display": "83", "missing_lines": 17, "excluded_lines": 0, "percent_statements_covered": 83.49514563106796, "percent_statements_covered_display": "83"}, "missing_lines": [107, 108, 119, 120, 121, 122, 152, 153, 154, 155, 166, 167, 168, 169, 225, 226, 227], "excluded_lines": [], "functions": {"sanitize_draft_filename": {"executed_lines": [31, 32, 34, 36, 37, 38, 39, 40, 41, 42], "summary": {"covered_lines": 10, "num_statements": 10, "percent_covered": 100.0, "percent_covered_display": "100", "missing_lines": 0, "excluded_lines": 0, "percent_statements_covered": 100.0, "percent_statements_covered_display": "100"}, "missing_lines": [], "excluded_lines": []}, "build_exoplanet_article_draft": {"executed_lines": [56, 57, 60], "summary": {"covered_lines": 3, "num_statements": 3, "percent_covered": 100.0, "percent_covered_display": "100", "missing_lines": 0, "excluded_lines": 0, "percent_statements_covered": 100.0, "percent_statements_covered_display": "100"}, "missing_lines": [], "excluded_lines": []}, "build_star_article_draft": {"executed_lines": [68, 69, 70], "summary": {"covered_lines": 3, "num_statements": 3, "percent_covered": 100.0, "percent_covered_display": "100", "missing_lines": 0, "excluded_lines": 0, "percent_statements_covered": 100.0, "percent_statements_covered_display": "100"}, "missing_lines": [], "excluded_lines": []}, "write_separated_exoplanet_drafts": {"executed_lines": [91, 92, 93, 94, 96, 99, 100, 101, 102, 103, 104, 105, 106, 110, 113, 114, 115, 116, 117, 118], "summary": {"covered_lines": 20, "num_statements": 26, "percent_covered": 76.92307692307692, "percent_covered_display": "77", "missing_lines": 6, "excluded_lines": 0, "percent_statements_covered": 76.92307692307692, "percent_statements_covered_display": "77"}, "missing_lines": [107, 108, 119, 120, 121, 122], "excluded_lines": []}, "write_separated_star_drafts": {"executed_lines": [138, 139, 140, 141, 143, 146, 147, 148, 149, 150, 151, 157, 160, 161, 162, 163, 164, 165], "summary": {"covered_lines": 18, "num_statements": 26, "percent_covered": 69.23076923076923, "percent_covered_display": "69", "missing_lines": 8, "excluded_lines": 0, "percent_statements_covered": 69.23076923076923, "percent_statements_covered_display": "69"}, "missing_lines": [152, 153, 154, 155, 166, 167, 168, 169], "excluded_lines": []}, "persist_drafts_by_entity_type": {"executed_lines": [192, 194, 195, 198, 199, 201, 202, 205, 206, 207, 208, 209, 213, 214, 215, 216, 217, 220, 221], "summary": {"covered_lines": 19, "num_statements": 22, "percent_covered": 86.36363636363636, "percent_covered_display": "86", "missing_lines": 3, "excluded_lines": 0, "percent_statements_covered": 86.36363636363636, "percent_statements_covered_display": "86"}, "missing_lines": [225, 226, 227], "excluded_lines": []}, "": {"executed_lines": [2, 3, 5, 8, 13, 14, 17, 25, 50, 63, 78, 125, 177], "summary": {"covered_lines": 13, "num_statements": 13, "percent_covered": 100.0, "percent_covered_display": "100", "missing_lines": 0, "excluded_lines": 0, "percent_statements_covered": 100.0, "percent_statements_covered_display": "100"}, "missing_lines": [], "excluded_lines": []}}, "classes": {"": {"executed_lines": [2, 3, 5, 8, 13, 14, 17, 25, 31, 32, 34, 36, 37, 38, 39, 40, 41, 42, 50, 56, 57, 60, 63, 68, 69, 70, 78, 91, 92, 93, 94, 96, 99, 100, 101, 102, 103, 104, 105, 106, 110, 113, 114, 115, 116, 117, 118, 125, 138, 139, 140, 141, 143, 146, 147, 148, 149, 150, 151, 157, 160, 161, 162, 163, 164, 165, 177, 192, 194, 195, 198, 199, 201, 202, 205, 206, 207, 208, 209, 213, 214, 215, 216, 217, 220, 221], "summary": {"covered_lines": 86, "num_statements": 103, "percent_covered": 83.49514563106796, "percent_covered_display": "83", "missing_lines": 17, "excluded_lines": 0, "percent_statements_covered": 83.49514563106796, "percent_statements_covered_display": "83"}, "missing_lines": [107, 108, 119, 120, 121, 122, 152, 153, 154, 155, 166, 167, 168, 169, 225, 226, 227], "excluded_lines": []}}}, "src\\utils\\wikipedia\\wikipedia_checker.py": {"executed_lines": [2, 3, 4, 5, 6, 8, 13, 19, 20, 21, 23, 24, 25, 26, 27, 28, 29, 32, 33, 37, 39, 40, 41, 42, 44, 45, 46, 47, 48, 49, 51, 56, 57, 59, 60, 62, 66, 67, 68, 69, 70, 71, 72, 74, 78, 87, 89, 90, 95, 96, 105, 106, 107, 109, 112, 113, 114, 116, 117, 118, 119, 120, 122, 124, 138, 140, 148, 149, 150, 156, 157, 158, 163, 164, 174, 184, 193, 194, 197, 199, 203], "summary": {"covered_lines": 76, "num_statements": 78, "percent_covered": 97.43589743589743, "percent_covered_display": "97", "missing_lines": 2, "excluded_lines": 0, "percent_statements_covered": 97.43589743589743, "percent_statements_covered_display": "97"}, "missing_lines": [200, 201], "excluded_lines": [], "functions": {"WikipediaChecker.__init__": {"executed_lines": [40, 41, 42], "summary": {"covered_lines": 3, "num_statements": 3, "percent_covered": 100.0, "percent_covered_display": "100", "missing_lines": 0, "excluded_lines": 0, "percent_statements_covered": 100.0, "percent_statements_covered_display": "100"}, "missing_lines": [], "excluded_lines": []}, "WikipediaChecker._normalize_title": {"executed_lines": [45, 46, 47, 48, 49], "summary": {"covered_lines": 5, "num_statements": 5, "percent_covered": 100.0, "percent_covered_display": "100", "missing_lines": 0, "excluded_lines": 0, "percent_statements_covered": 100.0, "percent_statements_covered_display": "100"}, "missing_lines": [], "excluded_lines": []}, "WikipediaChecker.check_article_existence_batch": {"executed_lines": [56, 57, 59, 60, 62, 66, 67, 68, 69, 70, 71, 72, 74, 78, 87], "summary": {"covered_lines": 15, "num_statements": 15, "percent_covered": 100.0, "percent_covered_display": "100", "missing_lines": 0, "excluded_lines": 0, "percent_statements_covered": 100.0, "percent_statements_covered_display": "100"}, "missing_lines": [], "excluded_lines": []}, "WikipediaChecker.build_empty_article_info_results": {"executed_lines": [90], "summary": {"covered_lines": 1, "num_statements": 1, "percent_covered": 100.0, "percent_covered_display": "100", "missing_lines": 0, "excluded_lines": 0, "percent_statements_covered": 100.0, "percent_statements_covered_display": "100"}, "missing_lines": [], "excluded_lines": []}, "WikipediaChecker.fetch_raw_article_query_from_mediawiki": {"executed_lines": [96, 105, 106, 107], "summary": {"covered_lines": 4, "num_statements": 4, "percent_covered": 100.0, "percent_covered_display": "100", "missing_lines": 0, "excluded_lines": 0, "percent_statements_covered": 100.0, "percent_statements_covered_display": "100"}, "missing_lines": [], "excluded_lines": []}, "WikipediaChecker.build_title_normalization_and_redirect_maps": {"executed_lines": [112, 113, 114, 116, 117, 118, 119, 120, 122], "summary": {"covered_lines": 9, "num_statements": 9, "percent_covered": 100.0, "percent_covered_display": "100", "missing_lines": 0, "excluded_lines": 0, "percent_statements_covered": 100.0, "percent_statements_covered_display": "100"}, "missing_lines": [], "excluded_lines": []}, "WikipediaChecker._find_original_title": {"executed_lines": [138], "summary": {"covered_lines": 1, "num_statements": 1, "percent_covered": 100.0, "percent_covered_display": "100", "missing_lines": 0, "excluded_lines": 0, "percent_statements_covered": 100.0, "percent_statements_covered_display": "100"}, "missing_lines": [], "excluded_lines": []}, "WikipediaChecker._create_wiki_article_info": {"executed_lines": [148, 149, 150, 156, 157, 158, 163, 164, 174], "summary": {"covered_lines": 9, "num_statements": 9, "percent_covered": 100.0, "percent_covered_display": "100", "missing_lines": 0, "excluded_lines": 0, "percent_statements_covered": 100.0, "percent_statements_covered_display": "100"}, "missing_lines": [], "excluded_lines": []}, "WikipediaChecker.resolve_article_existence_from_pages": {"executed_lines": [193, 194, 197, 199, 203], "summary": {"covered_lines": 5, "num_statements": 7, "percent_covered": 71.42857142857143, "percent_covered_display": "71", "missing_lines": 2, "excluded_lines": 0, "percent_statements_covered": 71.42857142857143, "percent_statements_covered_display": "71"}, "missing_lines": [200, 201], "excluded_lines": []}, "": {"executed_lines": [2, 3, 4, 5, 6, 8, 13, 19, 20, 21, 23, 24, 25, 26, 27, 28, 29, 32, 33, 37, 39, 44, 51, 89, 95, 109, 124, 140, 184], "summary": {"covered_lines": 24, "num_statements": 24, "percent_covered": 100.0, "percent_covered_display": "100", "missing_lines": 0, "excluded_lines": 0, "percent_statements_covered": 100.0, "percent_statements_covered_display": "100"}, "missing_lines": [], "excluded_lines": []}}, "classes": {"WikiArticleInfo": {"executed_lines": [], "summary": {"covered_lines": 0, "num_statements": 0, "percent_covered": 100.0, "percent_covered_display": "100", "missing_lines": 0, "excluded_lines": 0, "percent_statements_covered": 100.0, "percent_statements_covered_display": "100"}, "missing_lines": [], "excluded_lines": []}, "WikipediaChecker": {"executed_lines": [40, 41, 42, 45, 46, 47, 48, 49, 56, 57, 59, 60, 62, 66, 67, 68, 69, 70, 71, 72, 74, 78, 87, 90, 96, 105, 106, 107, 112, 113, 114, 116, 117, 118, 119, 120, 122, 138, 148, 149, 150, 156, 157, 158, 163, 164, 174, 193, 194, 197, 199, 203], "summary": {"covered_lines": 52, "num_statements": 54, "percent_covered": 96.29629629629629, "percent_covered_display": "96", "missing_lines": 2, "excluded_lines": 0, "percent_statements_covered": 96.29629629629629, "percent_statements_covered_display": "96"}, "missing_lines": [200, 201], "excluded_lines": []}, "": {"executed_lines": [2, 3, 4, 5, 6, 8, 13, 19, 20, 21, 23, 24, 25, 26, 27, 28, 29, 32, 33, 37, 39, 44, 51, 89, 95, 109, 124, 140, 184], "summary": {"covered_lines": 24, "num_statements": 24, "percent_covered": 100.0, "percent_covered_display": "100", "missing_lines": 0, "excluded_lines": 0, "percent_statements_covered": 100.0, "percent_statements_covered_display": "100"}, "missing_lines": [], "excluded_lines": []}}}}, "totals": {"covered_lines": 3787, "num_statements": 3962, "percent_covered": 95.58303886925795, "percent_covered_display": "96", "missing_lines": 175, "excluded_lines": 0, "percent_statements_covered": 95.58303886925795, "percent_statements_covered_display": "96"}}
